#
# There is insufficient memory for the Java Runtime Environment to continue.
# Native memory allocation (malloc) failed to allocate 32744 bytes for ChunkPool::allocate
# Possible reasons:
#   The system is out of physical RAM or swap space
#   The process is running with CompressedOops enabled, and the Java Heap may be blocking the growth of the native heap
# Possible solutions:
#   Reduce memory load on the system
#   Increase physical memory or swap space
#   Check if swap backing store is full
#   Decrease Java heap size (-Xmx/-Xms)
#   Decrease number of Java threads
#   Decrease Java thread stack sizes (-Xss)
#   Set larger code cache with -XX:ReservedCodeCacheSize=
#   JVM is running with Unscaled Compressed Oops mode in which the Java heap is
#     placed in the first 4GB address space. The Java Heap base address is the
#     maximum limit for the native heap growth. Please use -XX:HeapBaseMinAddress
#     to set the Java Heap base and to place the Java Heap above 4GB virtual address.
# This output file may be truncated or incomplete.
#
#  Out of Memory Error (./src/hotspot/share/memory/arena.cpp:81), pid=8652, tid=14260
#
# JRE version: OpenJDK Runtime Environment (11.0.13) (build 11.0.13+0-b1751.21-8125866)
# Java VM: OpenJDK 64-Bit Server VM (11.0.13+0-b1751.21-8125866, mixed mode, tiered, compressed oops, g1 gc, windows-amd64)
# No core dump will be written. Minidumps are not enabled by default on client versions of Windows
#

---------------  S U M M A R Y ------------

Command Line: --add-opens=java.base/java.util=ALL-UNNAMED --add-opens=java.base/java.lang=ALL-UNNAMED --add-opens=java.base/java.lang.invoke=ALL-UNNAMED --add-opens=java.base/java.util=ALL-UNNAMED --add-opens=java.prefs/java.util.prefs=ALL-UNNAMED --add-opens=java.prefs/java.util.prefs=ALL-UNNAMED --add-opens=java.base/java.nio.charset=ALL-UNNAMED --add-opens=java.base/java.net=ALL-UNNAMED --add-opens=java.base/java.util.concurrent.atomic=ALL-UNNAMED -Xmx1536M -Dfile.encoding=windows-1252 -Duser.country=ID -Duser.language=en -Duser.variant org.gradle.launcher.daemon.bootstrap.GradleDaemon 7.4

Host: Intel(R) Celeron(R) N5100 @ 1.10GHz, 4 cores, 3G,  Windows 11 , 64 bit Build 22000 (10.0.22000.708)
Time: Thu Feb  9 15:00:29 2023 SE Asia Standard Time elapsed time: 463.552437 seconds (0d 0h 7m 43s)

---------------  T H R E A D  ---------------

Current thread (0x0000017a231b2800):  JavaThread "C2 CompilerThread0" daemon [_thread_in_native, id=14260, stack(0x0000000bd2f00000,0x0000000bd3000000)]


Current CompileTask:
C2: 463552 18890       4       org.gradle.internal.logging.sink.OutputEventTransformer::onOutput (399 bytes)

Stack: [0x0000000bd2f00000,0x0000000bd3000000]
Native frames: (J=compiled Java code, j=interpreted, Vv=VM code, C=native code)
V  [jvm.dll+0x6100fa]
V  [jvm.dll+0x747090]
V  [jvm.dll+0x7486ad]
V  [jvm.dll+0x748d83]
V  [jvm.dll+0x24ab48]
V  [jvm.dll+0xc075b]
V  [jvm.dll+0xc0a0c]
V  [jvm.dll+0x35c38d]
V  [jvm.dll+0x2da0bf]
V  [jvm.dll+0x5d6f8b]
V  [jvm.dll+0x10a16c]
V  [jvm.dll+0x33c589]
V  [jvm.dll+0x6315cc]
V  [jvm.dll+0x6307b7]
V  [jvm.dll+0x62b78c]
V  [jvm.dll+0x62524a]
V  [jvm.dll+0x6248b3]
V  [jvm.dll+0x622904]
V  [jvm.dll+0x18b5ac]
V  [jvm.dll+0x2beb9f]
V  [jvm.dll+0x62d4e5]
V  [jvm.dll+0x62524a]
V  [jvm.dll+0x6248b3]
V  [jvm.dll+0x622904]
V  [jvm.dll+0x18b5ac]
V  [jvm.dll+0x2beb9f]
V  [jvm.dll+0x62d4e5]
V  [jvm.dll+0x62524a]
V  [jvm.dll+0x6248b3]
V  [jvm.dll+0x622904]
V  [jvm.dll+0x18b5ac]
V  [jvm.dll+0x2beb9f]
V  [jvm.dll+0x62d4e5]
V  [jvm.dll+0x62524a]
V  [jvm.dll+0x6248b3]
V  [jvm.dll+0x622904]
V  [jvm.dll+0x18b5ac]
V  [jvm.dll+0x2beb9f]
V  [jvm.dll+0x62d4e5]
V  [jvm.dll+0x62524a]
V  [jvm.dll+0x6248b3]
V  [jvm.dll+0x622904]
V  [jvm.dll+0x18b5ac]
V  [jvm.dll+0x18c2f9]
V  [jvm.dll+0x2beb9f]
V  [jvm.dll+0x62d4e5]
V  [jvm.dll+0x62524a]
V  [jvm.dll+0x6248b3]
V  [jvm.dll+0x622904]
V  [jvm.dll+0x18b5ac]
V  [jvm.dll+0x18c2f9]
V  [jvm.dll+0x2beb9f]
V  [jvm.dll+0x62d4e5]
V  [jvm.dll+0x62524a]
V  [jvm.dll+0x6248b3]
V  [jvm.dll+0x622904]
V  [jvm.dll+0x18b5ac]
V  [jvm.dll+0x202155]
V  [jvm.dll+0x188e01]
V  [jvm.dll+0x21106b]
V  [jvm.dll+0x20f8c1]
V  [jvm.dll+0x70de0f]
V  [jvm.dll+0x706a75]
V  [jvm.dll+0x60ed66]
C  [ucrtbase.dll+0x26c0c]
C  [KERNEL32.DLL+0x154e0]
C  [ntdll.dll+0x485b]


---------------  P R O C E S S  ---------------

Threads class SMR info:
_java_thread_list=0x0000017a28281390, length=88, elements={
0x0000017a0a875800, 0x0000017a23149000, 0x0000017a23157000, 0x0000017a231ac800,
0x0000017a231af000, 0x0000017a231b0800, 0x0000017a231b2800, 0x0000017a231bb800,
0x0000017a231be800, 0x0000017a23c31000, 0x0000017a23c32000, 0x0000017a23c36800,
0x0000017a23c37800, 0x0000017a2555f000, 0x0000017a25560000, 0x0000017a2555a000,
0x0000017a25560800, 0x0000017a2555b000, 0x0000017a25565800, 0x0000017a25565000,
0x0000017a25566800, 0x0000017a25567000, 0x0000017a25562800, 0x0000017a27e92000,
0x0000017a27e3f800, 0x0000017a2875d000, 0x0000017a27e97800, 0x0000017a27e94800,
0x0000017a27e93800, 0x0000017a27e95000, 0x0000017a27e98800, 0x0000017a27e92800,
0x0000017a27e9a000, 0x0000017a27e9b000, 0x0000017a27e99800, 0x0000017a27e9b800,
0x0000017a27e96000, 0x0000017a27e9c800, 0x0000017a27ea0800, 0x0000017a27e9d800,
0x0000017a27e9e000, 0x0000017a27e9f000, 0x0000017a27ea0000, 0x0000017a28762000,
0x0000017a2875e800, 0x0000017a2875f800, 0x0000017a28760800, 0x0000017a28761000,
0x0000017a2875c800, 0x0000017a28763800, 0x0000017a28763000, 0x0000017a2875e000,
0x0000017a28766000, 0x0000017a28767000, 0x0000017a28767800, 0x0000017a28768800,
0x0000017a28769800, 0x0000017a2876a000, 0x0000017a28765800, 0x0000017a28764800,
0x0000017a2876b000, 0x0000017a27e3e000, 0x0000017a27e3e800, 0x0000017a27e40800,
0x0000017a27e41000, 0x0000017a27e42000, 0x0000017a27e3c800, 0x0000017a27e43000,
0x0000017a27e3d000, 0x0000017a27e46000, 0x0000017a27e47000, 0x0000017a27e48800,
0x0000017a27e49800, 0x0000017a27e43800, 0x0000017a27e4a000, 0x0000017a27e44800,
0x0000017a27e4b000, 0x0000017a27e45800, 0x0000017a25559800, 0x0000017a2555e000,
0x0000017a25561800, 0x0000017a2555c000, 0x0000017a2555c800, 0x0000017a2555d800,
0x0000017a23c32800, 0x0000017a23c35000, 0x0000017a23c33800, 0x0000017a23c34000
}

Java Threads: ( => current thread )
  0x0000017a0a875800 JavaThread "main" [_thread_blocked, id=13852, stack(0x0000000bd2300000,0x0000000bd2400000)]
  0x0000017a23149000 JavaThread "Reference Handler" daemon [_thread_blocked, id=14436, stack(0x0000000bd2a00000,0x0000000bd2b00000)]
  0x0000017a23157000 JavaThread "Finalizer" daemon [_thread_blocked, id=11188, stack(0x0000000bd2b00000,0x0000000bd2c00000)]
  0x0000017a231ac800 JavaThread "Signal Dispatcher" daemon [_thread_blocked, id=6116, stack(0x0000000bd2c00000,0x0000000bd2d00000)]
  0x0000017a231af000 JavaThread "Attach Listener" daemon [_thread_blocked, id=4356, stack(0x0000000bd2d00000,0x0000000bd2e00000)]
  0x0000017a231b0800 JavaThread "Service Thread" daemon [_thread_blocked, id=4872, stack(0x0000000bd2e00000,0x0000000bd2f00000)]
=>0x0000017a231b2800 JavaThread "C2 CompilerThread0" daemon [_thread_in_native, id=14260, stack(0x0000000bd2f00000,0x0000000bd3000000)]
  0x0000017a231bb800 JavaThread "C1 CompilerThread0" daemon [_thread_in_native, id=3168, stack(0x0000000bd3000000,0x0000000bd3100000)]
  0x0000017a231be800 JavaThread "Sweeper thread" daemon [_thread_blocked, id=15488, stack(0x0000000bd3100000,0x0000000bd3200000)]
  0x0000017a23c31000 JavaThread "Common-Cleaner" daemon [_thread_blocked, id=5380, stack(0x0000000bd3200000,0x0000000bd3300000)]
  0x0000017a23c32000 JavaThread "Daemon health stats" [_thread_blocked, id=14796, stack(0x0000000bd3500000,0x0000000bd3600000)]
  0x0000017a23c36800 JavaThread "Incoming local TCP Connector on port 62396" [_thread_in_native, id=7876, stack(0x0000000bd3600000,0x0000000bd3700000)]
  0x0000017a23c37800 JavaThread "Daemon periodic checks" [_thread_blocked, id=13740, stack(0x0000000bd3700000,0x0000000bd3800000)]
  0x0000017a2555f000 JavaThread "Cache worker for journal cache (C:\Users\Acer\.gradle\caches\journal-1)" [_thread_blocked, id=15344, stack(0x0000000bd4100000,0x0000000bd4200000)]
  0x0000017a25560000 JavaThread "File lock request listener" [_thread_in_native, id=14996, stack(0x0000000bd4200000,0x0000000bd4300000)]
  0x0000017a2555a000 JavaThread "Cache worker for file hash cache (C:\Users\Acer\.gradle\caches\7.4\fileHashes)" [_thread_blocked, id=14412, stack(0x0000000bd4300000,0x0000000bd4400000)]
  0x0000017a25560800 JavaThread "File watcher server" daemon [_thread_in_native, id=9464, stack(0x0000000bd4400000,0x0000000bd4500000)]
  0x0000017a2555b000 JavaThread "File watcher consumer" daemon [_thread_blocked, id=14936, stack(0x0000000bd4500000,0x0000000bd4600000)]
  0x0000017a25565800 JavaThread "Cache worker for execution history cache (C:\Users\Acer\.gradle\caches\7.4\executionHistory)" [_thread_blocked, id=7672, stack(0x0000000bd4a00000,0x0000000bd4b00000)]
  0x0000017a25565000 JavaThread "jar transforms" [_thread_blocked, id=12964, stack(0x0000000bd4b00000,0x0000000bd4c00000)]
  0x0000017a25566800 JavaThread "jar transforms Thread 2" [_thread_blocked, id=6016, stack(0x0000000bd4c00000,0x0000000bd4d00000)]
  0x0000017a25567000 JavaThread "Cache worker for file content cache (C:\Users\Acer\.gradle\caches\7.4\fileContent)" [_thread_blocked, id=12804, stack(0x0000000bd4d00000,0x0000000bd4e00000)]
  0x0000017a25562800 JavaThread "jar transforms Thread 3" [_thread_blocked, id=14972, stack(0x0000000bd4e00000,0x0000000bd4f00000)]
  0x0000017a27e92000 JavaThread "jar transforms Thread 4" [_thread_blocked, id=13472, stack(0x0000000bd4f00000,0x0000000bd5000000)]
  0x0000017a27e3f800 JavaThread "Memory manager" [_thread_blocked, id=9880, stack(0x0000000bd7a00000,0x0000000bd7b00000)]
  0x0000017a2875d000 JavaThread "ForkJoinPool.commonPool-worker-5" daemon [_thread_blocked, id=14816, stack(0x0000000bd8800000,0x0000000bd8900000)]
  0x0000017a27e97800 JavaThread "Daemon Thread 2" [_thread_blocked, id=15500, stack(0x0000000bd2000000,0x0000000bd2100000)]
  0x0000017a27e94800 JavaThread "Handler for socket connection from /127.0.0.1:62396 to /127.0.0.1:63066" [_thread_in_native, id=3680, stack(0x0000000bd2100000,0x0000000bd2200000)]
  0x0000017a27e93800 JavaThread "Cancel handler" [_thread_blocked, id=16708, stack(0x0000000bd2200000,0x0000000bd2300000)]
  0x0000017a27e95000 JavaThread "Daemon worker Thread 2" [_thread_blocked, id=12476, stack(0x0000000bd3800000,0x0000000bd3900000)]
  0x0000017a27e98800 JavaThread "Asynchronous log dispatcher for DefaultDaemonConnection: socket connection from /127.0.0.1:62396 to /127.0.0.1:63066" [_thread_blocked, id=7492, stack(0x0000000bd3900000,0x0000000bd3a00000)]
  0x0000017a27e92800 JavaThread "Stdin handler" [_thread_blocked, id=12848, stack(0x0000000bd3c00000,0x0000000bd3d00000)]
  0x0000017a27e9a000 JavaThread "Daemon client event forwarder" [_thread_blocked, id=7600, stack(0x0000000bd3d00000,0x0000000bd3e00000)]
  0x0000017a27e9b000 JavaThread "Cache worker for checksums cache (C:\Dart\SampurnaGroupMobile\android\.gradle\7.4\checksums)" [_thread_blocked, id=15628, stack(0x0000000bd3e00000,0x0000000bd3f00000)]
  0x0000017a27e99800 JavaThread "Cache worker for cache directory md-rule (C:\Users\Acer\.gradle\caches\7.4\md-rule)" [_thread_blocked, id=6444, stack(0x0000000bd3f00000,0x0000000bd4000000)]
  0x0000017a27e9b800 JavaThread "Cache worker for file hash cache (C:\Dart\SampurnaGroupMobile\android\.gradle\7.4\fileHashes)" [_thread_blocked, id=7712, stack(0x0000000bd4000000,0x0000000bd4100000)]
  0x0000017a27e96000 JavaThread "Cache worker for cache directory md-supplier (C:\Users\Acer\.gradle\caches\7.4\md-supplier)" [_thread_blocked, id=14788, stack(0x0000000bd4600000,0x0000000bd4700000)]
  0x0000017a27e9c800 JavaThread "Cache worker for dependencies-accessors (C:\Dart\SampurnaGroupMobile\android\.gradle\7.4\dependencies-accessors)" [_thread_blocked, id=9516, stack(0x0000000bd4700000,0x0000000bd4800000)]
  0x0000017a27ea0800 JavaThread "Cache worker for Build Output Cleanup Cache (C:\Dart\SampurnaGroupMobile\android\.gradle\buildOutputCleanup)" [_thread_blocked, id=6300, stack(0x0000000bd4800000,0x0000000bd4900000)]
  0x0000017a27e9d800 JavaThread "Unconstrained build operations" [_thread_blocked, id=16116, stack(0x0000000bd4900000,0x0000000bd4a00000)]
  0x0000017a27e9e000 JavaThread "Unconstrained build operations Thread 2" [_thread_blocked, id=4464, stack(0x0000000bd5000000,0x0000000bd5100000)]
  0x0000017a27e9f000 JavaThread "Unconstrained build operations Thread 3" [_thread_blocked, id=12232, stack(0x0000000bd5100000,0x0000000bd5200000)]
  0x0000017a27ea0000 JavaThread "Unconstrained build operations Thread 4" [_thread_blocked, id=3012, stack(0x0000000bd5200000,0x0000000bd5300000)]
  0x0000017a28762000 JavaThread "Unconstrained build operations Thread 5" [_thread_blocked, id=8664, stack(0x0000000bd5300000,0x0000000bd5400000)]
  0x0000017a2875e800 JavaThread "Unconstrained build operations Thread 6" [_thread_blocked, id=6500, stack(0x0000000bd5400000,0x0000000bd5500000)]
  0x0000017a2875f800 JavaThread "Unconstrained build operations Thread 7" [_thread_blocked, id=14744, stack(0x0000000bd5500000,0x0000000bd5600000)]
  0x0000017a28760800 JavaThread "Unconstrained build operations Thread 8" [_thread_blocked, id=15520, stack(0x0000000bd5600000,0x0000000bd5700000)]
  0x0000017a28761000 JavaThread "Unconstrained build operations Thread 9" [_thread_blocked, id=11836, stack(0x0000000bd5700000,0x0000000bd5800000)]
  0x0000017a2875c800 JavaThread "Unconstrained build operations Thread 10" [_thread_blocked, id=16936, stack(0x0000000bd5800000,0x0000000bd5900000)]
  0x0000017a28763800 JavaThread "Unconstrained build operations Thread 11" [_thread_blocked, id=16444, stack(0x0000000bd5900000,0x0000000bd5a00000)]
  0x0000017a28763000 JavaThread "Unconstrained build operations Thread 12" [_thread_blocked, id=14944, stack(0x0000000bd5a00000,0x0000000bd5b00000)]
  0x0000017a2875e000 JavaThread "Unconstrained build operations Thread 13" [_thread_blocked, id=9572, stack(0x0000000bd5b00000,0x0000000bd5c00000)]
  0x0000017a28766000 JavaThread "Unconstrained build operations Thread 14" [_thread_blocked, id=15876, stack(0x0000000bd5c00000,0x0000000bd5d00000)]
  0x0000017a28767000 JavaThread "Unconstrained build operations Thread 15" [_thread_blocked, id=15660, stack(0x0000000bd5d00000,0x0000000bd5e00000)]
  0x0000017a28767800 JavaThread "Unconstrained build operations Thread 16" [_thread_blocked, id=9108, stack(0x0000000bd5e00000,0x0000000bd5f00000)]
  0x0000017a28768800 JavaThread "Unconstrained build operations Thread 17" [_thread_blocked, id=1348, stack(0x0000000bd5f00000,0x0000000bd6000000)]
  0x0000017a28769800 JavaThread "Unconstrained build operations Thread 18" [_thread_blocked, id=11144, stack(0x0000000bd6000000,0x0000000bd6100000)]
  0x0000017a2876a000 JavaThread "Unconstrained build operations Thread 19" [_thread_blocked, id=16480, stack(0x0000000bd6100000,0x0000000bd6200000)]
  0x0000017a28765800 JavaThread "Unconstrained build operations Thread 20" [_thread_blocked, id=4564, stack(0x0000000bd6200000,0x0000000bd6300000)]
  0x0000017a28764800 JavaThread "Unconstrained build operations Thread 21" [_thread_blocked, id=4648, stack(0x0000000bd6300000,0x0000000bd6400000)]
  0x0000017a2876b000 JavaThread "Unconstrained build operations Thread 22" [_thread_blocked, id=8708, stack(0x0000000bd6400000,0x0000000bd6500000)]
  0x0000017a27e3e000 JavaThread "Unconstrained build operations Thread 23" [_thread_blocked, id=13668, stack(0x0000000bd6500000,0x0000000bd6600000)]
  0x0000017a27e3e800 JavaThread "Unconstrained build operations Thread 24" [_thread_blocked, id=15544, stack(0x0000000bd6600000,0x0000000bd6700000)]
  0x0000017a27e40800 JavaThread "Unconstrained build operations Thread 25" [_thread_blocked, id=15392, stack(0x0000000bd6700000,0x0000000bd6800000)]
  0x0000017a27e41000 JavaThread "Unconstrained build operations Thread 26" [_thread_blocked, id=548, stack(0x0000000bd6800000,0x0000000bd6900000)]
  0x0000017a27e42000 JavaThread "Unconstrained build operations Thread 27" [_thread_blocked, id=12868, stack(0x0000000bd6900000,0x0000000bd6a00000)]
  0x0000017a27e3c800 JavaThread "Unconstrained build operations Thread 28" [_thread_blocked, id=5640, stack(0x0000000bd6a00000,0x0000000bd6b00000)]
  0x0000017a27e43000 JavaThread "Unconstrained build operations Thread 29" [_thread_blocked, id=9324, stack(0x0000000bd6b00000,0x0000000bd6c00000)]
  0x0000017a27e3d000 JavaThread "Unconstrained build operations Thread 30" [_thread_blocked, id=16064, stack(0x0000000bd6c00000,0x0000000bd6d00000)]
  0x0000017a27e46000 JavaThread "Unconstrained build operations Thread 31" [_thread_blocked, id=4864, stack(0x0000000bd6d00000,0x0000000bd6e00000)]
  0x0000017a27e47000 JavaThread "Unconstrained build operations Thread 32" [_thread_blocked, id=14544, stack(0x0000000bd6e00000,0x0000000bd6f00000)]
  0x0000017a27e48800 JavaThread "Unconstrained build operations Thread 33" [_thread_blocked, id=11316, stack(0x0000000bd6f00000,0x0000000bd7000000)]
  0x0000017a27e49800 JavaThread "Unconstrained build operations Thread 34" [_thread_blocked, id=14892, stack(0x0000000bd7000000,0x0000000bd7100000)]
  0x0000017a27e43800 JavaThread "Unconstrained build operations Thread 35" [_thread_blocked, id=5016, stack(0x0000000bd7100000,0x0000000bd7200000)]
  0x0000017a27e4a000 JavaThread "Unconstrained build operations Thread 36" [_thread_blocked, id=1148, stack(0x0000000bd7200000,0x0000000bd7300000)]
  0x0000017a27e44800 JavaThread "Unconstrained build operations Thread 37" [_thread_blocked, id=15332, stack(0x0000000bd7300000,0x0000000bd7400000)]
  0x0000017a27e4b000 JavaThread "Unconstrained build operations Thread 38" [_thread_blocked, id=5456, stack(0x0000000bd7400000,0x0000000bd7500000)]
  0x0000017a27e45800 JavaThread "Unconstrained build operations Thread 39" [_thread_blocked, id=3444, stack(0x0000000bd7500000,0x0000000bd7600000)]
  0x0000017a25559800 JavaThread "Unconstrained build operations Thread 40" [_thread_blocked, id=17144, stack(0x0000000bd7600000,0x0000000bd7700000)]
  0x0000017a2555e000 JavaThread "build event listener" [_thread_blocked, id=13412, stack(0x0000000bd7700000,0x0000000bd7800000)]
  0x0000017a25561800 JavaThread "included builds" [_thread_blocked, id=2936, stack(0x0000000bd7800000,0x0000000bd7900000)]
  0x0000017a2555c000 JavaThread "Execution worker for ':'" [_thread_blocked, id=11404, stack(0x0000000bd7900000,0x0000000bd7a00000)]
  0x0000017a2555c800 JavaThread "Execution worker for ':' Thread 2" [_thread_blocked, id=5168, stack(0x0000000bd7b00000,0x0000000bd7c00000)]
  0x0000017a2555d800 JavaThread "Execution worker for ':' Thread 3" [_thread_blocked, id=14184, stack(0x0000000bd7c00000,0x0000000bd7d00000)]
  0x0000017a23c32800 JavaThread "Cache worker for execution history cache (C:\Dart\SampurnaGroupMobile\android\.gradle\7.4\executionHistory)" [_thread_blocked, id=6852, stack(0x0000000bd7d00000,0x0000000bd7e00000)]
  0x0000017a23c35000 JavaThread "Exec process Thread 4" [_thread_in_native, id=2628, stack(0x0000000bd7e00000,0x0000000bd7f00000)]
  0x0000017a23c33800 JavaThread "Exec process Thread 5" [_thread_in_native, id=13680, stack(0x0000000bd7f00000,0x0000000bd8000000)]
  0x0000017a23c34000 JavaThread "Exec process Thread 6" [_thread_in_native, id=8400, stack(0x0000000bd8000000,0x0000000bd8100000)]

Other Threads:
  0x0000017a23124800 VMThread "VM Thread" [stack: 0x0000000bd2900000,0x0000000bd2a00000] [id=6672]
  0x0000017a23c26800 WatcherThread [stack: 0x0000000bd3300000,0x0000000bd3400000] [id=12888]
  0x0000017a0a889800 GCTaskThread "GC Thread#0" [stack: 0x0000000bd2400000,0x0000000bd2500000] [id=10432]
  0x0000017a23fce000 GCTaskThread "GC Thread#1" [stack: 0x0000000bd3400000,0x0000000bd3500000] [id=2348]
  0x0000017a25687000 GCTaskThread "GC Thread#2" [stack: 0x0000000bd3a00000,0x0000000bd3b00000] [id=10072]
  0x0000017a255f1000 GCTaskThread "GC Thread#3" [stack: 0x0000000bd3b00000,0x0000000bd3c00000] [id=17036]
  0x0000017a0a8af800 ConcurrentGCThread "G1 Main Marker" [stack: 0x0000000bd2500000,0x0000000bd2600000] [id=4508]
  0x0000017a0a8b1000 ConcurrentGCThread "G1 Conc#0" [stack: 0x0000000bd2600000,0x0000000bd2700000] [id=2344]
  0x0000017a0a8fc800 ConcurrentGCThread "G1 Refine#0" [stack: 0x0000000bd2700000,0x0000000bd2800000] [id=15624]
  0x0000017a0a8fd800 ConcurrentGCThread "G1 Young RemSet Sampling" [stack: 0x0000000bd2800000,0x0000000bd2900000] [id=4632]

Threads with active compile tasks:
C2 CompilerThread0 463634 18890       4       org.gradle.internal.logging.sink.OutputEventTransformer::onOutput (399 bytes)
C1 CompilerThread0 463634 18891       3       org.gradle.internal.logging.text.AbstractLineChoppingStyledTextOutput$1::execute (140 bytes)

VM state:not at safepoint (normal execution)

VM Mutex/Monitor currently owned by a thread: None

Heap address: 0x00000000a0000000, size: 1536 MB, Compressed Oops mode: 32-bit
Narrow klass base: 0x0000000000000000, Narrow klass shift: 3
Compressed class space size: 1073741824 Address: 0x0000000100000000

Heap:
 garbage-first heap   total 304128K, used 222566K [0x00000000a0000000, 0x0000000100000000)
  region size 1024K, 39 young (39936K), 10 survivors (10240K)
 Metaspace       used 106240K, capacity 110730K, committed 111056K, reserved 1144832K
  class space    used 13602K, capacity 15131K, committed 15232K, reserved 1048576K
Heap Regions: E=young(eden), S=young(survivor), O=old, HS=humongous(starts), HC=humongous(continues), CS=collection set, F=free, A=archive, TAMS=top-at-mark-start (previous, next)
|   0|0x00000000a0000000, 0x00000000a0100000, 0x00000000a0100000|100%|HS|  |TAMS 0x00000000a0100000, 0x00000000a0000000| Complete 
|   1|0x00000000a0100000, 0x00000000a0200000, 0x00000000a0200000|100%|HC|  |TAMS 0x00000000a0200000, 0x00000000a0100000| Complete 
|   2|0x00000000a0200000, 0x00000000a0300000, 0x00000000a0300000|100%|HC|  |TAMS 0x00000000a0300000, 0x00000000a0200000| Complete 
|   3|0x00000000a0300000, 0x00000000a0400000, 0x00000000a0400000|100%| O|  |TAMS 0x00000000a0400000, 0x00000000a0300000| Untracked 
|   4|0x00000000a0400000, 0x00000000a0500000, 0x00000000a0500000|100%| O|  |TAMS 0x00000000a0500000, 0x00000000a0400000| Untracked 
|   5|0x00000000a0500000, 0x00000000a0600000, 0x00000000a0600000|100%| O|  |TAMS 0x00000000a0600000, 0x00000000a0500000| Untracked 
|   6|0x00000000a0600000, 0x00000000a0700000, 0x00000000a0700000|100%| O|  |TAMS 0x00000000a0700000, 0x00000000a0600000| Untracked 
|   7|0x00000000a0700000, 0x00000000a0800000, 0x00000000a0800000|100%| O|  |TAMS 0x00000000a0800000, 0x00000000a0700000| Untracked 
|   8|0x00000000a0800000, 0x00000000a0900000, 0x00000000a0900000|100%| O|  |TAMS 0x00000000a0900000, 0x00000000a0800000| Untracked 
|   9|0x00000000a0900000, 0x00000000a0a00000, 0x00000000a0a00000|100%| O|  |TAMS 0x00000000a0a00000, 0x00000000a0900000| Untracked 
|  10|0x00000000a0a00000, 0x00000000a0b00000, 0x00000000a0b00000|100%| O|  |TAMS 0x00000000a0b00000, 0x00000000a0a00000| Untracked 
|  11|0x00000000a0b00000, 0x00000000a0c00000, 0x00000000a0c00000|100%| O|  |TAMS 0x00000000a0c00000, 0x00000000a0b00000| Untracked 
|  12|0x00000000a0c00000, 0x00000000a0d00000, 0x00000000a0d00000|100%| O|  |TAMS 0x00000000a0d00000, 0x00000000a0c00000| Untracked 
|  13|0x00000000a0d00000, 0x00000000a0e00000, 0x00000000a0e00000|100%| O|  |TAMS 0x00000000a0e00000, 0x00000000a0d00000| Untracked 
|  14|0x00000000a0e00000, 0x00000000a0f00000, 0x00000000a0f00000|100%| O|  |TAMS 0x00000000a0f00000, 0x00000000a0e00000| Untracked 
|  15|0x00000000a0f00000, 0x00000000a1000000, 0x00000000a1000000|100%| O|  |TAMS 0x00000000a1000000, 0x00000000a0f00000| Untracked 
|  16|0x00000000a1000000, 0x00000000a1100000, 0x00000000a1100000|100%| O|  |TAMS 0x00000000a1100000, 0x00000000a1000000| Untracked 
|  17|0x00000000a1100000, 0x00000000a1200000, 0x00000000a1200000|100%| O|  |TAMS 0x00000000a1200000, 0x00000000a1100000| Untracked 
|  18|0x00000000a1200000, 0x00000000a1300000, 0x00000000a1300000|100%| O|  |TAMS 0x00000000a1300000, 0x00000000a1200000| Untracked 
|  19|0x00000000a1300000, 0x00000000a1400000, 0x00000000a1400000|100%| O|  |TAMS 0x00000000a1400000, 0x00000000a1300000| Untracked 
|  20|0x00000000a1400000, 0x00000000a1500000, 0x00000000a1500000|100%| O|  |TAMS 0x00000000a1500000, 0x00000000a1400000| Untracked 
|  21|0x00000000a1500000, 0x00000000a1600000, 0x00000000a1600000|100%| O|  |TAMS 0x00000000a1600000, 0x00000000a1500000| Untracked 
|  22|0x00000000a1600000, 0x00000000a1700000, 0x00000000a1700000|100%| O|  |TAMS 0x00000000a1700000, 0x00000000a1600000| Untracked 
|  23|0x00000000a1700000, 0x00000000a1800000, 0x00000000a1800000|100%| O|  |TAMS 0x00000000a1800000, 0x00000000a1700000| Untracked 
|  24|0x00000000a1800000, 0x00000000a1900000, 0x00000000a1900000|100%| O|  |TAMS 0x00000000a1900000, 0x00000000a1800000| Untracked 
|  25|0x00000000a1900000, 0x00000000a1a00000, 0x00000000a1a00000|100%| O|  |TAMS 0x00000000a1a00000, 0x00000000a1900000| Untracked 
|  26|0x00000000a1a00000, 0x00000000a1b00000, 0x00000000a1b00000|100%| O|  |TAMS 0x00000000a1b00000, 0x00000000a1a00000| Untracked 
|  27|0x00000000a1b00000, 0x00000000a1c00000, 0x00000000a1c00000|100%| O|  |TAMS 0x00000000a1c00000, 0x00000000a1b00000| Untracked 
|  28|0x00000000a1c00000, 0x00000000a1d00000, 0x00000000a1d00000|100%| O|  |TAMS 0x00000000a1d00000, 0x00000000a1c00000| Untracked 
|  29|0x00000000a1d00000, 0x00000000a1e00000, 0x00000000a1e00000|100%| O|  |TAMS 0x00000000a1e00000, 0x00000000a1d00000| Untracked 
|  30|0x00000000a1e00000, 0x00000000a1f00000, 0x00000000a1f00000|100%| O|  |TAMS 0x00000000a1f00000, 0x00000000a1e00000| Untracked 
|  31|0x00000000a1f00000, 0x00000000a2000000, 0x00000000a2000000|100%|HS|  |TAMS 0x00000000a2000000, 0x00000000a1f00000| Complete 
|  32|0x00000000a2000000, 0x00000000a2100000, 0x00000000a2100000|100%|HS|  |TAMS 0x00000000a2100000, 0x00000000a2000000| Complete 
|  33|0x00000000a2100000, 0x00000000a2200000, 0x00000000a2200000|100%|HS|  |TAMS 0x00000000a2200000, 0x00000000a2100000| Complete 
|  34|0x00000000a2200000, 0x00000000a2300000, 0x00000000a2300000|100%|HS|  |TAMS 0x00000000a2300000, 0x00000000a2200000| Complete 
|  35|0x00000000a2300000, 0x00000000a2400000, 0x00000000a2400000|100%|HS|  |TAMS 0x00000000a2400000, 0x00000000a2300000| Complete 
|  36|0x00000000a2400000, 0x00000000a2500000, 0x00000000a2500000|100%|HC|  |TAMS 0x00000000a2500000, 0x00000000a2400000| Complete 
|  37|0x00000000a2500000, 0x00000000a2600000, 0x00000000a2600000|100%|HC|  |TAMS 0x00000000a2600000, 0x00000000a2500000| Complete 
|  38|0x00000000a2600000, 0x00000000a2700000, 0x00000000a2700000|100%|HS|  |TAMS 0x00000000a2700000, 0x00000000a2600000| Complete 
|  39|0x00000000a2700000, 0x00000000a2800000, 0x00000000a2800000|100%|HC|  |TAMS 0x00000000a2800000, 0x00000000a2700000| Complete 
|  40|0x00000000a2800000, 0x00000000a2900000, 0x00000000a2900000|100%| O|  |TAMS 0x00000000a2900000, 0x00000000a2800000| Untracked 
|  41|0x00000000a2900000, 0x00000000a2a00000, 0x00000000a2a00000|100%| O|  |TAMS 0x00000000a2a00000, 0x00000000a2900000| Untracked 
|  42|0x00000000a2a00000, 0x00000000a2b00000, 0x00000000a2b00000|100%| O|  |TAMS 0x00000000a2b00000, 0x00000000a2a00000| Untracked 
|  43|0x00000000a2b00000, 0x00000000a2c00000, 0x00000000a2c00000|100%| O|  |TAMS 0x00000000a2c00000, 0x00000000a2b00000| Untracked 
|  44|0x00000000a2c00000, 0x00000000a2d00000, 0x00000000a2d00000|100%| O|  |TAMS 0x00000000a2d00000, 0x00000000a2c00000| Untracked 
|  45|0x00000000a2d00000, 0x00000000a2e00000, 0x00000000a2e00000|100%| O|  |TAMS 0x00000000a2e00000, 0x00000000a2d00000| Untracked 
|  46|0x00000000a2e00000, 0x00000000a2f00000, 0x00000000a2f00000|100%| O|  |TAMS 0x00000000a2f00000, 0x00000000a2e00000| Untracked 
|  47|0x00000000a2f00000, 0x00000000a3000000, 0x00000000a3000000|100%| O|  |TAMS 0x00000000a3000000, 0x00000000a2f00000| Untracked 
|  48|0x00000000a3000000, 0x00000000a3100000, 0x00000000a3100000|100%| O|  |TAMS 0x00000000a3100000, 0x00000000a3000000| Untracked 
|  49|0x00000000a3100000, 0x00000000a3200000, 0x00000000a3200000|100%| O|  |TAMS 0x00000000a3200000, 0x00000000a3100000| Untracked 
|  50|0x00000000a3200000, 0x00000000a3300000, 0x00000000a3300000|100%| O|  |TAMS 0x00000000a3300000, 0x00000000a3200000| Untracked 
|  51|0x00000000a3300000, 0x00000000a3400000, 0x00000000a3400000|100%| O|  |TAMS 0x00000000a3400000, 0x00000000a3300000| Untracked 
|  52|0x00000000a3400000, 0x00000000a3500000, 0x00000000a3500000|100%| O|  |TAMS 0x00000000a3500000, 0x00000000a3400000| Untracked 
|  53|0x00000000a3500000, 0x00000000a3600000, 0x00000000a3600000|100%| O|  |TAMS 0x00000000a3600000, 0x00000000a3500000| Untracked 
|  54|0x00000000a3600000, 0x00000000a3700000, 0x00000000a3700000|100%| O|  |TAMS 0x00000000a3700000, 0x00000000a3600000| Untracked 
|  55|0x00000000a3700000, 0x00000000a3800000, 0x00000000a3800000|100%| O|  |TAMS 0x00000000a3800000, 0x00000000a3700000| Untracked 
|  56|0x00000000a3800000, 0x00000000a3900000, 0x00000000a3900000|100%| O|  |TAMS 0x00000000a3900000, 0x00000000a3800000| Untracked 
|  57|0x00000000a3900000, 0x00000000a3a00000, 0x00000000a3a00000|100%| O|  |TAMS 0x00000000a3a00000, 0x00000000a3900000| Untracked 
|  58|0x00000000a3a00000, 0x00000000a3b00000, 0x00000000a3b00000|100%|HS|  |TAMS 0x00000000a3b00000, 0x00000000a3a00000| Complete 
|  59|0x00000000a3b00000, 0x00000000a3c00000, 0x00000000a3c00000|100%|HS|  |TAMS 0x00000000a3c00000, 0x00000000a3b00000| Complete 
|  60|0x00000000a3c00000, 0x00000000a3d00000, 0x00000000a3d00000|100%|HC|  |TAMS 0x00000000a3d00000, 0x00000000a3c00000| Complete 
|  61|0x00000000a3d00000, 0x00000000a3e00000, 0x00000000a3e00000|100%| O|  |TAMS 0x00000000a3e00000, 0x00000000a3d00000| Untracked 
|  62|0x00000000a3e00000, 0x00000000a3f00000, 0x00000000a3f00000|100%| O|  |TAMS 0x00000000a3f00000, 0x00000000a3e00000| Untracked 
|  63|0x00000000a3f00000, 0x00000000a4000000, 0x00000000a4000000|100%| O|  |TAMS 0x00000000a4000000, 0x00000000a3f00000| Untracked 
|  64|0x00000000a4000000, 0x00000000a4100000, 0x00000000a4100000|100%| O|  |TAMS 0x00000000a4100000, 0x00000000a4000000| Untracked 
|  65|0x00000000a4100000, 0x00000000a4200000, 0x00000000a4200000|100%| O|  |TAMS 0x00000000a4200000, 0x00000000a4100000| Untracked 
|  66|0x00000000a4200000, 0x00000000a4300000, 0x00000000a4300000|100%| O|  |TAMS 0x00000000a4300000, 0x00000000a4200000| Untracked 
|  67|0x00000000a4300000, 0x00000000a4400000, 0x00000000a4400000|100%| O|  |TAMS 0x00000000a4400000, 0x00000000a4300000| Untracked 
|  68|0x00000000a4400000, 0x00000000a4500000, 0x00000000a4500000|100%| O|  |TAMS 0x00000000a4500000, 0x00000000a4400000| Untracked 
|  69|0x00000000a4500000, 0x00000000a4600000, 0x00000000a4600000|100%| O|  |TAMS 0x00000000a4600000, 0x00000000a4500000| Untracked 
|  70|0x00000000a4600000, 0x00000000a4700000, 0x00000000a4700000|100%| O|  |TAMS 0x00000000a4700000, 0x00000000a4600000| Untracked 
|  71|0x00000000a4700000, 0x00000000a4800000, 0x00000000a4800000|100%| O|  |TAMS 0x00000000a4800000, 0x00000000a4700000| Untracked 
|  72|0x00000000a4800000, 0x00000000a4900000, 0x00000000a4900000|100%| O|  |TAMS 0x00000000a4900000, 0x00000000a4800000| Untracked 
|  73|0x00000000a4900000, 0x00000000a4a00000, 0x00000000a4a00000|100%| O|  |TAMS 0x00000000a4a00000, 0x00000000a4900000| Untracked 
|  74|0x00000000a4a00000, 0x00000000a4b00000, 0x00000000a4b00000|100%| O|  |TAMS 0x00000000a4b00000, 0x00000000a4a00000| Untracked 
|  75|0x00000000a4b00000, 0x00000000a4c00000, 0x00000000a4c00000|100%| O|  |TAMS 0x00000000a4c00000, 0x00000000a4b00000| Untracked 
|  76|0x00000000a4c00000, 0x00000000a4d00000, 0x00000000a4d00000|100%| O|  |TAMS 0x00000000a4d00000, 0x00000000a4c00000| Untracked 
|  77|0x00000000a4d00000, 0x00000000a4e00000, 0x00000000a4e00000|100%| O|  |TAMS 0x00000000a4e00000, 0x00000000a4d00000| Untracked 
|  78|0x00000000a4e00000, 0x00000000a4f00000, 0x00000000a4f00000|100%| O|  |TAMS 0x00000000a4f00000, 0x00000000a4e00000| Untracked 
|  79|0x00000000a4f00000, 0x00000000a5000000, 0x00000000a5000000|100%| O|  |TAMS 0x00000000a5000000, 0x00000000a4f00000| Untracked 
|  80|0x00000000a5000000, 0x00000000a5100000, 0x00000000a5100000|100%| O|  |TAMS 0x00000000a5100000, 0x00000000a5000000| Untracked 
|  81|0x00000000a5100000, 0x00000000a5200000, 0x00000000a5200000|100%|HS|  |TAMS 0x00000000a5200000, 0x00000000a5100000| Complete 
|  82|0x00000000a5200000, 0x00000000a5300000, 0x00000000a5300000|100%|HS|  |TAMS 0x00000000a5300000, 0x00000000a5200000| Complete 
|  83|0x00000000a5300000, 0x00000000a5400000, 0x00000000a5400000|100%| O|  |TAMS 0x00000000a5400000, 0x00000000a5300000| Untracked 
|  84|0x00000000a5400000, 0x00000000a5500000, 0x00000000a5500000|100%| O|  |TAMS 0x00000000a5500000, 0x00000000a5400000| Untracked 
|  85|0x00000000a5500000, 0x00000000a5600000, 0x00000000a5600000|100%| O|  |TAMS 0x00000000a5600000, 0x00000000a5500000| Untracked 
|  86|0x00000000a5600000, 0x00000000a5700000, 0x00000000a5700000|100%| O|  |TAMS 0x00000000a5700000, 0x00000000a5600000| Untracked 
|  87|0x00000000a5700000, 0x00000000a5800000, 0x00000000a5800000|100%| O|  |TAMS 0x00000000a5800000, 0x00000000a5700000| Untracked 
|  88|0x00000000a5800000, 0x00000000a5900000, 0x00000000a5900000|100%| O|  |TAMS 0x00000000a5900000, 0x00000000a5800000| Untracked 
|  89|0x00000000a5900000, 0x00000000a5a00000, 0x00000000a5a00000|100%| O|  |TAMS 0x00000000a5a00000, 0x00000000a5900000| Untracked 
|  90|0x00000000a5a00000, 0x00000000a5b00000, 0x00000000a5b00000|100%| O|  |TAMS 0x00000000a5b00000, 0x00000000a5a00000| Untracked 
|  91|0x00000000a5b00000, 0x00000000a5c00000, 0x00000000a5c00000|100%| O|  |TAMS 0x00000000a5c00000, 0x00000000a5b00000| Untracked 
|  92|0x00000000a5c00000, 0x00000000a5d00000, 0x00000000a5d00000|100%| O|  |TAMS 0x00000000a5d00000, 0x00000000a5c00000| Untracked 
|  93|0x00000000a5d00000, 0x00000000a5e00000, 0x00000000a5e00000|100%| O|  |TAMS 0x00000000a5e00000, 0x00000000a5d00000| Untracked 
|  94|0x00000000a5e00000, 0x00000000a5f00000, 0x00000000a5f00000|100%| O|  |TAMS 0x00000000a5f00000, 0x00000000a5e00000| Untracked 
|  95|0x00000000a5f00000, 0x00000000a6000000, 0x00000000a6000000|100%| O|  |TAMS 0x00000000a6000000, 0x00000000a5f00000| Untracked 
|  96|0x00000000a6000000, 0x00000000a6100000, 0x00000000a6100000|100%| O|  |TAMS 0x00000000a6100000, 0x00000000a6000000| Untracked 
|  97|0x00000000a6100000, 0x00000000a6200000, 0x00000000a6200000|100%| O|  |TAMS 0x00000000a6200000, 0x00000000a6100000| Untracked 
|  98|0x00000000a6200000, 0x00000000a6300000, 0x00000000a6300000|100%| O|  |TAMS 0x00000000a6300000, 0x00000000a6200000| Untracked 
|  99|0x00000000a6300000, 0x00000000a6400000, 0x00000000a6400000|100%| O|  |TAMS 0x00000000a6400000, 0x00000000a6300000| Untracked 
| 100|0x00000000a6400000, 0x00000000a6500000, 0x00000000a6500000|100%| O|  |TAMS 0x00000000a6500000, 0x00000000a6400000| Untracked 
| 101|0x00000000a6500000, 0x00000000a6600000, 0x00000000a6600000|100%| O|  |TAMS 0x00000000a6600000, 0x00000000a6500000| Untracked 
| 102|0x00000000a6600000, 0x00000000a6700000, 0x00000000a6700000|100%| O|  |TAMS 0x00000000a6700000, 0x00000000a6600000| Untracked 
| 103|0x00000000a6700000, 0x00000000a6800000, 0x00000000a6800000|100%| O|  |TAMS 0x00000000a6800000, 0x00000000a6700000| Untracked 
| 104|0x00000000a6800000, 0x00000000a6900000, 0x00000000a6900000|100%|HS|  |TAMS 0x00000000a6900000, 0x00000000a6800000| Complete 
| 105|0x00000000a6900000, 0x00000000a6a00000, 0x00000000a6a00000|100%|HS|  |TAMS 0x00000000a6a00000, 0x00000000a6900000| Complete 
| 106|0x00000000a6a00000, 0x00000000a6b00000, 0x00000000a6b00000|100%| O|  |TAMS 0x00000000a6b00000, 0x00000000a6a00000| Untracked 
| 107|0x00000000a6b00000, 0x00000000a6c00000, 0x00000000a6c00000|100%| O|  |TAMS 0x00000000a6c00000, 0x00000000a6b00000| Untracked 
| 108|0x00000000a6c00000, 0x00000000a6d00000, 0x00000000a6d00000|100%| O|  |TAMS 0x00000000a6d00000, 0x00000000a6c00000| Untracked 
| 109|0x00000000a6d00000, 0x00000000a6e00000, 0x00000000a6e00000|100%| O|  |TAMS 0x00000000a6e00000, 0x00000000a6d00000| Untracked 
| 110|0x00000000a6e00000, 0x00000000a6f00000, 0x00000000a6f00000|100%| O|  |TAMS 0x00000000a6f00000, 0x00000000a6e00000| Untracked 
| 111|0x00000000a6f00000, 0x00000000a7000000, 0x00000000a7000000|100%| O|  |TAMS 0x00000000a7000000, 0x00000000a6f00000| Untracked 
| 112|0x00000000a7000000, 0x00000000a7100000, 0x00000000a7100000|100%| O|  |TAMS 0x00000000a7100000, 0x00000000a7000000| Untracked 
| 113|0x00000000a7100000, 0x00000000a7200000, 0x00000000a7200000|100%| O|  |TAMS 0x00000000a7200000, 0x00000000a7100000| Untracked 
| 114|0x00000000a7200000, 0x00000000a7300000, 0x00000000a7300000|100%| O|  |TAMS 0x00000000a7300000, 0x00000000a7200000| Untracked 
| 115|0x00000000a7300000, 0x00000000a7400000, 0x00000000a7400000|100%| O|  |TAMS 0x00000000a7400000, 0x00000000a7300000| Untracked 
| 116|0x00000000a7400000, 0x00000000a7500000, 0x00000000a7500000|100%| O|  |TAMS 0x00000000a7500000, 0x00000000a7400000| Untracked 
| 117|0x00000000a7500000, 0x00000000a7600000, 0x00000000a7600000|100%| O|  |TAMS 0x00000000a7600000, 0x00000000a7500000| Untracked 
| 118|0x00000000a7600000, 0x00000000a7700000, 0x00000000a7700000|100%| O|  |TAMS 0x00000000a7700000, 0x00000000a7600000| Untracked 
| 119|0x00000000a7700000, 0x00000000a7800000, 0x00000000a7800000|100%| O|  |TAMS 0x00000000a7800000, 0x00000000a7700000| Untracked 
| 120|0x00000000a7800000, 0x00000000a7900000, 0x00000000a7900000|100%| O|  |TAMS 0x00000000a7900000, 0x00000000a7800000| Untracked 
| 121|0x00000000a7900000, 0x00000000a7a00000, 0x00000000a7a00000|100%| O|  |TAMS 0x00000000a7a00000, 0x00000000a7900000| Untracked 
| 122|0x00000000a7a00000, 0x00000000a7b00000, 0x00000000a7b00000|100%| O|  |TAMS 0x00000000a7b00000, 0x00000000a7a00000| Untracked 
| 123|0x00000000a7b00000, 0x00000000a7c00000, 0x00000000a7c00000|100%| O|  |TAMS 0x00000000a7c00000, 0x00000000a7b00000| Untracked 
| 124|0x00000000a7c00000, 0x00000000a7d00000, 0x00000000a7d00000|100%| O|  |TAMS 0x00000000a7d00000, 0x00000000a7c00000| Untracked 
| 125|0x00000000a7d00000, 0x00000000a7e00000, 0x00000000a7e00000|100%| O|  |TAMS 0x00000000a7e00000, 0x00000000a7d00000| Untracked 
| 126|0x00000000a7e00000, 0x00000000a7f00000, 0x00000000a7f00000|100%| O|  |TAMS 0x00000000a7f00000, 0x00000000a7e00000| Untracked 
| 127|0x00000000a7f00000, 0x00000000a8000000, 0x00000000a8000000|100%| O|  |TAMS 0x00000000a8000000, 0x00000000a7f00000| Untracked 
| 128|0x00000000a8000000, 0x00000000a8100000, 0x00000000a8100000|100%| O|  |TAMS 0x00000000a8100000, 0x00000000a8000000| Untracked 
| 129|0x00000000a8100000, 0x00000000a8200000, 0x00000000a8200000|100%| O|  |TAMS 0x00000000a8200000, 0x00000000a8100000| Untracked 
| 130|0x00000000a8200000, 0x00000000a8300000, 0x00000000a8300000|100%| O|  |TAMS 0x00000000a8300000, 0x00000000a8200000| Untracked 
| 131|0x00000000a8300000, 0x00000000a8400000, 0x00000000a8400000|100%| O|  |TAMS 0x00000000a8400000, 0x00000000a8300000| Untracked 
| 132|0x00000000a8400000, 0x00000000a8500000, 0x00000000a8500000|100%| O|  |TAMS 0x00000000a8500000, 0x00000000a8400000| Untracked 
| 133|0x00000000a8500000, 0x00000000a8600000, 0x00000000a8600000|100%| O|  |TAMS 0x00000000a8600000, 0x00000000a8500000| Untracked 
| 134|0x00000000a8600000, 0x00000000a8700000, 0x00000000a8700000|100%| O|  |TAMS 0x00000000a8700000, 0x00000000a8600000| Untracked 
| 135|0x00000000a8700000, 0x00000000a8800000, 0x00000000a8800000|100%| O|  |TAMS 0x00000000a8800000, 0x00000000a8700000| Untracked 
| 136|0x00000000a8800000, 0x00000000a8900000, 0x00000000a8900000|100%| O|  |TAMS 0x00000000a8900000, 0x00000000a8800000| Untracked 
| 137|0x00000000a8900000, 0x00000000a8a00000, 0x00000000a8a00000|100%| O|  |TAMS 0x00000000a8a00000, 0x00000000a8900000| Untracked 
| 138|0x00000000a8a00000, 0x00000000a8b00000, 0x00000000a8b00000|100%| O|  |TAMS 0x00000000a8b00000, 0x00000000a8a00000| Untracked 
| 139|0x00000000a8b00000, 0x00000000a8c00000, 0x00000000a8c00000|100%| O|  |TAMS 0x00000000a8c00000, 0x00000000a8b00000| Untracked 
| 140|0x00000000a8c00000, 0x00000000a8d00000, 0x00000000a8d00000|100%| O|  |TAMS 0x00000000a8d00000, 0x00000000a8c00000| Untracked 
| 141|0x00000000a8d00000, 0x00000000a8e00000, 0x00000000a8e00000|100%| O|  |TAMS 0x00000000a8e00000, 0x00000000a8d00000| Untracked 
| 142|0x00000000a8e00000, 0x00000000a8f00000, 0x00000000a8f00000|100%| O|  |TAMS 0x00000000a8f00000, 0x00000000a8e00000| Untracked 
| 143|0x00000000a8f00000, 0x00000000a9000000, 0x00000000a9000000|100%| O|  |TAMS 0x00000000a9000000, 0x00000000a8f00000| Untracked 
| 144|0x00000000a9000000, 0x00000000a9100000, 0x00000000a9100000|100%| O|  |TAMS 0x00000000a9100000, 0x00000000a9000000| Untracked 
| 145|0x00000000a9100000, 0x00000000a9200000, 0x00000000a9200000|100%| O|  |TAMS 0x00000000a9200000, 0x00000000a9100000| Untracked 
| 146|0x00000000a9200000, 0x00000000a9300000, 0x00000000a9300000|100%| O|  |TAMS 0x00000000a9300000, 0x00000000a9200000| Untracked 
| 147|0x00000000a9300000, 0x00000000a9400000, 0x00000000a9400000|100%| O|  |TAMS 0x00000000a9400000, 0x00000000a9300000| Untracked 
| 148|0x00000000a9400000, 0x00000000a9500000, 0x00000000a9500000|100%| O|  |TAMS 0x00000000a9500000, 0x00000000a9400000| Untracked 
| 149|0x00000000a9500000, 0x00000000a9600000, 0x00000000a9600000|100%| O|  |TAMS 0x00000000a9600000, 0x00000000a9500000| Untracked 
| 150|0x00000000a9600000, 0x00000000a9700000, 0x00000000a9700000|100%| O|  |TAMS 0x00000000a9700000, 0x00000000a9600000| Untracked 
| 151|0x00000000a9700000, 0x00000000a9800000, 0x00000000a9800000|100%| O|  |TAMS 0x00000000a9800000, 0x00000000a9700000| Untracked 
| 152|0x00000000a9800000, 0x00000000a9900000, 0x00000000a9900000|100%| O|  |TAMS 0x00000000a9900000, 0x00000000a9800000| Untracked 
| 153|0x00000000a9900000, 0x00000000a9a00000, 0x00000000a9a00000|100%| O|  |TAMS 0x00000000a9a00000, 0x00000000a9900000| Untracked 
| 154|0x00000000a9a00000, 0x00000000a9b00000, 0x00000000a9b00000|100%| O|  |TAMS 0x00000000a9b00000, 0x00000000a9a00000| Untracked 
| 155|0x00000000a9b00000, 0x00000000a9c00000, 0x00000000a9c00000|100%| O|  |TAMS 0x00000000a9b8f800, 0x00000000a9b00000| Untracked 
| 156|0x00000000a9c00000, 0x00000000a9d00000, 0x00000000a9d00000|100%| O|  |TAMS 0x00000000a9c00000, 0x00000000a9c00000| Untracked 
| 157|0x00000000a9d00000, 0x00000000a9e00000, 0x00000000a9e00000|100%| O|  |TAMS 0x00000000a9d00000, 0x00000000a9d00000| Untracked 
| 158|0x00000000a9e00000, 0x00000000a9f00000, 0x00000000a9f00000|100%| O|  |TAMS 0x00000000a9e00000, 0x00000000a9e00000| Untracked 
| 159|0x00000000a9f00000, 0x00000000aa000000, 0x00000000aa000000|100%| O|  |TAMS 0x00000000a9f00000, 0x00000000a9f00000| Untracked 
| 160|0x00000000aa000000, 0x00000000aa100000, 0x00000000aa100000|100%| O|  |TAMS 0x00000000aa000000, 0x00000000aa000000| Untracked 
| 161|0x00000000aa100000, 0x00000000aa200000, 0x00000000aa200000|100%| O|  |TAMS 0x00000000aa100000, 0x00000000aa100000| Untracked 
| 162|0x00000000aa200000, 0x00000000aa300000, 0x00000000aa300000|100%| O|  |TAMS 0x00000000aa200000, 0x00000000aa200000| Untracked 
| 163|0x00000000aa300000, 0x00000000aa400000, 0x00000000aa400000|100%| O|  |TAMS 0x00000000aa300000, 0x00000000aa300000| Untracked 
| 164|0x00000000aa400000, 0x00000000aa500000, 0x00000000aa500000|100%| O|  |TAMS 0x00000000aa400000, 0x00000000aa400000| Untracked 
| 165|0x00000000aa500000, 0x00000000aa600000, 0x00000000aa600000|100%| O|  |TAMS 0x00000000aa500000, 0x00000000aa500000| Untracked 
| 166|0x00000000aa600000, 0x00000000aa700000, 0x00000000aa700000|100%| O|  |TAMS 0x00000000aa600000, 0x00000000aa600000| Untracked 
| 167|0x00000000aa700000, 0x00000000aa800000, 0x00000000aa800000|100%| O|  |TAMS 0x00000000aa700000, 0x00000000aa700000| Untracked 
| 168|0x00000000aa800000, 0x00000000aa900000, 0x00000000aa900000|100%| O|  |TAMS 0x00000000aa800000, 0x00000000aa800000| Untracked 
| 169|0x00000000aa900000, 0x00000000aaa00000, 0x00000000aaa00000|100%| O|  |TAMS 0x00000000aa900000, 0x00000000aa900000| Untracked 
| 170|0x00000000aaa00000, 0x00000000aab00000, 0x00000000aab00000|100%| O|  |TAMS 0x00000000aaa00000, 0x00000000aaa00000| Untracked 
| 171|0x00000000aab00000, 0x00000000aac00000, 0x00000000aac00000|100%| O|  |TAMS 0x00000000aab00000, 0x00000000aab00000| Untracked 
| 172|0x00000000aac00000, 0x00000000aad00000, 0x00000000aad00000|100%| O|  |TAMS 0x00000000aac00000, 0x00000000aac00000| Untracked 
| 173|0x00000000aad00000, 0x00000000aae00000, 0x00000000aae00000|100%| O|  |TAMS 0x00000000aad00000, 0x00000000aad00000| Untracked 
| 174|0x00000000aae00000, 0x00000000aaf00000, 0x00000000aaf00000|100%| O|  |TAMS 0x00000000aae00000, 0x00000000aae00000| Untracked 
| 175|0x00000000aaf00000, 0x00000000ab000000, 0x00000000ab000000|100%| O|  |TAMS 0x00000000aaf00000, 0x00000000aaf00000| Untracked 
| 176|0x00000000ab000000, 0x00000000ab100000, 0x00000000ab100000|100%| O|  |TAMS 0x00000000ab000000, 0x00000000ab000000| Untracked 
| 177|0x00000000ab100000, 0x00000000ab159800, 0x00000000ab200000| 34%| O|  |TAMS 0x00000000ab100000, 0x00000000ab100000| Untracked 
| 178|0x00000000ab200000, 0x00000000ab200000, 0x00000000ab300000|  0%| F|  |TAMS 0x00000000ab200000, 0x00000000ab200000| Untracked 
| 179|0x00000000ab300000, 0x00000000ab300000, 0x00000000ab400000|  0%| F|  |TAMS 0x00000000ab300000, 0x00000000ab300000| Untracked 
| 180|0x00000000ab400000, 0x00000000ab400000, 0x00000000ab500000|  0%| F|  |TAMS 0x00000000ab400000, 0x00000000ab400000| Untracked 
| 181|0x00000000ab500000, 0x00000000ab500000, 0x00000000ab600000|  0%| F|  |TAMS 0x00000000ab500000, 0x00000000ab500000| Untracked 
| 182|0x00000000ab600000, 0x00000000ab600000, 0x00000000ab700000|  0%| F|  |TAMS 0x00000000ab600000, 0x00000000ab600000| Untracked 
| 183|0x00000000ab700000, 0x00000000ab700000, 0x00000000ab800000|  0%| F|  |TAMS 0x00000000ab700000, 0x00000000ab700000| Untracked 
| 184|0x00000000ab800000, 0x00000000ab800000, 0x00000000ab900000|  0%| F|  |TAMS 0x00000000ab800000, 0x00000000ab800000| Untracked 
| 185|0x00000000ab900000, 0x00000000ab900000, 0x00000000aba00000|  0%| F|  |TAMS 0x00000000ab900000, 0x00000000ab900000| Untracked 
| 186|0x00000000aba00000, 0x00000000aba00000, 0x00000000abb00000|  0%| F|  |TAMS 0x00000000aba00000, 0x00000000aba00000| Untracked 
| 187|0x00000000abb00000, 0x00000000abb00000, 0x00000000abc00000|  0%| F|  |TAMS 0x00000000abb00000, 0x00000000abb00000| Untracked 
| 188|0x00000000abc00000, 0x00000000abc00000, 0x00000000abd00000|  0%| F|  |TAMS 0x00000000abc00000, 0x00000000abc00000| Untracked 
| 189|0x00000000abd00000, 0x00000000abd00000, 0x00000000abe00000|  0%| F|  |TAMS 0x00000000abd00000, 0x00000000abd00000| Untracked 
| 190|0x00000000abe00000, 0x00000000abe00000, 0x00000000abf00000|  0%| F|  |TAMS 0x00000000abe00000, 0x00000000abe00000| Untracked 
| 191|0x00000000abf00000, 0x00000000abf00000, 0x00000000ac000000|  0%| F|  |TAMS 0x00000000abf00000, 0x00000000abf00000| Untracked 
| 192|0x00000000ac000000, 0x00000000ac000000, 0x00000000ac100000|  0%| F|  |TAMS 0x00000000ac000000, 0x00000000ac000000| Untracked 
| 193|0x00000000ac100000, 0x00000000ac100000, 0x00000000ac200000|  0%| F|  |TAMS 0x00000000ac100000, 0x00000000ac100000| Untracked 
| 194|0x00000000ac200000, 0x00000000ac200000, 0x00000000ac300000|  0%| F|  |TAMS 0x00000000ac200000, 0x00000000ac200000| Untracked 
| 195|0x00000000ac300000, 0x00000000ac300000, 0x00000000ac400000|  0%| F|  |TAMS 0x00000000ac300000, 0x00000000ac300000| Untracked 
| 196|0x00000000ac400000, 0x00000000ac400000, 0x00000000ac500000|  0%| F|  |TAMS 0x00000000ac400000, 0x00000000ac400000| Untracked 
| 197|0x00000000ac500000, 0x00000000ac500000, 0x00000000ac600000|  0%| F|  |TAMS 0x00000000ac500000, 0x00000000ac500000| Untracked 
| 198|0x00000000ac600000, 0x00000000ac600000, 0x00000000ac700000|  0%| F|  |TAMS 0x00000000ac600000, 0x00000000ac600000| Untracked 
| 199|0x00000000ac700000, 0x00000000ac700000, 0x00000000ac800000|  0%| F|  |TAMS 0x00000000ac700000, 0x00000000ac700000| Untracked 
| 200|0x00000000ac800000, 0x00000000ac800000, 0x00000000ac900000|  0%| F|  |TAMS 0x00000000ac800000, 0x00000000ac800000| Untracked 
| 201|0x00000000ac900000, 0x00000000ac900000, 0x00000000aca00000|  0%| F|  |TAMS 0x00000000ac900000, 0x00000000ac900000| Untracked 
| 202|0x00000000aca00000, 0x00000000aca00000, 0x00000000acb00000|  0%| F|  |TAMS 0x00000000aca00000, 0x00000000aca00000| Untracked 
| 203|0x00000000acb00000, 0x00000000acb00000, 0x00000000acc00000|  0%| F|  |TAMS 0x00000000acb00000, 0x00000000acb00000| Untracked 
| 204|0x00000000acc00000, 0x00000000acc00000, 0x00000000acd00000|  0%| F|  |TAMS 0x00000000acc00000, 0x00000000acc00000| Untracked 
| 205|0x00000000acd00000, 0x00000000acd00000, 0x00000000ace00000|  0%| F|  |TAMS 0x00000000acd00000, 0x00000000acd00000| Untracked 
| 206|0x00000000ace00000, 0x00000000ace00000, 0x00000000acf00000|  0%| F|  |TAMS 0x00000000ace00000, 0x00000000ace00000| Untracked 
| 207|0x00000000acf00000, 0x00000000acf00000, 0x00000000ad000000|  0%| F|  |TAMS 0x00000000acf00000, 0x00000000acf00000| Untracked 
| 208|0x00000000ad000000, 0x00000000ad000000, 0x00000000ad100000|  0%| F|  |TAMS 0x00000000ad000000, 0x00000000ad000000| Untracked 
| 209|0x00000000ad100000, 0x00000000ad100000, 0x00000000ad200000|  0%| F|  |TAMS 0x00000000ad100000, 0x00000000ad100000| Untracked 
| 210|0x00000000ad200000, 0x00000000ad200000, 0x00000000ad300000|  0%| F|  |TAMS 0x00000000ad200000, 0x00000000ad200000| Untracked 
| 211|0x00000000ad300000, 0x00000000ad300000, 0x00000000ad400000|  0%| F|  |TAMS 0x00000000ad300000, 0x00000000ad300000| Untracked 
| 212|0x00000000ad400000, 0x00000000ad400000, 0x00000000ad500000|  0%| F|  |TAMS 0x00000000ad400000, 0x00000000ad400000| Untracked 
| 213|0x00000000ad500000, 0x00000000ad500000, 0x00000000ad600000|  0%| F|  |TAMS 0x00000000ad500000, 0x00000000ad500000| Untracked 
| 214|0x00000000ad600000, 0x00000000ad600000, 0x00000000ad700000|  0%| F|  |TAMS 0x00000000ad600000, 0x00000000ad600000| Untracked 
| 215|0x00000000ad700000, 0x00000000ad700000, 0x00000000ad800000|  0%| F|  |TAMS 0x00000000ad700000, 0x00000000ad700000| Untracked 
| 216|0x00000000ad800000, 0x00000000ad800000, 0x00000000ad900000|  0%| F|  |TAMS 0x00000000ad800000, 0x00000000ad800000| Untracked 
| 217|0x00000000ad900000, 0x00000000ad900000, 0x00000000ada00000|  0%| F|  |TAMS 0x00000000ad900000, 0x00000000ad900000| Untracked 
| 218|0x00000000ada00000, 0x00000000ada00000, 0x00000000adb00000|  0%| F|  |TAMS 0x00000000ada00000, 0x00000000ada00000| Untracked 
| 219|0x00000000adb00000, 0x00000000adb00000, 0x00000000adc00000|  0%| F|  |TAMS 0x00000000adb00000, 0x00000000adb00000| Untracked 
| 220|0x00000000adc00000, 0x00000000adc00000, 0x00000000add00000|  0%| F|  |TAMS 0x00000000adc00000, 0x00000000adc00000| Untracked 
| 221|0x00000000add00000, 0x00000000ade00000, 0x00000000ade00000|100%| S|CS|TAMS 0x00000000add00000, 0x00000000add00000| Complete 
| 222|0x00000000ade00000, 0x00000000adf00000, 0x00000000adf00000|100%| S|CS|TAMS 0x00000000ade00000, 0x00000000ade00000| Complete 
| 223|0x00000000adf00000, 0x00000000ae000000, 0x00000000ae000000|100%| S|CS|TAMS 0x00000000adf00000, 0x00000000adf00000| Complete 
| 224|0x00000000ae000000, 0x00000000ae100000, 0x00000000ae100000|100%| S|CS|TAMS 0x00000000ae000000, 0x00000000ae000000| Complete 
| 225|0x00000000ae100000, 0x00000000ae200000, 0x00000000ae200000|100%| S|CS|TAMS 0x00000000ae100000, 0x00000000ae100000| Complete 
| 226|0x00000000ae200000, 0x00000000ae300000, 0x00000000ae300000|100%| S|CS|TAMS 0x00000000ae200000, 0x00000000ae200000| Complete 
| 227|0x00000000ae300000, 0x00000000ae400000, 0x00000000ae400000|100%| S|CS|TAMS 0x00000000ae300000, 0x00000000ae300000| Complete 
| 228|0x00000000ae400000, 0x00000000ae500000, 0x00000000ae500000|100%| S|CS|TAMS 0x00000000ae400000, 0x00000000ae400000| Complete 
| 229|0x00000000ae500000, 0x00000000ae600000, 0x00000000ae600000|100%| S|CS|TAMS 0x00000000ae500000, 0x00000000ae500000| Complete 
| 230|0x00000000ae600000, 0x00000000ae700000, 0x00000000ae700000|100%| O|  |TAMS 0x00000000ae700000, 0x00000000ae600000| Untracked 
| 231|0x00000000ae700000, 0x00000000ae800000, 0x00000000ae800000|100%| S|CS|TAMS 0x00000000ae700000, 0x00000000ae700000| Complete 
| 232|0x00000000ae800000, 0x00000000ae800000, 0x00000000ae900000|  0%| F|  |TAMS 0x00000000ae800000, 0x00000000ae800000| Untracked 
| 233|0x00000000ae900000, 0x00000000ae900000, 0x00000000aea00000|  0%| F|  |TAMS 0x00000000ae900000, 0x00000000ae900000| Untracked 
| 234|0x00000000aea00000, 0x00000000aea00000, 0x00000000aeb00000|  0%| F|  |TAMS 0x00000000aea00000, 0x00000000aea00000| Untracked 
| 235|0x00000000aeb00000, 0x00000000aeb00000, 0x00000000aec00000|  0%| F|  |TAMS 0x00000000aeb00000, 0x00000000aeb00000| Untracked 
| 236|0x00000000aec00000, 0x00000000aec00000, 0x00000000aed00000|  0%| F|  |TAMS 0x00000000aec00000, 0x00000000aec00000| Untracked 
| 237|0x00000000aed00000, 0x00000000aed00000, 0x00000000aee00000|  0%| F|  |TAMS 0x00000000aed00000, 0x00000000aed00000| Untracked 
| 238|0x00000000aee00000, 0x00000000aee00000, 0x00000000aef00000|  0%| F|  |TAMS 0x00000000aee00000, 0x00000000aee00000| Untracked 
| 239|0x00000000aef00000, 0x00000000aef00000, 0x00000000af000000|  0%| F|  |TAMS 0x00000000aef00000, 0x00000000aef00000| Untracked 
| 240|0x00000000af000000, 0x00000000af000000, 0x00000000af100000|  0%| F|  |TAMS 0x00000000af000000, 0x00000000af000000| Untracked 
| 241|0x00000000af100000, 0x00000000af100000, 0x00000000af200000|  0%| F|  |TAMS 0x00000000af100000, 0x00000000af100000| Untracked 
| 242|0x00000000af200000, 0x00000000af200000, 0x00000000af300000|  0%| F|  |TAMS 0x00000000af200000, 0x00000000af200000| Untracked 
| 243|0x00000000af300000, 0x00000000af300000, 0x00000000af400000|  0%| F|  |TAMS 0x00000000af300000, 0x00000000af300000| Untracked 
| 244|0x00000000af400000, 0x00000000af400000, 0x00000000af500000|  0%| F|  |TAMS 0x00000000af400000, 0x00000000af400000| Untracked 
| 245|0x00000000af500000, 0x00000000af500000, 0x00000000af600000|  0%| F|  |TAMS 0x00000000af500000, 0x00000000af500000| Untracked 
| 246|0x00000000af600000, 0x00000000af600000, 0x00000000af700000|  0%| F|  |TAMS 0x00000000af600000, 0x00000000af600000| Untracked 
| 247|0x00000000af700000, 0x00000000af700000, 0x00000000af800000|  0%| F|  |TAMS 0x00000000af700000, 0x00000000af700000| Untracked 
| 248|0x00000000af800000, 0x00000000af800000, 0x00000000af900000|  0%| F|  |TAMS 0x00000000af800000, 0x00000000af800000| Untracked 
| 249|0x00000000af900000, 0x00000000af900000, 0x00000000afa00000|  0%| F|  |TAMS 0x00000000af900000, 0x00000000af900000| Untracked 
| 250|0x00000000afa00000, 0x00000000afa00000, 0x00000000afb00000|  0%| F|  |TAMS 0x00000000afa00000, 0x00000000afa00000| Untracked 
| 251|0x00000000afb00000, 0x00000000afb00000, 0x00000000afc00000|  0%| F|  |TAMS 0x00000000afb00000, 0x00000000afb00000| Untracked 
| 252|0x00000000afc00000, 0x00000000afc00000, 0x00000000afd00000|  0%| F|  |TAMS 0x00000000afc00000, 0x00000000afc00000| Untracked 
| 253|0x00000000afd00000, 0x00000000afd00000, 0x00000000afe00000|  0%| F|  |TAMS 0x00000000afd00000, 0x00000000afd00000| Untracked 
| 254|0x00000000afe00000, 0x00000000afe00000, 0x00000000aff00000|  0%| F|  |TAMS 0x00000000afe00000, 0x00000000afe00000| Untracked 
| 255|0x00000000aff00000, 0x00000000aff00000, 0x00000000b0000000|  0%| F|  |TAMS 0x00000000aff00000, 0x00000000aff00000| Untracked 
| 256|0x00000000b0000000, 0x00000000b0000000, 0x00000000b0100000|  0%| F|  |TAMS 0x00000000b0000000, 0x00000000b0000000| Untracked 
| 257|0x00000000b0100000, 0x00000000b0100000, 0x00000000b0200000|  0%| F|  |TAMS 0x00000000b0100000, 0x00000000b0100000| Untracked 
| 258|0x00000000b0200000, 0x00000000b0200000, 0x00000000b0300000|  0%| F|  |TAMS 0x00000000b0200000, 0x00000000b0200000| Untracked 
| 259|0x00000000b0300000, 0x00000000b0300000, 0x00000000b0400000|  0%| F|  |TAMS 0x00000000b0300000, 0x00000000b0300000| Untracked 
| 260|0x00000000b0400000, 0x00000000b0400000, 0x00000000b0500000|  0%| F|  |TAMS 0x00000000b0400000, 0x00000000b0400000| Untracked 
| 261|0x00000000b0500000, 0x00000000b0500000, 0x00000000b0600000|  0%| F|  |TAMS 0x00000000b0500000, 0x00000000b0500000| Untracked 
| 262|0x00000000b0600000, 0x00000000b0600000, 0x00000000b0700000|  0%| F|  |TAMS 0x00000000b0600000, 0x00000000b0600000| Untracked 
| 263|0x00000000b0700000, 0x00000000b0700000, 0x00000000b0800000|  0%| F|  |TAMS 0x00000000b0700000, 0x00000000b0700000| Untracked 
| 264|0x00000000b0800000, 0x00000000b0800000, 0x00000000b0900000|  0%| F|  |TAMS 0x00000000b0800000, 0x00000000b0800000| Untracked 
| 265|0x00000000b0900000, 0x00000000b0900000, 0x00000000b0a00000|  0%| F|  |TAMS 0x00000000b0900000, 0x00000000b0900000| Untracked 
| 266|0x00000000b0a00000, 0x00000000b0a9f5b0, 0x00000000b0b00000| 62%| E|  |TAMS 0x00000000b0a00000, 0x00000000b0a00000| Complete 
| 267|0x00000000b0b00000, 0x00000000b0c00000, 0x00000000b0c00000|100%| E|CS|TAMS 0x00000000b0b00000, 0x00000000b0b00000| Complete 
| 268|0x00000000b0c00000, 0x00000000b0d00000, 0x00000000b0d00000|100%| E|CS|TAMS 0x00000000b0c00000, 0x00000000b0c00000| Complete 
| 269|0x00000000b0d00000, 0x00000000b0e00000, 0x00000000b0e00000|100%| E|CS|TAMS 0x00000000b0d00000, 0x00000000b0d00000| Complete 
| 270|0x00000000b0e00000, 0x00000000b0f00000, 0x00000000b0f00000|100%| E|CS|TAMS 0x00000000b0e00000, 0x00000000b0e00000| Complete 
| 271|0x00000000b0f00000, 0x00000000b1000000, 0x00000000b1000000|100%| E|CS|TAMS 0x00000000b0f00000, 0x00000000b0f00000| Complete 
| 272|0x00000000b1000000, 0x00000000b1100000, 0x00000000b1100000|100%| E|CS|TAMS 0x00000000b1000000, 0x00000000b1000000| Complete 
| 273|0x00000000b1100000, 0x00000000b1200000, 0x00000000b1200000|100%| E|CS|TAMS 0x00000000b1100000, 0x00000000b1100000| Complete 
| 274|0x00000000b1200000, 0x00000000b1300000, 0x00000000b1300000|100%| E|CS|TAMS 0x00000000b1200000, 0x00000000b1200000| Complete 
| 275|0x00000000b1300000, 0x00000000b1400000, 0x00000000b1400000|100%| E|CS|TAMS 0x00000000b1300000, 0x00000000b1300000| Complete 
| 276|0x00000000b1400000, 0x00000000b1500000, 0x00000000b1500000|100%| E|CS|TAMS 0x00000000b1400000, 0x00000000b1400000| Complete 
| 277|0x00000000b1500000, 0x00000000b1600000, 0x00000000b1600000|100%| E|CS|TAMS 0x00000000b1500000, 0x00000000b1500000| Complete 
| 278|0x00000000b1600000, 0x00000000b1700000, 0x00000000b1700000|100%| E|CS|TAMS 0x00000000b1600000, 0x00000000b1600000| Complete 
| 279|0x00000000b1700000, 0x00000000b1800000, 0x00000000b1800000|100%| E|CS|TAMS 0x00000000b1700000, 0x00000000b1700000| Complete 
| 280|0x00000000b1800000, 0x00000000b1900000, 0x00000000b1900000|100%| E|CS|TAMS 0x00000000b1800000, 0x00000000b1800000| Complete 
| 281|0x00000000b1900000, 0x00000000b1a00000, 0x00000000b1a00000|100%| E|CS|TAMS 0x00000000b1900000, 0x00000000b1900000| Complete 
| 282|0x00000000b1a00000, 0x00000000b1b00000, 0x00000000b1b00000|100%| E|  |TAMS 0x00000000b1a00000, 0x00000000b1a00000| Complete 
| 283|0x00000000b1b00000, 0x00000000b1c00000, 0x00000000b1c00000|100%| E|CS|TAMS 0x00000000b1b00000, 0x00000000b1b00000| Complete 
| 284|0x00000000b1c00000, 0x00000000b1d00000, 0x00000000b1d00000|100%| E|CS|TAMS 0x00000000b1c00000, 0x00000000b1c00000| Complete 
| 285|0x00000000b1d00000, 0x00000000b1e00000, 0x00000000b1e00000|100%| E|CS|TAMS 0x00000000b1d00000, 0x00000000b1d00000| Complete 
| 286|0x00000000b1e00000, 0x00000000b1f00000, 0x00000000b1f00000|100%| E|CS|TAMS 0x00000000b1e00000, 0x00000000b1e00000| Complete 
| 287|0x00000000b1f00000, 0x00000000b2000000, 0x00000000b2000000|100%| E|CS|TAMS 0x00000000b1f00000, 0x00000000b1f00000| Complete 
| 288|0x00000000b2000000, 0x00000000b2100000, 0x00000000b2100000|100%| E|CS|TAMS 0x00000000b2000000, 0x00000000b2000000| Complete 
| 289|0x00000000b2100000, 0x00000000b2200000, 0x00000000b2200000|100%| E|CS|TAMS 0x00000000b2100000, 0x00000000b2100000| Complete 
| 290|0x00000000b2200000, 0x00000000b2300000, 0x00000000b2300000|100%| E|CS|TAMS 0x00000000b2200000, 0x00000000b2200000| Complete 
| 291|0x00000000b2300000, 0x00000000b2400000, 0x00000000b2400000|100%| E|CS|TAMS 0x00000000b2300000, 0x00000000b2300000| Complete 
| 292|0x00000000b2400000, 0x00000000b2500000, 0x00000000b2500000|100%| E|CS|TAMS 0x00000000b2400000, 0x00000000b2400000| Complete 
| 293|0x00000000b2500000, 0x00000000b2600000, 0x00000000b2600000|100%| O|  |TAMS 0x00000000b2500000, 0x00000000b2500000| Untracked 
| 294|0x00000000b2600000, 0x00000000b2700000, 0x00000000b2700000|100%| O|  |TAMS 0x00000000b2600000, 0x00000000b2600000| Untracked 
| 295|0x00000000b2700000, 0x00000000b2800000, 0x00000000b2800000|100%| E|CS|TAMS 0x00000000b2700000, 0x00000000b2700000| Complete 
| 296|0x00000000b2800000, 0x00000000b2900000, 0x00000000b2900000|100%| E|CS|TAMS 0x00000000b2800000, 0x00000000b2800000| Complete 

Card table byte_map: [0x0000017a1d690000,0x0000017a1d990000] _byte_map_base: 0x0000017a1d190000

Marking Bits (Prev, Next): (CMBitMap*) 0x0000017a0a8a8978, (CMBitMap*) 0x0000017a0a8a89b0
 Prev Bits: [0x0000017a1dc90000, 0x0000017a1f490000)
 Next Bits: [0x0000017a1f490000, 0x0000017a20c90000)

Polling page: 0x0000017a086a0000

Metaspace:

Usage:
  Non-class:     93.36 MB capacity,    90.47 MB ( 97%) used,     2.51 MB (  3%) free+waste,   387.06 KB ( <1%) overhead. 
      Class:     14.78 MB capacity,    13.28 MB ( 90%) used,     1.32 MB (  9%) free+waste,   175.00 KB (  1%) overhead. 
       Both:    108.13 MB capacity,   103.75 MB ( 96%) used,     3.84 MB (  4%) free+waste,   562.06 KB ( <1%) overhead. 

Virtual space:
  Non-class space:       94.00 MB reserved,      93.58 MB (>99%) committed 
      Class space:        1.00 GB reserved,      14.88 MB (  1%) committed 
             Both:        1.09 GB reserved,     108.45 MB ( 10%) committed 

Chunk freelists:
   Non-Class:  33.00 KB
       Class:  0 bytes
        Both:  33.00 KB

MaxMetaspaceSize: 17179869184.00 GB
CompressedClassSpaceSize: 1.00 GB
Initial GC threshold: 20.80 MB
Current GC threshold: 176.80 MB
CDS: off

CodeHeap 'non-profiled nmethods': size=120064Kb used=10599Kb max_used=10599Kb free=109464Kb
 bounds [0x0000017a15e50000, 0x0000017a168b0000, 0x0000017a1d390000]
CodeHeap 'profiled nmethods': size=120000Kb used=38180Kb max_used=38180Kb free=81820Kb
 bounds [0x0000017a0e920000, 0x0000017a10e70000, 0x0000017a15e50000]
CodeHeap 'non-nmethods': size=5696Kb used=2400Kb max_used=2453Kb free=3295Kb
 bounds [0x0000017a0e390000, 0x0000017a0e610000, 0x0000017a0e920000]
 total_blobs=19353 nmethods=18423 adapters=842
 compilation: enabled
              stopped_count=0, restarted_count=0
 full_count=0

Compilation events (20 events):
Event: 456.046 Thread 0x0000017a231b2800 18869       4       com.google.common.collect.ImmutableListMultimap::fromMapEntries (141 bytes)
Event: 456.051 Thread 0x0000017a231bb800 18881       3       org.gradle.internal.execution.steps.CreateOutputsStep::ensureOutput (86 bytes)
Event: 456.053 Thread 0x0000017a231bb800 nmethod 18881 0x0000017a10e64190 code [0x0000017a10e644c0, 0x0000017a10e65978]
Event: 456.067 Thread 0x0000017a231bb800 18882   !   3       org.codehaus.groovy.runtime.callsite.AbstractCallSite::callGroovyObjectGetProperty (33 bytes)
Event: 456.067 Thread 0x0000017a231bb800 nmethod 18882 0x0000017a10e66090 code [0x0000017a10e66280, 0x0000017a10e66608]
Event: 456.071 Thread 0x0000017a231bb800 18883       3       java.lang.ProcessEnvironment$CheckedEntry::getKey (5 bytes)
Event: 456.071 Thread 0x0000017a231bb800 nmethod 18883 0x0000017a10e66790 code [0x0000017a10e66960, 0x0000017a10e66c68]
Event: 456.097 Thread 0x0000017a231b2800 nmethod 18869 0x0000017a168a7610 code [0x0000017a168a7860, 0x0000017a168a8ae8]
Event: 463.540 Thread 0x0000017a231b2800 18884       4       org.gradle.internal.io.StreamByteBuffer::allocateSpace (73 bytes)
Event: 463.541 Thread 0x0000017a231bb800 18885       3       org.gradle.internal.logging.text.AbstractLineChoppingStyledTextOutput$1::execute (9 bytes)
Event: 463.541 Thread 0x0000017a231bb800 nmethod 18885 0x0000017a10e66d90 code [0x0000017a10e66f60, 0x0000017a10e67168]
Event: 463.541 Thread 0x0000017a231bb800 18888       3       org.gradle.internal.io.StreamByteBuffer$StreamByteBufferChunk::write (32 bytes)
Event: 463.541 Thread 0x0000017a231bb800 nmethod 18888 0x0000017a10e67210 code [0x0000017a10e673c0, 0x0000017a10e67558]
Event: 463.541 Thread 0x0000017a231bb800 18889       3       org.gradle.internal.io.LineBufferingOutputStream::endsWithLineSeparator (27 bytes)
Event: 463.542 Thread 0x0000017a231b2800 nmethod 18884 0x0000017a168a9a10 code [0x0000017a168a9ba0, 0x0000017a168a9c38]
Event: 463.542 Thread 0x0000017a231bb800 nmethod 18889 0x0000017a10e67610 code [0x0000017a10e677c0, 0x0000017a10e67958]
Event: 463.542 Thread 0x0000017a231b2800 18890       4       org.gradle.internal.logging.sink.OutputEventTransformer::onOutput (399 bytes)
Event: 463.542 Thread 0x0000017a231bb800 18886       3       org.gradle.internal.io.LineBufferingOutputStream::write (59 bytes)
Event: 463.545 Thread 0x0000017a231bb800 nmethod 18886 0x0000017a10e67a10 code [0x0000017a10e67ce0, 0x0000017a10e68ab8]
Event: 463.545 Thread 0x0000017a231bb800 18891       3       org.gradle.internal.logging.text.AbstractLineChoppingStyledTextOutput$1::execute (140 bytes)

GC Heap History (20 events):
Event: 85.543 GC heap before
{Heap before GC invocations=106 (full 0):
 garbage-first heap   total 278528K, used 257118K [0x00000000a0000000, 0x0000000100000000)
  region size 1024K, 14 young (14336K), 2 survivors (2048K)
 Metaspace       used 101658K, capacity 105674K, committed 105936K, reserved 1140736K
  class space    used 13072K, capacity 14438K, committed 14464K, reserved 1048576K
}
Event: 85.549 GC heap after
{Heap after GC invocations=107 (full 0):
 garbage-first heap   total 278528K, used 247591K [0x00000000a0000000, 0x0000000100000000)
  region size 1024K, 2 young (2048K), 2 survivors (2048K)
 Metaspace       used 101658K, capacity 105674K, committed 105936K, reserved 1140736K
  class space    used 13072K, capacity 14438K, committed 14464K, reserved 1048576K
}
Event: 86.239 GC heap before
{Heap before GC invocations=107 (full 0):
 garbage-first heap   total 278528K, used 253735K [0x00000000a0000000, 0x0000000100000000)
  region size 1024K, 14 young (14336K), 2 survivors (2048K)
 Metaspace       used 101733K, capacity 105760K, committed 105936K, reserved 1140736K
  class space    used 13074K, capacity 14441K, committed 14464K, reserved 1048576K
}
Event: 86.248 GC heap after
{Heap after GC invocations=108 (full 0):
 garbage-first heap   total 278528K, used 243130K [0x00000000a0000000, 0x0000000100000000)
  region size 1024K, 2 young (2048K), 2 survivors (2048K)
 Metaspace       used 101733K, capacity 105760K, committed 105936K, reserved 1140736K
  class space    used 13074K, capacity 14441K, committed 14464K, reserved 1048576K
}
Event: 86.673 GC heap before
{Heap before GC invocations=109 (full 0):
 garbage-first heap   total 278528K, used 254394K [0x00000000a0000000, 0x0000000100000000)
  region size 1024K, 14 young (14336K), 2 survivors (2048K)
 Metaspace       used 101793K, capacity 105826K, committed 105936K, reserved 1140736K
  class space    used 13074K, capacity 14441K, committed 14464K, reserved 1048576K
}
Event: 86.679 GC heap after
{Heap after GC invocations=110 (full 0):
 garbage-first heap   total 278528K, used 244035K [0x00000000a0000000, 0x0000000100000000)
  region size 1024K, 2 young (2048K), 2 survivors (2048K)
 Metaspace       used 101793K, capacity 105826K, committed 105936K, reserved 1140736K
  class space    used 13074K, capacity 14441K, committed 14464K, reserved 1048576K
}
Event: 87.602 GC heap before
{Heap before GC invocations=110 (full 0):
 garbage-first heap   total 278528K, used 255299K [0x00000000a0000000, 0x0000000100000000)
  region size 1024K, 13 young (13312K), 2 survivors (2048K)
 Metaspace       used 101845K, capacity 105865K, committed 105936K, reserved 1140736K
  class space    used 13080K, capacity 14453K, committed 14464K, reserved 1048576K
}
Event: 87.613 GC heap after
{Heap after GC invocations=111 (full 0):
 garbage-first heap   total 278528K, used 244459K [0x00000000a0000000, 0x0000000100000000)
  region size 1024K, 2 young (2048K), 2 survivors (2048K)
 Metaspace       used 101845K, capacity 105865K, committed 105936K, reserved 1140736K
  class space    used 13080K, capacity 14453K, committed 14464K, reserved 1048576K
}
Event: 88.691 GC heap before
{Heap before GC invocations=112 (full 0):
 garbage-first heap   total 278528K, used 213739K [0x00000000a0000000, 0x0000000100000000)
  region size 1024K, 13 young (13312K), 2 survivors (2048K)
 Metaspace       used 102225K, capacity 106208K, committed 106320K, reserved 1140736K
  class space    used 13120K, capacity 14498K, committed 14592K, reserved 1048576K
}
Event: 88.702 GC heap after
{Heap after GC invocations=113 (full 0):
 garbage-first heap   total 278528K, used 162366K [0x00000000a0000000, 0x0000000100000000)
  region size 1024K, 2 young (2048K), 2 survivors (2048K)
 Metaspace       used 102225K, capacity 106208K, committed 106320K, reserved 1140736K
  class space    used 13120K, capacity 14498K, committed 14592K, reserved 1048576K
}
Event: 91.355 GC heap before
{Heap before GC invocations=113 (full 0):
 garbage-first heap   total 278528K, used 228926K [0x00000000a0000000, 0x0000000100000000)
  region size 1024K, 41 young (41984K), 2 survivors (2048K)
 Metaspace       used 104309K, capacity 108425K, committed 108624K, reserved 1142784K
  class space    used 13390K, capacity 14799K, committed 14848K, reserved 1048576K
}
Event: 91.363 GC heap after
{Heap after GC invocations=114 (full 0):
 garbage-first heap   total 278528K, used 174837K [0x00000000a0000000, 0x0000000100000000)
  region size 1024K, 5 young (5120K), 5 survivors (5120K)
 Metaspace       used 104309K, capacity 108425K, committed 108624K, reserved 1142784K
  class space    used 13390K, capacity 14799K, committed 14848K, reserved 1048576K
}
Event: 91.529 GC heap before
{Heap before GC invocations=114 (full 0):
 garbage-first heap   total 299008K, used 297717K [0x00000000a0000000, 0x0000000100000000)
  region size 1024K, 6 young (6144K), 5 survivors (5120K)
 Metaspace       used 104366K, capacity 108524K, committed 108624K, reserved 1142784K
  class space    used 13398K, capacity 14832K, committed 14848K, reserved 1048576K
}
Event: 91.538 GC heap after
{Heap after GC invocations=115 (full 0):
 garbage-first heap   total 304128K, used 164751K [0x00000000a0000000, 0x0000000100000000)
  region size 1024K, 3 young (3072K), 3 survivors (3072K)
 Metaspace       used 104366K, capacity 108524K, committed 108624K, reserved 1142784K
  class space    used 13398K, capacity 14832K, committed 14848K, reserved 1048576K
}
Event: 449.409 GC heap before
{Heap before GC invocations=116 (full 0):
 garbage-first heap   total 304128K, used 219023K [0x00000000a0000000, 0x0000000100000000)
  region size 1024K, 56 young (57344K), 3 survivors (3072K)
 Metaspace       used 105131K, capacity 109290K, committed 109520K, reserved 1144832K
  class space    used 13490K, capacity 14925K, committed 14976K, reserved 1048576K
}
Event: 449.630 GC heap after
{Heap after GC invocations=117 (full 0):
 garbage-first heap   total 304128K, used 166432K [0x00000000a0000000, 0x0000000100000000)
  region size 1024K, 4 young (4096K), 4 survivors (4096K)
 Metaspace       used 105131K, capacity 109290K, committed 109520K, reserved 1144832K
  class space    used 13490K, capacity 14925K, committed 14976K, reserved 1048576K
}
Event: 452.483 GC heap before
{Heap before GC invocations=117 (full 0):
 garbage-first heap   total 304128K, used 252448K [0x00000000a0000000, 0x0000000100000000)
  region size 1024K, 88 young (90112K), 4 survivors (4096K)
 Metaspace       used 105581K, capacity 109882K, committed 110160K, reserved 1144832K
  class space    used 13527K, capacity 14992K, committed 15104K, reserved 1048576K
}
Event: 452.607 GC heap after
{Heap after GC invocations=118 (full 0):
 garbage-first heap   total 304128K, used 178351K [0x00000000a0000000, 0x0000000100000000)
  region size 1024K, 11 young (11264K), 11 survivors (11264K)
 Metaspace       used 105581K, capacity 109882K, committed 110160K, reserved 1144832K
  class space    used 13527K, capacity 14992K, committed 15104K, reserved 1048576K
}
Event: 455.090 GC heap before
{Heap before GC invocations=118 (full 0):
 garbage-first heap   total 304128K, used 241839K [0x00000000a0000000, 0x0000000100000000)
  region size 1024K, 74 young (75776K), 11 survivors (11264K)
 Metaspace       used 106108K, capacity 110560K, committed 110672K, reserved 1144832K
  class space    used 13587K, capacity 15103K, committed 15104K, reserved 1048576K
}
Event: 455.240 GC heap after
{Heap after GC invocations=119 (full 0):
 garbage-first heap   total 304128K, used 194918K [0x00000000a0000000, 0x0000000100000000)
  region size 1024K, 10 young (10240K), 10 survivors (10240K)
 Metaspace       used 106108K, capacity 110560K, committed 110672K, reserved 1144832K
  class space    used 13587K, capacity 15103K, committed 15104K, reserved 1048576K
}

Deoptimization events (20 events):
Event: 463.540 Thread 0x0000017a23c33800 Uncommon trap: trap_request=0xffffffde fr.pc=0x0000017a168174bc relative=0x00000000000066fc
Event: 463.540 Thread 0x0000017a23c33800 Uncommon trap: reason=class_check action=maybe_recompile pc=0x0000017a168174bc method=org.gradle.internal.logging.sink.OutputEventTransformer.onOutput(Lorg/gradle/internal/logging/events/OutputEvent;)V @ 335 c2
Event: 463.540 Thread 0x0000017a23c33800 DEOPT PACKING pc=0x0000017a168174bc sp=0x0000000bd7ffe330
Event: 463.540 Thread 0x0000017a23c33800 DEOPT UNPACKING pc=0x0000017a0e3da1a9 sp=0x0000000bd7ffe318 mode 2
Event: 463.540 Thread 0x0000017a23c33800 Uncommon trap: trap_request=0xffffff4d fr.pc=0x0000017a1675d13c relative=0x00000000000003bc
Event: 463.540 Thread 0x0000017a23c33800 Uncommon trap: reason=unstable_if action=reinterpret pc=0x0000017a1675d13c method=org.gradle.internal.logging.text.AbstractLineChoppingStyledTextOutput$2.execute(Lorg/gradle/internal/logging/text/AbstractLineChoppingStyledTextOutput$StateContext;)V @ 34 c
Event: 463.540 Thread 0x0000017a23c33800 DEOPT PACKING pc=0x0000017a1675d13c sp=0x0000000bd7ffdc50
Event: 463.540 Thread 0x0000017a23c33800 DEOPT UNPACKING pc=0x0000017a0e3da1a9 sp=0x0000000bd7ffdae8 mode 2
Event: 463.540 Thread 0x0000017a23c33800 Uncommon trap: trap_request=0xffffffde fr.pc=0x0000017a168174bc relative=0x00000000000066fc
Event: 463.540 Thread 0x0000017a23c33800 Uncommon trap: reason=class_check action=maybe_recompile pc=0x0000017a168174bc method=org.gradle.internal.logging.sink.OutputEventTransformer.onOutput(Lorg/gradle/internal/logging/events/OutputEvent;)V @ 335 c2
Event: 463.540 Thread 0x0000017a23c33800 DEOPT PACKING pc=0x0000017a168174bc sp=0x0000000bd7ffe330
Event: 463.540 Thread 0x0000017a23c33800 DEOPT UNPACKING pc=0x0000017a0e3da1a9 sp=0x0000000bd7ffe318 mode 2
Event: 463.541 Thread 0x0000017a23c33800 Uncommon trap: trap_request=0xffffff4d fr.pc=0x0000017a1675c41c relative=0x00000000000003bc
Event: 463.541 Thread 0x0000017a23c33800 Uncommon trap: reason=unstable_if action=reinterpret pc=0x0000017a1675c41c method=org.gradle.internal.logging.text.AbstractLineChoppingStyledTextOutput$2.execute(Lorg/gradle/internal/logging/text/AbstractLineChoppingStyledTextOutput$StateContext;)V @ 34 c
Event: 463.541 Thread 0x0000017a23c33800 DEOPT PACKING pc=0x0000017a1675c41c sp=0x0000000bd7ffdbe0
Event: 463.541 Thread 0x0000017a23c33800 DEOPT UNPACKING pc=0x0000017a0e3da1a9 sp=0x0000000bd7ffdae0 mode 2
Event: 463.542 Thread 0x0000017a23c33800 Uncommon trap: trap_request=0xffffff4d fr.pc=0x0000017a1675dd98 relative=0x00000000000002b8
Event: 463.542 Thread 0x0000017a23c33800 Uncommon trap: reason=unstable_if action=reinterpret pc=0x0000017a1675dd98 method=org.gradle.internal.logging.text.AbstractLineChoppingStyledTextOutput$2.execute(Lorg/gradle/internal/logging/text/AbstractLineChoppingStyledTextOutput$StateContext;)V @ 34 c
Event: 463.542 Thread 0x0000017a23c33800 DEOPT PACKING pc=0x0000017a1675dd98 sp=0x0000000bd7ffdb40
Event: 463.542 Thread 0x0000017a23c33800 DEOPT UNPACKING pc=0x0000017a0e3da1a9 sp=0x0000000bd7ffdb00 mode 2

Classes redefined (0 events):
No events

Internal exceptions (20 events):
Event: 92.481 Thread 0x0000017a27e49800 Exception <a 'java/lang/ClassNotFoundException'{0x00000000b1a181d8}: org/codehaus/groovy/runtime/HandleMetaClassBeanInfo> (0x00000000b1a181d8) thrown at [./src/hotspot/share/classfile/systemDictionary.cpp, line 231]
Event: 92.485 Thread 0x0000017a27e49800 Exception <a 'java/lang/ClassNotFoundException'{0x00000000b1a52a18}: groovy/lang/DelegatingMetaClassBeanInfo> (0x00000000b1a52a18) thrown at [./src/hotspot/share/classfile/systemDictionary.cpp, line 231]
Event: 92.487 Thread 0x0000017a27e49800 Exception <a 'java/lang/ClassNotFoundException'{0x00000000b1a8d068}: groovy/lang/DelegatingMetaClassCustomizer> (0x00000000b1a8d068) thrown at [./src/hotspot/share/classfile/systemDictionary.cpp, line 231]
Event: 92.497 Thread 0x0000017a27e49800 Exception <a 'java/lang/ClassNotFoundException'{0x00000000b175f5e0}: org/codehaus/groovy/runtime/HandleMetaClassCustomizer> (0x00000000b175f5e0) thrown at [./src/hotspot/share/classfile/systemDictionary.cpp, line 231]
Event: 92.510 Thread 0x0000017a27e49800 Exception <a 'java/lang/ClassNotFoundException'{0x00000000b1671268}: java/util/Collections$SingletonListBeanInfo> (0x00000000b1671268) thrown at [./src/hotspot/share/classfile/systemDictionary.cpp, line 231]
Event: 92.511 Thread 0x0000017a27e49800 Exception <a 'java/lang/ClassNotFoundException'{0x00000000b167af18}: java/util/Collections$SingletonListCustomizer> (0x00000000b167af18) thrown at [./src/hotspot/share/classfile/systemDictionary.cpp, line 231]
Event: 92.524 Thread 0x0000017a27e49800 Exception <a 'java/lang/ClassNotFoundException'{0x00000000b16d2f50}: com/android/build/OutputFileBeanInfo> (0x00000000b16d2f50) thrown at [./src/hotspot/share/classfile/systemDictionary.cpp, line 231]
Event: 92.525 Thread 0x0000017a27e49800 Exception <a 'java/lang/ClassNotFoundException'{0x00000000b16e1190}: com/android/build/OutputFileCustomizer> (0x00000000b16e1190) thrown at [./src/hotspot/share/classfile/systemDictionary.cpp, line 231]
Event: 95.588 Thread 0x0000017a23c35000 Exception <a 'java/lang/NoSuchMethodError'{0x00000000b14cbf00}: 'java.lang.Object java.lang.invoke.DirectMethodHandle$Holder.invokeSpecial(java.lang.Object, java.lang.Object, java.lang.Object, java.lang.Object, int, java.lang.Object, java.lang.Object)'> (0x00000000b14cbf00) thrown at [./src/hotspot/share/interpreter/linkResolver.cpp, line 773]
Event: 95.720 Thread 0x0000017a23c35000 Implicit null exception at 0x0000017a164d028d to 0x0000017a164d123c
Event: 104.337 Thread 0x0000017a23c37800 Implicit null exception at 0x0000017a15e83c77 to 0x0000017a15e8413c
Event: 104.338 Thread 0x0000017a23c37800 Implicit null exception at 0x0000017a1617ae74 to 0x0000017a1617b41c
Event: 447.653 Thread 0x0000017a27e95000 Implicit null exception at 0x0000017a163d34af to 0x0000017a163d34fc
Event: 449.938 Thread 0x0000017a27e95000 Exception <a 'sun/nio/fs/WindowsException'{0x00000000b24d8130}> (0x00000000b24d8130) thrown at [./src/hotspot/share/prims/jni.cpp, line 616]
Event: 450.130 Thread 0x0000017a27e95000 Implicit null exception at 0x0000017a1634c57e to 0x0000017a1634c690
Event: 453.356 Thread 0x0000017a27e95000 Exception <a 'sun/nio/fs/WindowsException'{0x00000000b0cf4738}> (0x00000000b0cf4738) thrown at [./src/hotspot/share/prims/jni.cpp, line 616]
Event: 453.445 Thread 0x0000017a27e95000 Exception <a 'sun/nio/fs/WindowsException'{0x00000000b0b98d60}> (0x00000000b0b98d60) thrown at [./src/hotspot/share/prims/jni.cpp, line 616]
Event: 453.447 Thread 0x0000017a27e95000 Exception <a 'sun/nio/fs/WindowsException'{0x00000000b0b9a8d0}> (0x00000000b0b9a8d0) thrown at [./src/hotspot/share/prims/jni.cpp, line 616]
Event: 453.447 Thread 0x0000017a27e95000 Exception <a 'sun/nio/fs/WindowsException'{0x00000000b0b9c490}> (0x00000000b0b9c490) thrown at [./src/hotspot/share/prims/jni.cpp, line 616]
Event: 453.448 Thread 0x0000017a27e95000 Exception <a 'sun/nio/fs/WindowsException'{0x00000000b0b9e050}> (0x00000000b0b9e050) thrown at [./src/hotspot/share/prims/jni.cpp, line 616]

Events (20 events):
Event: 453.899 Executing VM operation: ICBufferFull
Event: 453.900 Executing VM operation: ICBufferFull done
Event: 454.437 Executing VM operation: RevokeBias
Event: 454.437 Executing VM operation: RevokeBias done
Event: 455.090 Executing VM operation: G1CollectForAllocation
Event: 455.240 Executing VM operation: G1CollectForAllocation done
Event: 455.503 Thread 0x0000017a25561800 Thread added: 0x0000017a25561800
Event: 455.504 Thread 0x0000017a2555c000 Thread added: 0x0000017a2555c000
Event: 455.505 Thread 0x0000017a2555c800 Thread added: 0x0000017a2555c800
Event: 455.505 Thread 0x0000017a2555d800 Thread added: 0x0000017a2555d800
Event: 455.514 Thread 0x0000017a23c32800 Thread added: 0x0000017a23c32800
Event: 455.518 Executing VM operation: RevokeBias
Event: 455.519 Executing VM operation: RevokeBias done
Event: 455.519 Executing VM operation: RevokeBias
Event: 455.519 Executing VM operation: RevokeBias done
Event: 455.519 Executing VM operation: RevokeBias
Event: 455.520 Executing VM operation: RevokeBias done
Event: 456.069 Thread 0x0000017a23c35000 Thread added: 0x0000017a23c35000
Event: 456.077 Thread 0x0000017a23c33800 Thread added: 0x0000017a23c33800
Event: 456.077 Thread 0x0000017a23c34000 Thread added: 0x0000017a23c34000


Dynamic libraries:
0x00007ff78efe0000 - 0x00007ff78efea000 	C:\Program Files\Android\Android Studio\jre\bin\java.exe
0x00007ffc07820000 - 0x00007ffc07a29000 	C:\Windows\SYSTEM32\ntdll.dll
0x00007ffc069f0000 - 0x00007ffc06aad000 	C:\Windows\System32\KERNEL32.DLL
0x00007ffc05270000 - 0x00007ffc055e9000 	C:\Windows\System32\KERNELBASE.dll
0x00007ffc04df0000 - 0x00007ffc04f01000 	C:\Windows\System32\ucrtbase.dll
0x00007ffbee350000 - 0x00007ffbee369000 	C:\Program Files\Android\Android Studio\jre\bin\jli.dll
0x00007ffbee330000 - 0x00007ffbee347000 	C:\Program Files\Android\Android Studio\jre\bin\VCRUNTIME140.dll
0x00007ffc058e0000 - 0x00007ffc05a8c000 	C:\Windows\System32\USER32.dll
0x00007ffc051a0000 - 0x00007ffc051c6000 	C:\Windows\System32\win32u.dll
0x00007ffc072d0000 - 0x00007ffc072f9000 	C:\Windows\System32\GDI32.dll
0x00007ffc05080000 - 0x00007ffc05192000 	C:\Windows\System32\gdi32full.dll
0x00007ffc051d0000 - 0x00007ffc0526d000 	C:\Windows\System32\msvcp_win.dll
0x00007ffbf1050000 - 0x00007ffbf12f5000 	C:\Windows\WinSxS\amd64_microsoft.windows.common-controls_6595b64144ccf1df_6.0.22000.120_none_9d947278b86cc467\COMCTL32.dll
0x00007ffc05a90000 - 0x00007ffc05b33000 	C:\Windows\System32\msvcrt.dll
0x00007ffc07290000 - 0x00007ffc072c1000 	C:\Windows\System32\IMM32.DLL
0x00007ffbdb170000 - 0x00007ffbdb20d000 	C:\Program Files\Android\Android Studio\jre\bin\msvcp140.dll
0x00007ffbd5630000 - 0x00007ffbd6132000 	C:\Program Files\Android\Android Studio\jre\bin\server\jvm.dll
0x00007ffc05830000 - 0x00007ffc058de000 	C:\Windows\System32\ADVAPI32.dll
0x00007ffc07080000 - 0x00007ffc0711e000 	C:\Windows\System32\sechost.dll
0x00007ffc06310000 - 0x00007ffc06430000 	C:\Windows\System32\RPCRT4.dll
0x00007ffc069e0000 - 0x00007ffc069e8000 	C:\Windows\System32\PSAPI.DLL
0x00007ffc01d80000 - 0x00007ffc01d89000 	C:\Windows\SYSTEM32\WSOCK32.dll
0x00007ffbfdb20000 - 0x00007ffbfdb53000 	C:\Windows\SYSTEM32\WINMM.dll
0x00007ffbf2f30000 - 0x00007ffbf2f3a000 	C:\Windows\SYSTEM32\VERSION.dll
0x00007ffc07120000 - 0x00007ffc0718f000 	C:\Windows\System32\WS2_32.dll
0x00007ffc03dc0000 - 0x00007ffc03dd8000 	C:\Windows\SYSTEM32\kernel.appcore.dll
0x00007ffbec670000 - 0x00007ffbec681000 	C:\Program Files\Android\Android Studio\jre\bin\verify.dll
0x00007ffc027f0000 - 0x00007ffc02a11000 	C:\Windows\SYSTEM32\DBGHELP.DLL
0x00007ffbf19d0000 - 0x00007ffbf1a01000 	C:\Windows\SYSTEM32\dbgcore.DLL
0x00007ffc04d70000 - 0x00007ffc04def000 	C:\Windows\System32\bcryptPrimitives.dll
0x00007ffbe9f50000 - 0x00007ffbe9f79000 	C:\Program Files\Android\Android Studio\jre\bin\java.dll
0x00007ffbeec30000 - 0x00007ffbeec3b000 	C:\Program Files\Android\Android Studio\jre\bin\jimage.dll
0x00007ffbe8f40000 - 0x00007ffbe8f58000 	C:\Program Files\Android\Android Studio\jre\bin\zip.dll
0x00007ffc05b40000 - 0x00007ffc062f8000 	C:\Windows\System32\SHELL32.dll
0x00007ffc02e30000 - 0x00007ffc03697000 	C:\Windows\SYSTEM32\windows.storage.dll
0x00007ffc06520000 - 0x00007ffc06899000 	C:\Windows\System32\combase.dll
0x00007ffc02cc0000 - 0x00007ffc02e26000 	C:\Windows\SYSTEM32\wintypes.dll
0x00007ffc07190000 - 0x00007ffc0727a000 	C:\Windows\System32\SHCORE.dll
0x00007ffc05740000 - 0x00007ffc0579d000 	C:\Windows\System32\shlwapi.dll
0x00007ffc04c30000 - 0x00007ffc04c51000 	C:\Windows\SYSTEM32\profapi.dll
0x00007ffbe8f20000 - 0x00007ffbe8f3a000 	C:\Program Files\Android\Android Studio\jre\bin\net.dll
0x00007ffbfc120000 - 0x00007ffbfc22c000 	C:\Windows\SYSTEM32\WINHTTP.dll
0x00007ffc041f0000 - 0x00007ffc04257000 	C:\Windows\system32\mswsock.dll
0x00007ffbe8460000 - 0x00007ffbe8474000 	C:\Program Files\Android\Android Studio\jre\bin\nio.dll
0x00007ffbe71f0000 - 0x00007ffbe7217000 	C:\Users\Acer\.gradle\native\e1d6ef7f7dcc3fd88c89a11ec53ec762bb8ba0a96d01ffa2cd45eb1d1d8dd5c5\windows-amd64\native-platform.dll
0x00007ffbd8420000 - 0x00007ffbd8564000 	C:\Users\Acer\.gradle\native\0d407fdbe67a94daf76414ababcb853783967236a71b16ec16e742cd7a986fd3\windows-amd64\native-platform-file-events.dll
0x00007ffbee210000 - 0x00007ffbee21a000 	C:\Program Files\Android\Android Studio\jre\bin\management.dll
0x00007ffbee1c0000 - 0x00007ffbee1cd000 	C:\Program Files\Android\Android Studio\jre\bin\management_ext.dll
0x00007ffc04420000 - 0x00007ffc04438000 	C:\Windows\SYSTEM32\CRYPTSP.dll
0x00007ffc03d20000 - 0x00007ffc03d55000 	C:\Windows\system32\rsaenh.dll
0x00007ffc042c0000 - 0x00007ffc042e9000 	C:\Windows\SYSTEM32\USERENV.dll
0x00007ffc04660000 - 0x00007ffc04687000 	C:\Windows\SYSTEM32\bcrypt.dll
0x00007ffc04440000 - 0x00007ffc0444c000 	C:\Windows\SYSTEM32\CRYPTBASE.dll
0x00007ffc038f0000 - 0x00007ffc0391d000 	C:\Windows\SYSTEM32\IPHLPAPI.DLL
0x00007ffc07280000 - 0x00007ffc07289000 	C:\Windows\System32\NSI.dll
0x00007ffbfbe40000 - 0x00007ffbfbe59000 	C:\Windows\SYSTEM32\dhcpcsvc6.DLL
0x00007ffbfd5f0000 - 0x00007ffbfd60e000 	C:\Windows\SYSTEM32\dhcpcsvc.DLL
0x00007ffc03960000 - 0x00007ffc03a48000 	C:\Windows\SYSTEM32\DNSAPI.dll
0x00007ffbee380000 - 0x00007ffbee3a7000 	C:\Program Files\Android\Android Studio\jre\bin\sunec.dll

dbghelp: loaded successfully - version: 4.0.5 - missing functions: none
symbol engine: initialized successfully - sym options: 0x614 - pdb path: .;C:\Program Files\Android\Android Studio\jre\bin;C:\Windows\SYSTEM32;C:\Windows\WinSxS\amd64_microsoft.windows.common-controls_6595b64144ccf1df_6.0.22000.120_none_9d947278b86cc467;C:\Program Files\Android\Android Studio\jre\bin\server;C:\Users\Acer\.gradle\native\e1d6ef7f7dcc3fd88c89a11ec53ec762bb8ba0a96d01ffa2cd45eb1d1d8dd5c5\windows-amd64;C:\Users\Acer\.gradle\native\0d407fdbe67a94daf76414ababcb853783967236a71b16ec16e742cd7a986fd3\windows-amd64

VM Arguments:
jvm_args: --add-opens=java.base/java.util=ALL-UNNAMED --add-opens=java.base/java.lang=ALL-UNNAMED --add-opens=java.base/java.lang.invoke=ALL-UNNAMED --add-opens=java.base/java.util=ALL-UNNAMED --add-opens=java.prefs/java.util.prefs=ALL-UNNAMED --add-opens=java.prefs/java.util.prefs=ALL-UNNAMED --add-opens=java.base/java.nio.charset=ALL-UNNAMED --add-opens=java.base/java.net=ALL-UNNAMED --add-opens=java.base/java.util.concurrent.atomic=ALL-UNNAMED -Xmx1536M -Dfile.encoding=windows-1252 -Duser.country=ID -Duser.language=en -Duser.variant 
java_command: org.gradle.launcher.daemon.bootstrap.GradleDaemon 7.4
java_class_path (initial): C:\Users\Acer\.gradle\wrapper\dists\gradle-7.4-all\aadb4xli5jkdsnukm30eibyiu\gradle-7.4\lib\gradle-launcher-7.4.jar
Launcher Type: SUN_STANDARD

[Global flags]
     intx CICompilerCount                          = 3                                         {product} {ergonomic}
     uint ConcGCThreads                            = 1                                         {product} {ergonomic}
     uint G1ConcRefinementThreads                  = 4                                         {product} {ergonomic}
   size_t G1HeapRegionSize                         = 1048576                                   {product} {ergonomic}
    uintx GCDrainStackTargetSize                   = 64                                        {product} {ergonomic}
   size_t InitialHeapSize                          = 65011712                                  {product} {ergonomic}
   size_t MarkStackSize                            = 4194304                                   {product} {ergonomic}
   size_t MaxHeapSize                              = 1610612736                                {product} {command line}
   size_t MaxNewSize                               = 965738496                                 {product} {ergonomic}
   size_t MinHeapDeltaBytes                        = 1048576                                   {product} {ergonomic}
    uintx NonNMethodCodeHeapSize                   = 5830732                                {pd product} {ergonomic}
    uintx NonProfiledCodeHeapSize                  = 122913754                              {pd product} {ergonomic}
    uintx ProfiledCodeHeapSize                     = 122913754                              {pd product} {ergonomic}
    uintx ReservedCodeCacheSize                    = 251658240                              {pd product} {ergonomic}
     bool SegmentedCodeCache                       = true                                      {product} {ergonomic}
     bool UseCompressedClassPointers               = true                                 {lp64_product} {ergonomic}
     bool UseCompressedOops                        = true                                 {lp64_product} {ergonomic}
     bool UseG1GC                                  = true                                      {product} {ergonomic}
     bool UseLargePagesIndividualAllocation        = false                                  {pd product} {ergonomic}

Logging:
Log output configuration:
 #0: stdout all=warning uptime,level,tags
 #1: stderr all=off uptime,level,tags

Environment Variables:
JAVA_HOME=C:\Program Files\Android\Android Studio\jre
CLASSPATH=C:\Dart\SampurnaGroupMobile\android\\gradle\wrapper\gradle-wrapper.jar
PATH=C:\Program Files\Microsoft\jdk-11.0.12.7-hotspot\bin;C:\Program Files (x86)\Common Files\Oracle\Java\javapath;C:\Windows\system32;C:\Windows;C:\Windows\System32\Wbem;C:\Windows\System32\WindowsPowerShell\v1.0\;C:\Windows\System32\OpenSSH\;C:\Program Files\nodejs\;C:\flutter\bin;C:\xampp\php;C:\ProgramData\ComposerSetup\bin;C:\Users\Acer\AppData\Local\Microsoft\WindowsApps;C:\Users\Acer\AppData\Roaming\npm;C:\Users\Acer\AppData\Local\Programs\Microsoft VS Code\bin;C:\Users\Acer\AppData\Local\GitHubDesktop\bin;C:\flutter\bin;%ANDROID_HOME%\platform-tools;%ANDROID_HOME%\tools;C:\Users\Acer\AppData\Roaming\Composer\vendor\bin;;C:\flutter\bin\mingit\cmd
USERNAME=Acer
OS=Windows_NT
PROCESSOR_IDENTIFIER=Intel64 Family 6 Model 156 Stepping 0, GenuineIntel



---------------  S Y S T E M  ---------------

OS: Windows 11 , 64 bit Build 22000 (10.0.22000.708)
OS uptime: 2 days 7:29 hours
Hyper-V role detected

CPU:total 4 (initial active 4) (4 cores per cpu, 1 threads per core) family 6 model 156 stepping 0 microcode 0x1d, cmov, cx8, fxsr, mmx, sse, sse2, sse3, ssse3, sse4.1, sse4.2, popcnt, aes, clmul, erms, 3dnowpref, tsc, tscinvbit, sha

Memory: 4k page, system-wide physical 3901M (164M free)
TotalPageFile size 15677M (AvailPageFile size 10M)
current process WorkingSet (physical memory assigned to process): 317M, peak: 553M
current process commit charge ("private bytes"): 622M, peak: 691M

vm_info: OpenJDK 64-Bit Server VM (11.0.13+0-b1751.21-8125866) for windows-amd64 JRE (11.0.13+0-b1751.21-8125866), built on Feb  2 2022 03:00:22 by "builder" with MS VC++ 14.0 (VS2015)

END.
