#
# There is insufficient memory for the Java Runtime Environment to continue.
# Native memory allocation (malloc) failed to allocate 413776 bytes for Chunk::new
# Possible reasons:
#   The system is out of physical RAM or swap space
#   The process is running with CompressedOops enabled, and the Java Heap may be blocking the growth of the native heap
# Possible solutions:
#   Reduce memory load on the system
#   Increase physical memory or swap space
#   Check if swap backing store is full
#   Decrease Java heap size (-Xmx/-Xms)
#   Decrease number of Java threads
#
#  
# No core dump will be written. Minidumps are not enabled by default on client versions of Windows
#

---------------  S U M M A R Y ------------

Command Line: --add-opens=java.base/java.util=ALL-UNNAMED --add-opens=java.base/java.lang=ALL-UNNAMED --add-opens=java.base/java.lang.invoke=ALL-UNNAMED --add-opens=java.base/java.util=ALL-UNNAMED --add-opens=java.prefs/java.util.prefs=ALL-UNNAMED --add-opens=java.prefs/java.util.prefs=ALL-UNNAMED --add-opens=java.base/java.nio.charset=ALL-UNNAMED --add-opens=java.base/java.net=ALL-UNNAMED --add-opens=java.base/java.util.concurrent.atomic=ALL-UNNAMED -Xmx1536M -Dfile.encoding=windows-1252 -Duser.country=ID -Duser.language=en -Duser.variant org.gradle.launcher.daemon.bootstrap.GradleDaemon 7.4

Host: Intel(R) Celeron(R) N5100 @ 1.10GHz, 4 cores, 3G,  Windows 11 , 64 bit Build 22000 (10.0.22000.708)
Time: Fri Mar  3 15:20:07 2023 SE Asia Standard Time elapsed time: 87.643402 seconds (0d 0h 1m 27s)

---------------  T H R E A D  ---------------

Current thread (0x0000020950782000):  JavaThread "C2 CompilerThread0" daemon [_thread_in_native, id=5280, stack(0x0000001a55d00000,0x0000001a55e00000)]


Current CompileTask:
C2:  87643 12708       4       org.gradle.internal.logging.text.AbstractLineChoppingStyledTextOutput::doAppend (43 bytes)

Stack: [0x0000001a55d00000,0x0000001a55e00000]
Native frames: (J=compiled Java code, j=interpreted, Vv=VM code, C=native code)
V  [jvm.dll+0x6100fa]
V  [jvm.dll+0x747090]
V  [jvm.dll+0x7486ad]
V  [jvm.dll+0x748d83]
V  [jvm.dll+0x24ab48]
V  [jvm.dll+0xc04dc]
V  [jvm.dll+0xc0a0c]
V  [jvm.dll+0x35eb9d]
V  [jvm.dll+0x32b833]
V  [jvm.dll+0x32ad2a]
V  [jvm.dll+0x2032b2]
V  [jvm.dll+0x202437]
V  [jvm.dll+0x188e01]
V  [jvm.dll+0x21106b]
V  [jvm.dll+0x20f8c1]
V  [jvm.dll+0x70de0f]
V  [jvm.dll+0x706a75]
V  [jvm.dll+0x60ed66]
C  [ucrtbase.dll+0x26c0c]
C  [KERNEL32.DLL+0x154e0]
C  [ntdll.dll+0x485b]


---------------  P R O C E S S  ---------------

Threads class SMR info:
_java_thread_list=0x0000020959a6fa90, length=87, elements={
0x0000020935f01000, 0x0000020950717000, 0x0000020950718000, 0x000002095077c800,
0x000002095077e000, 0x0000020950781000, 0x0000020950782000, 0x00000209510f3000,
0x0000020951116000, 0x00000209511ff800, 0x000002095294b800, 0x000002095223e000,
0x000002095219c000, 0x0000020951575800, 0x0000020951576800, 0x00000209522f7800,
0x0000020951397000, 0x0000020952321000, 0x000002095333e800, 0x000002095333f800,
0x0000020953349800, 0x000002095334a000, 0x000002095334b000, 0x000002095334e000,
0x000002095334b800, 0x000002095334d800, 0x0000020953348800, 0x000002095334f000,
0x000002095334c800, 0x0000020952262000, 0x0000020952263000, 0x0000020952264800,
0x0000020952263800, 0x0000020952265000, 0x0000020952261000, 0x000002095225f800,
0x0000020952266000, 0x0000020952260800, 0x000002095226c800, 0x0000020952267000,
0x000002095226c000, 0x000002095226d800, 0x0000020952267800, 0x0000020952268800,
0x000002095226b000, 0x0000020952269800, 0x000002095226a000, 0x0000020953536800,
0x0000020953536000, 0x0000020953531800, 0x0000020953537800, 0x0000020953532800,
0x0000020953538800, 0x0000020953539000, 0x0000020953534000, 0x0000020953535000,
0x0000020953533800, 0x000002095353f000, 0x000002095353a000, 0x000002095353f800,
0x000002095353a800, 0x000002095353c800, 0x000002095353d000, 0x0000020953540800,
0x000002095353e000, 0x000002095353b800, 0x0000020953744800, 0x0000020953749800,
0x000002095374a000, 0x000002095374b000, 0x0000020953745800, 0x0000020953748800,
0x000002095374c000, 0x0000020953746000, 0x000002095374c800, 0x0000020953747000,
0x000002095374d800, 0x0000020953750000, 0x0000020953751800, 0x000002095374f000,
0x0000020953750800, 0x000002095374e800, 0x0000020953752800, 0x0000020953753000,
0x0000020959c87000, 0x0000020959c87800, 0x0000020959c88800
}

Java Threads: ( => current thread )
  0x0000020935f01000 JavaThread "main" [_thread_blocked, id=15068, stack(0x0000001a55100000,0x0000001a55200000)]
  0x0000020950717000 JavaThread "Reference Handler" daemon [_thread_blocked, id=4628, stack(0x0000001a55800000,0x0000001a55900000)]
  0x0000020950718000 JavaThread "Finalizer" daemon [_thread_blocked, id=4788, stack(0x0000001a55900000,0x0000001a55a00000)]
  0x000002095077c800 JavaThread "Signal Dispatcher" daemon [_thread_blocked, id=664, stack(0x0000001a55a00000,0x0000001a55b00000)]
  0x000002095077e000 JavaThread "Attach Listener" daemon [_thread_blocked, id=11560, stack(0x0000001a55b00000,0x0000001a55c00000)]
  0x0000020950781000 JavaThread "Service Thread" daemon [_thread_blocked, id=9960, stack(0x0000001a55c00000,0x0000001a55d00000)]
=>0x0000020950782000 JavaThread "C2 CompilerThread0" daemon [_thread_in_native, id=5280, stack(0x0000001a55d00000,0x0000001a55e00000)]
  0x00000209510f3000 JavaThread "C1 CompilerThread0" daemon [_thread_blocked, id=1960, stack(0x0000001a55e00000,0x0000001a55f00000)]
  0x0000020951116000 JavaThread "Sweeper thread" daemon [_thread_blocked, id=15036, stack(0x0000001a55f00000,0x0000001a56000000)]
  0x00000209511ff800 JavaThread "Common-Cleaner" daemon [_thread_blocked, id=15136, stack(0x0000001a56000000,0x0000001a56100000)]
  0x000002095294b800 JavaThread "Daemon health stats" [_thread_blocked, id=9108, stack(0x0000001a56300000,0x0000001a56400000)]
  0x000002095223e000 JavaThread "Incoming local TCP Connector on port 56328" [_thread_in_native, id=11964, stack(0x0000001a56400000,0x0000001a56500000)]
  0x000002095219c000 JavaThread "Daemon periodic checks" [_thread_blocked, id=13052, stack(0x0000001a56500000,0x0000001a56600000)]
  0x0000020951575800 JavaThread "Daemon" [_thread_blocked, id=16140, stack(0x0000001a56600000,0x0000001a56700000)]
  0x0000020951576800 JavaThread "Handler for socket connection from /127.0.0.1:56328 to /127.0.0.1:56330" [_thread_in_native, id=1448, stack(0x0000001a56700000,0x0000001a56800000)]
  0x00000209522f7800 JavaThread "Cancel handler" [_thread_blocked, id=15092, stack(0x0000001a56a00000,0x0000001a56b00000)]
  0x0000020951397000 JavaThread "Daemon worker" [_thread_blocked, id=9888, stack(0x0000001a56b00000,0x0000001a56c00000)]
  0x0000020952321000 JavaThread "Asynchronous log dispatcher for DefaultDaemonConnection: socket connection from /127.0.0.1:56328 to /127.0.0.1:56330" [_thread_blocked, id=14516, stack(0x0000001a56c00000,0x0000001a56d00000)]
  0x000002095333e800 JavaThread "Stdin handler" [_thread_blocked, id=13072, stack(0x0000001a56d00000,0x0000001a56e00000)]
  0x000002095333f800 JavaThread "Daemon client event forwarder" [_thread_blocked, id=12980, stack(0x0000001a56e00000,0x0000001a56f00000)]
  0x0000020953349800 JavaThread "Cache worker for journal cache (C:\Users\Acer\.gradle\caches\journal-1)" [_thread_blocked, id=3016, stack(0x0000001a56f00000,0x0000001a57000000)]
  0x000002095334a000 JavaThread "File lock request listener" [_thread_in_native, id=15276, stack(0x0000001a57000000,0x0000001a57100000)]
  0x000002095334b000 JavaThread "Cache worker for file hash cache (C:\Users\Acer\.gradle\caches\7.4\fileHashes)" [_thread_blocked, id=15496, stack(0x0000001a57100000,0x0000001a57200000)]
  0x000002095334e000 JavaThread "File watcher server" daemon [_thread_in_native, id=12252, stack(0x0000001a57200000,0x0000001a57300000)]
  0x000002095334b800 JavaThread "File watcher consumer" daemon [_thread_blocked, id=11544, stack(0x0000001a57300000,0x0000001a57400000)]
  0x000002095334d800 JavaThread "Cache worker for checksums cache (C:\Dart\SampurnaGroupMobile\android\.gradle\7.4\checksums)" [_thread_blocked, id=1552, stack(0x0000001a57400000,0x0000001a57500000)]
  0x0000020953348800 JavaThread "Cache worker for cache directory md-rule (C:\Users\Acer\.gradle\caches\7.4\md-rule)" [_thread_blocked, id=13888, stack(0x0000001a57500000,0x0000001a57600000)]
  0x000002095334f000 JavaThread "Cache worker for file hash cache (C:\Dart\SampurnaGroupMobile\android\.gradle\7.4\fileHashes)" [_thread_blocked, id=4204, stack(0x0000001a57600000,0x0000001a57700000)]
  0x000002095334c800 JavaThread "Cache worker for cache directory md-supplier (C:\Users\Acer\.gradle\caches\7.4\md-supplier)" [_thread_blocked, id=14040, stack(0x0000001a57700000,0x0000001a57800000)]
  0x0000020952262000 JavaThread "Cache worker for execution history cache (C:\Users\Acer\.gradle\caches\7.4\executionHistory)" [_thread_blocked, id=11480, stack(0x0000001a57800000,0x0000001a57900000)]
  0x0000020952263000 JavaThread "jar transforms" [_thread_blocked, id=6400, stack(0x0000001a57900000,0x0000001a57a00000)]
  0x0000020952264800 JavaThread "jar transforms Thread 2" [_thread_blocked, id=13068, stack(0x0000001a57a00000,0x0000001a57b00000)]
  0x0000020952263800 JavaThread "Cache worker for file content cache (C:\Users\Acer\.gradle\caches\7.4\fileContent)" [_thread_blocked, id=15884, stack(0x0000001a57b00000,0x0000001a57c00000)]
  0x0000020952265000 JavaThread "jar transforms Thread 3" [_thread_blocked, id=4436, stack(0x0000001a57c00000,0x0000001a57d00000)]
  0x0000020952261000 JavaThread "jar transforms Thread 4" [_thread_blocked, id=10940, stack(0x0000001a57d00000,0x0000001a57e00000)]
  0x000002095225f800 JavaThread "Cache worker for dependencies-accessors (C:\Dart\SampurnaGroupMobile\android\.gradle\7.4\dependencies-accessors)" [_thread_blocked, id=16088, stack(0x0000001a57e00000,0x0000001a57f00000)]
  0x0000020952266000 JavaThread "Cache worker for Build Output Cleanup Cache (C:\Dart\SampurnaGroupMobile\android\.gradle\buildOutputCleanup)" [_thread_blocked, id=14640, stack(0x0000001a57f00000,0x0000001a58000000)]
  0x0000020952260800 JavaThread "Unconstrained build operations" [_thread_blocked, id=12424, stack(0x0000001a58000000,0x0000001a58100000)]
  0x000002095226c800 JavaThread "Unconstrained build operations Thread 2" [_thread_blocked, id=4780, stack(0x0000001a58100000,0x0000001a58200000)]
  0x0000020952267000 JavaThread "Unconstrained build operations Thread 3" [_thread_blocked, id=10516, stack(0x0000001a58200000,0x0000001a58300000)]
  0x000002095226c000 JavaThread "Unconstrained build operations Thread 4" [_thread_blocked, id=15532, stack(0x0000001a58300000,0x0000001a58400000)]
  0x000002095226d800 JavaThread "Unconstrained build operations Thread 5" [_thread_blocked, id=4304, stack(0x0000001a58400000,0x0000001a58500000)]
  0x0000020952267800 JavaThread "Unconstrained build operations Thread 6" [_thread_blocked, id=12124, stack(0x0000001a58500000,0x0000001a58600000)]
  0x0000020952268800 JavaThread "Unconstrained build operations Thread 7" [_thread_blocked, id=9804, stack(0x0000001a58600000,0x0000001a58700000)]
  0x000002095226b000 JavaThread "Unconstrained build operations Thread 8" [_thread_blocked, id=5464, stack(0x0000001a58700000,0x0000001a58800000)]
  0x0000020952269800 JavaThread "Unconstrained build operations Thread 9" [_thread_blocked, id=11536, stack(0x0000001a58800000,0x0000001a58900000)]
  0x000002095226a000 JavaThread "Unconstrained build operations Thread 10" [_thread_blocked, id=7752, stack(0x0000001a58900000,0x0000001a58a00000)]
  0x0000020953536800 JavaThread "Unconstrained build operations Thread 11" [_thread_blocked, id=12308, stack(0x0000001a58a00000,0x0000001a58b00000)]
  0x0000020953536000 JavaThread "Unconstrained build operations Thread 12" [_thread_blocked, id=10312, stack(0x0000001a58b00000,0x0000001a58c00000)]
  0x0000020953531800 JavaThread "Unconstrained build operations Thread 13" [_thread_blocked, id=15108, stack(0x0000001a58c00000,0x0000001a58d00000)]
  0x0000020953537800 JavaThread "Unconstrained build operations Thread 14" [_thread_blocked, id=14128, stack(0x0000001a58d00000,0x0000001a58e00000)]
  0x0000020953532800 JavaThread "Unconstrained build operations Thread 15" [_thread_blocked, id=2836, stack(0x0000001a58e00000,0x0000001a58f00000)]
  0x0000020953538800 JavaThread "Unconstrained build operations Thread 16" [_thread_blocked, id=10608, stack(0x0000001a58f00000,0x0000001a59000000)]
  0x0000020953539000 JavaThread "Unconstrained build operations Thread 17" [_thread_blocked, id=14508, stack(0x0000001a59000000,0x0000001a59100000)]
  0x0000020953534000 JavaThread "Unconstrained build operations Thread 18" [_thread_blocked, id=13612, stack(0x0000001a59100000,0x0000001a59200000)]
  0x0000020953535000 JavaThread "Unconstrained build operations Thread 19" [_thread_blocked, id=32, stack(0x0000001a59200000,0x0000001a59300000)]
  0x0000020953533800 JavaThread "Unconstrained build operations Thread 20" [_thread_blocked, id=11340, stack(0x0000001a59300000,0x0000001a59400000)]
  0x000002095353f000 JavaThread "Unconstrained build operations Thread 21" [_thread_blocked, id=6660, stack(0x0000001a59400000,0x0000001a59500000)]
  0x000002095353a000 JavaThread "Unconstrained build operations Thread 22" [_thread_blocked, id=7076, stack(0x0000001a59500000,0x0000001a59600000)]
  0x000002095353f800 JavaThread "Unconstrained build operations Thread 23" [_thread_blocked, id=10232, stack(0x0000001a59600000,0x0000001a59700000)]
  0x000002095353a800 JavaThread "Unconstrained build operations Thread 24" [_thread_blocked, id=15840, stack(0x0000001a59700000,0x0000001a59800000)]
  0x000002095353c800 JavaThread "Unconstrained build operations Thread 25" [_thread_blocked, id=8624, stack(0x0000001a59800000,0x0000001a59900000)]
  0x000002095353d000 JavaThread "Unconstrained build operations Thread 26" [_thread_blocked, id=6964, stack(0x0000001a59900000,0x0000001a59a00000)]
  0x0000020953540800 JavaThread "Unconstrained build operations Thread 27" [_thread_blocked, id=12700, stack(0x0000001a59a00000,0x0000001a59b00000)]
  0x000002095353e000 JavaThread "Unconstrained build operations Thread 28" [_thread_blocked, id=10464, stack(0x0000001a59b00000,0x0000001a59c00000)]
  0x000002095353b800 JavaThread "Unconstrained build operations Thread 29" [_thread_blocked, id=6100, stack(0x0000001a59c00000,0x0000001a59d00000)]
  0x0000020953744800 JavaThread "Unconstrained build operations Thread 30" [_thread_blocked, id=6708, stack(0x0000001a59d00000,0x0000001a59e00000)]
  0x0000020953749800 JavaThread "Unconstrained build operations Thread 31" [_thread_blocked, id=8360, stack(0x0000001a59e00000,0x0000001a59f00000)]
  0x000002095374a000 JavaThread "Unconstrained build operations Thread 32" [_thread_blocked, id=14568, stack(0x0000001a59f00000,0x0000001a5a000000)]
  0x000002095374b000 JavaThread "Unconstrained build operations Thread 33" [_thread_blocked, id=11072, stack(0x0000001a5a000000,0x0000001a5a100000)]
  0x0000020953745800 JavaThread "Unconstrained build operations Thread 34" [_thread_blocked, id=12972, stack(0x0000001a5a100000,0x0000001a5a200000)]
  0x0000020953748800 JavaThread "Unconstrained build operations Thread 35" [_thread_blocked, id=16252, stack(0x0000001a5a200000,0x0000001a5a300000)]
  0x000002095374c000 JavaThread "Unconstrained build operations Thread 36" [_thread_blocked, id=12108, stack(0x0000001a5a300000,0x0000001a5a400000)]
  0x0000020953746000 JavaThread "Unconstrained build operations Thread 37" [_thread_blocked, id=7068, stack(0x0000001a5a400000,0x0000001a5a500000)]
  0x000002095374c800 JavaThread "Unconstrained build operations Thread 38" [_thread_blocked, id=10176, stack(0x0000001a5a500000,0x0000001a5a600000)]
  0x0000020953747000 JavaThread "Unconstrained build operations Thread 39" [_thread_blocked, id=5624, stack(0x0000001a5a600000,0x0000001a5a700000)]
  0x000002095374d800 JavaThread "Unconstrained build operations Thread 40" [_thread_blocked, id=12092, stack(0x0000001a5a700000,0x0000001a5a800000)]
  0x0000020953750000 JavaThread "Memory manager" [_thread_blocked, id=10032, stack(0x0000001a54f00000,0x0000001a55000000)]
  0x0000020953751800 JavaThread "build event listener" [_thread_blocked, id=13424, stack(0x0000001a5aa00000,0x0000001a5ab00000)]
  0x000002095374f000 JavaThread "included builds" [_thread_blocked, id=10832, stack(0x0000001a54e00000,0x0000001a54f00000)]
  0x0000020953750800 JavaThread "Execution worker for ':'" [_thread_blocked, id=15460, stack(0x0000001a55000000,0x0000001a55100000)]
  0x000002095374e800 JavaThread "Execution worker for ':' Thread 2" [_thread_blocked, id=13692, stack(0x0000001a5ab00000,0x0000001a5ac00000)]
  0x0000020953752800 JavaThread "Execution worker for ':' Thread 3" [_thread_blocked, id=10956, stack(0x0000001a5ac00000,0x0000001a5ad00000)]
  0x0000020953753000 JavaThread "Cache worker for execution history cache (C:\Dart\SampurnaGroupMobile\android\.gradle\7.4\executionHistory)" [_thread_blocked, id=12200, stack(0x0000001a5ad00000,0x0000001a5ae00000)]
  0x0000020959c87000 JavaThread "Exec process" [_thread_in_native, id=2388, stack(0x0000001a5ae00000,0x0000001a5af00000)]
  0x0000020959c87800 JavaThread "Exec process Thread 2" [_thread_in_native, id=8324, stack(0x0000001a5af00000,0x0000001a5b000000)]
  0x0000020959c88800 JavaThread "Exec process Thread 3" [_thread_in_native, id=13912, stack(0x0000001a5b000000,0x0000001a5b100000)]

Other Threads:
  0x00000209506f2800 VMThread "VM Thread" [stack: 0x0000001a55700000,0x0000001a55800000] [id=15508]
  0x000002095120a000 WatcherThread [stack: 0x0000001a56100000,0x0000001a56200000] [id=6600]
  0x0000020935f1a000 GCTaskThread "GC Thread#0" [stack: 0x0000001a55200000,0x0000001a55300000] [id=4200]
  0x00000209514e0800 GCTaskThread "GC Thread#1" [stack: 0x0000001a56200000,0x0000001a56300000] [id=7136]
  0x000002095168b000 GCTaskThread "GC Thread#2" [stack: 0x0000001a56800000,0x0000001a56900000] [id=9148]
  0x000002095168b800 GCTaskThread "GC Thread#3" [stack: 0x0000001a56900000,0x0000001a56a00000] [id=14536]
  0x0000020935f3f000 ConcurrentGCThread "G1 Main Marker" [stack: 0x0000001a55300000,0x0000001a55400000] [id=6520]
  0x0000020935f42000 ConcurrentGCThread "G1 Conc#0" [stack: 0x0000001a55400000,0x0000001a55500000] [id=15344]
  0x0000020935f8b000 ConcurrentGCThread "G1 Refine#0" [stack: 0x0000001a55500000,0x0000001a55600000] [id=2512]
  0x0000020935f8c000 ConcurrentGCThread "G1 Young RemSet Sampling" [stack: 0x0000001a55600000,0x0000001a55700000] [id=9492]

Threads with active compile tasks:
C2 CompilerThread0  87696 12708       4       org.gradle.internal.logging.text.AbstractLineChoppingStyledTextOutput::doAppend (43 bytes)

VM state:not at safepoint (normal execution)

VM Mutex/Monitor currently owned by a thread: None

Heap address: 0x00000000a0000000, size: 1536 MB, Compressed Oops mode: 32-bit
Narrow klass base: 0x0000000000000000, Narrow klass shift: 3
Compressed class space size: 1073741824 Address: 0x0000000100000000

Heap:
 garbage-first heap   total 195584K, used 160719K [0x00000000a0000000, 0x0000000100000000)
  region size 1024K, 16 young (16384K), 3 survivors (3072K)
 Metaspace       used 91779K, capacity 95707K, committed 95824K, reserved 1132544K
  class space    used 11956K, capacity 13234K, committed 13312K, reserved 1048576K
Heap Regions: E=young(eden), S=young(survivor), O=old, HS=humongous(starts), HC=humongous(continues), CS=collection set, F=free, A=archive, TAMS=top-at-mark-start (previous, next)
|   0|0x00000000a0000000, 0x00000000a0100000, 0x00000000a0100000|100%|HS|  |TAMS 0x00000000a0100000, 0x00000000a0000000| Complete 
|   1|0x00000000a0100000, 0x00000000a0200000, 0x00000000a0200000|100%|HC|  |TAMS 0x00000000a0200000, 0x00000000a0100000| Complete 
|   2|0x00000000a0200000, 0x00000000a0300000, 0x00000000a0300000|100%|HC|  |TAMS 0x00000000a0300000, 0x00000000a0200000| Complete 
|   3|0x00000000a0300000, 0x00000000a0400000, 0x00000000a0400000|100%| O|  |TAMS 0x00000000a0400000, 0x00000000a0300000| Untracked 
|   4|0x00000000a0400000, 0x00000000a0500000, 0x00000000a0500000|100%| O|  |TAMS 0x00000000a0500000, 0x00000000a0400000| Untracked 
|   5|0x00000000a0500000, 0x00000000a0600000, 0x00000000a0600000|100%| O|  |TAMS 0x00000000a0600000, 0x00000000a0500000| Untracked 
|   6|0x00000000a0600000, 0x00000000a0700000, 0x00000000a0700000|100%| O|  |TAMS 0x00000000a0700000, 0x00000000a0600000| Untracked 
|   7|0x00000000a0700000, 0x00000000a0800000, 0x00000000a0800000|100%| O|  |TAMS 0x00000000a0800000, 0x00000000a0700000| Untracked 
|   8|0x00000000a0800000, 0x00000000a0900000, 0x00000000a0900000|100%| O|  |TAMS 0x00000000a0900000, 0x00000000a0800000| Untracked 
|   9|0x00000000a0900000, 0x00000000a0a00000, 0x00000000a0a00000|100%| O|  |TAMS 0x00000000a0a00000, 0x00000000a0900000| Untracked 
|  10|0x00000000a0a00000, 0x00000000a0b00000, 0x00000000a0b00000|100%| O|  |TAMS 0x00000000a0b00000, 0x00000000a0a00000| Untracked 
|  11|0x00000000a0b00000, 0x00000000a0c00000, 0x00000000a0c00000|100%| O|  |TAMS 0x00000000a0c00000, 0x00000000a0b00000| Untracked 
|  12|0x00000000a0c00000, 0x00000000a0d00000, 0x00000000a0d00000|100%| O|  |TAMS 0x00000000a0d00000, 0x00000000a0c00000| Untracked 
|  13|0x00000000a0d00000, 0x00000000a0e00000, 0x00000000a0e00000|100%| O|  |TAMS 0x00000000a0e00000, 0x00000000a0d00000| Untracked 
|  14|0x00000000a0e00000, 0x00000000a0f00000, 0x00000000a0f00000|100%| O|  |TAMS 0x00000000a0f00000, 0x00000000a0e00000| Untracked 
|  15|0x00000000a0f00000, 0x00000000a1000000, 0x00000000a1000000|100%| O|  |TAMS 0x00000000a1000000, 0x00000000a0f00000| Untracked 
|  16|0x00000000a1000000, 0x00000000a1100000, 0x00000000a1100000|100%| O|  |TAMS 0x00000000a1100000, 0x00000000a1000000| Untracked 
|  17|0x00000000a1100000, 0x00000000a1200000, 0x00000000a1200000|100%| O|  |TAMS 0x00000000a1200000, 0x00000000a1100000| Untracked 
|  18|0x00000000a1200000, 0x00000000a1300000, 0x00000000a1300000|100%| O|  |TAMS 0x00000000a1300000, 0x00000000a1200000| Untracked 
|  19|0x00000000a1300000, 0x00000000a1400000, 0x00000000a1400000|100%| O|  |TAMS 0x00000000a1400000, 0x00000000a1300000| Untracked 
|  20|0x00000000a1400000, 0x00000000a1500000, 0x00000000a1500000|100%| O|  |TAMS 0x00000000a1500000, 0x00000000a1400000| Untracked 
|  21|0x00000000a1500000, 0x00000000a1600000, 0x00000000a1600000|100%| O|  |TAMS 0x00000000a1600000, 0x00000000a1500000| Untracked 
|  22|0x00000000a1600000, 0x00000000a1700000, 0x00000000a1700000|100%| O|  |TAMS 0x00000000a1700000, 0x00000000a1600000| Untracked 
|  23|0x00000000a1700000, 0x00000000a1800000, 0x00000000a1800000|100%| O|  |TAMS 0x00000000a1800000, 0x00000000a1700000| Untracked 
|  24|0x00000000a1800000, 0x00000000a1900000, 0x00000000a1900000|100%| O|  |TAMS 0x00000000a1900000, 0x00000000a1800000| Untracked 
|  25|0x00000000a1900000, 0x00000000a1a00000, 0x00000000a1a00000|100%| O|  |TAMS 0x00000000a1a00000, 0x00000000a1900000| Untracked 
|  26|0x00000000a1a00000, 0x00000000a1b00000, 0x00000000a1b00000|100%| O|  |TAMS 0x00000000a1b00000, 0x00000000a1a00000| Untracked 
|  27|0x00000000a1b00000, 0x00000000a1c00000, 0x00000000a1c00000|100%| O|  |TAMS 0x00000000a1c00000, 0x00000000a1b00000| Untracked 
|  28|0x00000000a1c00000, 0x00000000a1d00000, 0x00000000a1d00000|100%| O|  |TAMS 0x00000000a1d00000, 0x00000000a1c00000| Untracked 
|  29|0x00000000a1d00000, 0x00000000a1e00000, 0x00000000a1e00000|100%| O|  |TAMS 0x00000000a1e00000, 0x00000000a1d00000| Untracked 
|  30|0x00000000a1e00000, 0x00000000a1f00000, 0x00000000a1f00000|100%| O|  |TAMS 0x00000000a1f00000, 0x00000000a1e00000| Untracked 
|  31|0x00000000a1f00000, 0x00000000a2000000, 0x00000000a2000000|100%| O|  |TAMS 0x00000000a2000000, 0x00000000a1f00000| Untracked 
|  32|0x00000000a2000000, 0x00000000a2100000, 0x00000000a2100000|100%| O|  |TAMS 0x00000000a2100000, 0x00000000a2000000| Untracked 
|  33|0x00000000a2100000, 0x00000000a2200000, 0x00000000a2200000|100%| O|  |TAMS 0x00000000a2200000, 0x00000000a2100000| Untracked 
|  34|0x00000000a2200000, 0x00000000a2300000, 0x00000000a2300000|100%| O|  |TAMS 0x00000000a2300000, 0x00000000a2200000| Untracked 
|  35|0x00000000a2300000, 0x00000000a2400000, 0x00000000a2400000|100%|HS|  |TAMS 0x00000000a2400000, 0x00000000a2300000| Complete 
|  36|0x00000000a2400000, 0x00000000a2500000, 0x00000000a2500000|100%|HS|  |TAMS 0x00000000a2500000, 0x00000000a2400000| Complete 
|  37|0x00000000a2500000, 0x00000000a2600000, 0x00000000a2600000|100%|HS|  |TAMS 0x00000000a2600000, 0x00000000a2500000| Complete 
|  38|0x00000000a2600000, 0x00000000a2700000, 0x00000000a2700000|100%|HS|  |TAMS 0x00000000a2700000, 0x00000000a2600000| Complete 
|  39|0x00000000a2700000, 0x00000000a2800000, 0x00000000a2800000|100%| O|  |TAMS 0x00000000a2800000, 0x00000000a2700000| Untracked 
|  40|0x00000000a2800000, 0x00000000a2900000, 0x00000000a2900000|100%|HS|  |TAMS 0x00000000a2900000, 0x00000000a2800000| Complete 
|  41|0x00000000a2900000, 0x00000000a2a00000, 0x00000000a2a00000|100%|HC|  |TAMS 0x00000000a2a00000, 0x00000000a2900000| Complete 
|  42|0x00000000a2a00000, 0x00000000a2b00000, 0x00000000a2b00000|100%|HC|  |TAMS 0x00000000a2b00000, 0x00000000a2a00000| Complete 
|  43|0x00000000a2b00000, 0x00000000a2c00000, 0x00000000a2c00000|100%| O|  |TAMS 0x00000000a2c00000, 0x00000000a2b00000| Untracked 
|  44|0x00000000a2c00000, 0x00000000a2d00000, 0x00000000a2d00000|100%| O|  |TAMS 0x00000000a2d00000, 0x00000000a2c00000| Untracked 
|  45|0x00000000a2d00000, 0x00000000a2e00000, 0x00000000a2e00000|100%| O|  |TAMS 0x00000000a2e00000, 0x00000000a2d00000| Untracked 
|  46|0x00000000a2e00000, 0x00000000a2f00000, 0x00000000a2f00000|100%|HS|  |TAMS 0x00000000a2f00000, 0x00000000a2e00000| Complete 
|  47|0x00000000a2f00000, 0x00000000a3000000, 0x00000000a3000000|100%|HC|  |TAMS 0x00000000a3000000, 0x00000000a2f00000| Complete 
|  48|0x00000000a3000000, 0x00000000a3100000, 0x00000000a3100000|100%| O|  |TAMS 0x00000000a3100000, 0x00000000a3000000| Untracked 
|  49|0x00000000a3100000, 0x00000000a3200000, 0x00000000a3200000|100%| O|  |TAMS 0x00000000a3200000, 0x00000000a3100000| Untracked 
|  50|0x00000000a3200000, 0x00000000a3300000, 0x00000000a3300000|100%| O|  |TAMS 0x00000000a3300000, 0x00000000a3200000| Untracked 
|  51|0x00000000a3300000, 0x00000000a3400000, 0x00000000a3400000|100%| O|  |TAMS 0x00000000a3400000, 0x00000000a3300000| Untracked 
|  52|0x00000000a3400000, 0x00000000a3500000, 0x00000000a3500000|100%| O|  |TAMS 0x00000000a3500000, 0x00000000a3400000| Untracked 
|  53|0x00000000a3500000, 0x00000000a3600000, 0x00000000a3600000|100%| O|  |TAMS 0x00000000a3600000, 0x00000000a3500000| Untracked 
|  54|0x00000000a3600000, 0x00000000a3700000, 0x00000000a3700000|100%| O|  |TAMS 0x00000000a3700000, 0x00000000a3600000| Untracked 
|  55|0x00000000a3700000, 0x00000000a3800000, 0x00000000a3800000|100%| O|  |TAMS 0x00000000a3800000, 0x00000000a3700000| Untracked 
|  56|0x00000000a3800000, 0x00000000a3900000, 0x00000000a3900000|100%| O|  |TAMS 0x00000000a3900000, 0x00000000a3800000| Untracked 
|  57|0x00000000a3900000, 0x00000000a3a00000, 0x00000000a3a00000|100%| O|  |TAMS 0x00000000a3a00000, 0x00000000a3900000| Untracked 
|  58|0x00000000a3a00000, 0x00000000a3b00000, 0x00000000a3b00000|100%|HS|  |TAMS 0x00000000a3b00000, 0x00000000a3a00000| Complete 
|  59|0x00000000a3b00000, 0x00000000a3c00000, 0x00000000a3c00000|100%|HS|  |TAMS 0x00000000a3c00000, 0x00000000a3b00000| Complete 
|  60|0x00000000a3c00000, 0x00000000a3d00000, 0x00000000a3d00000|100%|HC|  |TAMS 0x00000000a3d00000, 0x00000000a3c00000| Complete 
|  61|0x00000000a3d00000, 0x00000000a3e00000, 0x00000000a3e00000|100%| O|  |TAMS 0x00000000a3e00000, 0x00000000a3d00000| Untracked 
|  62|0x00000000a3e00000, 0x00000000a3f00000, 0x00000000a3f00000|100%| O|  |TAMS 0x00000000a3f00000, 0x00000000a3e00000| Untracked 
|  63|0x00000000a3f00000, 0x00000000a4000000, 0x00000000a4000000|100%| O|  |TAMS 0x00000000a4000000, 0x00000000a3f00000| Untracked 
|  64|0x00000000a4000000, 0x00000000a4100000, 0x00000000a4100000|100%| O|  |TAMS 0x00000000a4100000, 0x00000000a4000000| Untracked 
|  65|0x00000000a4100000, 0x00000000a4200000, 0x00000000a4200000|100%| O|  |TAMS 0x00000000a4200000, 0x00000000a4100000| Untracked 
|  66|0x00000000a4200000, 0x00000000a4300000, 0x00000000a4300000|100%| O|  |TAMS 0x00000000a4300000, 0x00000000a4200000| Untracked 
|  67|0x00000000a4300000, 0x00000000a4400000, 0x00000000a4400000|100%| O|  |TAMS 0x00000000a4400000, 0x00000000a4300000| Untracked 
|  68|0x00000000a4400000, 0x00000000a4500000, 0x00000000a4500000|100%| O|  |TAMS 0x00000000a4500000, 0x00000000a4400000| Untracked 
|  69|0x00000000a4500000, 0x00000000a4600000, 0x00000000a4600000|100%| O|  |TAMS 0x00000000a4600000, 0x00000000a4500000| Untracked 
|  70|0x00000000a4600000, 0x00000000a4700000, 0x00000000a4700000|100%| O|  |TAMS 0x00000000a4700000, 0x00000000a4600000| Untracked 
|  71|0x00000000a4700000, 0x00000000a4800000, 0x00000000a4800000|100%| O|  |TAMS 0x00000000a4800000, 0x00000000a4700000| Untracked 
|  72|0x00000000a4800000, 0x00000000a4900000, 0x00000000a4900000|100%| O|  |TAMS 0x00000000a4900000, 0x00000000a4800000| Untracked 
|  73|0x00000000a4900000, 0x00000000a4a00000, 0x00000000a4a00000|100%| O|  |TAMS 0x00000000a4a00000, 0x00000000a4900000| Untracked 
|  74|0x00000000a4a00000, 0x00000000a4b00000, 0x00000000a4b00000|100%| O|  |TAMS 0x00000000a4b00000, 0x00000000a4a00000| Untracked 
|  75|0x00000000a4b00000, 0x00000000a4c00000, 0x00000000a4c00000|100%| O|  |TAMS 0x00000000a4c00000, 0x00000000a4b00000| Untracked 
|  76|0x00000000a4c00000, 0x00000000a4d00000, 0x00000000a4d00000|100%| O|  |TAMS 0x00000000a4d00000, 0x00000000a4c00000| Untracked 
|  77|0x00000000a4d00000, 0x00000000a4e00000, 0x00000000a4e00000|100%| O|  |TAMS 0x00000000a4e00000, 0x00000000a4d00000| Untracked 
|  78|0x00000000a4e00000, 0x00000000a4f00000, 0x00000000a4f00000|100%| O|  |TAMS 0x00000000a4f00000, 0x00000000a4e00000| Untracked 
|  79|0x00000000a4f00000, 0x00000000a5000000, 0x00000000a5000000|100%| O|  |TAMS 0x00000000a5000000, 0x00000000a4f00000| Untracked 
|  80|0x00000000a5000000, 0x00000000a5100000, 0x00000000a5100000|100%| O|  |TAMS 0x00000000a5100000, 0x00000000a5000000| Untracked 
|  81|0x00000000a5100000, 0x00000000a5200000, 0x00000000a5200000|100%| O|  |TAMS 0x00000000a5200000, 0x00000000a5100000| Untracked 
|  82|0x00000000a5200000, 0x00000000a5300000, 0x00000000a5300000|100%| O|  |TAMS 0x00000000a5300000, 0x00000000a5200000| Untracked 
|  83|0x00000000a5300000, 0x00000000a5400000, 0x00000000a5400000|100%|HS|  |TAMS 0x00000000a5400000, 0x00000000a5300000| Complete 
|  84|0x00000000a5400000, 0x00000000a5500000, 0x00000000a5500000|100%|HS|  |TAMS 0x00000000a5500000, 0x00000000a5400000| Complete 
|  85|0x00000000a5500000, 0x00000000a5600000, 0x00000000a5600000|100%| O|  |TAMS 0x00000000a5600000, 0x00000000a5500000| Untracked 
|  86|0x00000000a5600000, 0x00000000a5700000, 0x00000000a5700000|100%| O|  |TAMS 0x00000000a5700000, 0x00000000a5600000| Untracked 
|  87|0x00000000a5700000, 0x00000000a5800000, 0x00000000a5800000|100%| O|  |TAMS 0x00000000a5800000, 0x00000000a5700000| Untracked 
|  88|0x00000000a5800000, 0x00000000a5900000, 0x00000000a5900000|100%| O|  |TAMS 0x00000000a5900000, 0x00000000a5800000| Untracked 
|  89|0x00000000a5900000, 0x00000000a5a00000, 0x00000000a5a00000|100%| O|  |TAMS 0x00000000a5a00000, 0x00000000a5900000| Untracked 
|  90|0x00000000a5a00000, 0x00000000a5b00000, 0x00000000a5b00000|100%| O|  |TAMS 0x00000000a5b00000, 0x00000000a5a00000| Untracked 
|  91|0x00000000a5b00000, 0x00000000a5c00000, 0x00000000a5c00000|100%| O|  |TAMS 0x00000000a5c00000, 0x00000000a5b00000| Untracked 
|  92|0x00000000a5c00000, 0x00000000a5d00000, 0x00000000a5d00000|100%| O|  |TAMS 0x00000000a5d00000, 0x00000000a5c00000| Untracked 
|  93|0x00000000a5d00000, 0x00000000a5e00000, 0x00000000a5e00000|100%| O|  |TAMS 0x00000000a5e00000, 0x00000000a5d00000| Untracked 
|  94|0x00000000a5e00000, 0x00000000a5f00000, 0x00000000a5f00000|100%| O|  |TAMS 0x00000000a5f00000, 0x00000000a5e00000| Untracked 
|  95|0x00000000a5f00000, 0x00000000a6000000, 0x00000000a6000000|100%| O|  |TAMS 0x00000000a6000000, 0x00000000a5f00000| Untracked 
|  96|0x00000000a6000000, 0x00000000a6100000, 0x00000000a6100000|100%| O|  |TAMS 0x00000000a6100000, 0x00000000a6000000| Untracked 
|  97|0x00000000a6100000, 0x00000000a6200000, 0x00000000a6200000|100%| O|  |TAMS 0x00000000a6200000, 0x00000000a6100000| Untracked 
|  98|0x00000000a6200000, 0x00000000a6300000, 0x00000000a6300000|100%| O|  |TAMS 0x00000000a6300000, 0x00000000a6200000| Untracked 
|  99|0x00000000a6300000, 0x00000000a6400000, 0x00000000a6400000|100%| O|  |TAMS 0x00000000a6400000, 0x00000000a6300000| Untracked 
| 100|0x00000000a6400000, 0x00000000a6500000, 0x00000000a6500000|100%| O|  |TAMS 0x00000000a6500000, 0x00000000a6400000| Untracked 
| 101|0x00000000a6500000, 0x00000000a6600000, 0x00000000a6600000|100%| O|  |TAMS 0x00000000a6600000, 0x00000000a6500000| Untracked 
| 102|0x00000000a6600000, 0x00000000a6700000, 0x00000000a6700000|100%| O|  |TAMS 0x00000000a6700000, 0x00000000a6600000| Untracked 
| 103|0x00000000a6700000, 0x00000000a6800000, 0x00000000a6800000|100%| O|  |TAMS 0x00000000a6800000, 0x00000000a6700000| Untracked 
| 104|0x00000000a6800000, 0x00000000a6900000, 0x00000000a6900000|100%| O|  |TAMS 0x00000000a6900000, 0x00000000a6800000| Untracked 
| 105|0x00000000a6900000, 0x00000000a6a00000, 0x00000000a6a00000|100%| O|  |TAMS 0x00000000a6a00000, 0x00000000a6900000| Untracked 
| 106|0x00000000a6a00000, 0x00000000a6b00000, 0x00000000a6b00000|100%| O|  |TAMS 0x00000000a6b00000, 0x00000000a6a00000| Untracked 
| 107|0x00000000a6b00000, 0x00000000a6c00000, 0x00000000a6c00000|100%| O|  |TAMS 0x00000000a6c00000, 0x00000000a6b00000| Untracked 
| 108|0x00000000a6c00000, 0x00000000a6d00000, 0x00000000a6d00000|100%|HS|  |TAMS 0x00000000a6d00000, 0x00000000a6c00000| Complete 
| 109|0x00000000a6d00000, 0x00000000a6e00000, 0x00000000a6e00000|100%|HS|  |TAMS 0x00000000a6e00000, 0x00000000a6d00000| Complete 
| 110|0x00000000a6e00000, 0x00000000a6f00000, 0x00000000a6f00000|100%| O|  |TAMS 0x00000000a6f00000, 0x00000000a6e00000| Untracked 
| 111|0x00000000a6f00000, 0x00000000a7000000, 0x00000000a7000000|100%| O|  |TAMS 0x00000000a7000000, 0x00000000a6f00000| Untracked 
| 112|0x00000000a7000000, 0x00000000a7100000, 0x00000000a7100000|100%| O|  |TAMS 0x00000000a7100000, 0x00000000a7000000| Untracked 
| 113|0x00000000a7100000, 0x00000000a7200000, 0x00000000a7200000|100%| O|  |TAMS 0x00000000a7200000, 0x00000000a7100000| Untracked 
| 114|0x00000000a7200000, 0x00000000a7300000, 0x00000000a7300000|100%| O|  |TAMS 0x00000000a7300000, 0x00000000a7200000| Untracked 
| 115|0x00000000a7300000, 0x00000000a7400000, 0x00000000a7400000|100%| O|  |TAMS 0x00000000a7400000, 0x00000000a7300000| Untracked 
| 116|0x00000000a7400000, 0x00000000a7500000, 0x00000000a7500000|100%| O|  |TAMS 0x00000000a7500000, 0x00000000a7400000| Untracked 
| 117|0x00000000a7500000, 0x00000000a7600000, 0x00000000a7600000|100%| O|  |TAMS 0x00000000a7600000, 0x00000000a7500000| Untracked 
| 118|0x00000000a7600000, 0x00000000a7700000, 0x00000000a7700000|100%| O|  |TAMS 0x00000000a7700000, 0x00000000a7600000| Untracked 
| 119|0x00000000a7700000, 0x00000000a7800000, 0x00000000a7800000|100%| O|  |TAMS 0x00000000a7800000, 0x00000000a7700000| Untracked 
| 120|0x00000000a7800000, 0x00000000a7900000, 0x00000000a7900000|100%| O|  |TAMS 0x00000000a7900000, 0x00000000a7800000| Untracked 
| 121|0x00000000a7900000, 0x00000000a7a00000, 0x00000000a7a00000|100%| O|  |TAMS 0x00000000a7a00000, 0x00000000a7900000| Untracked 
| 122|0x00000000a7a00000, 0x00000000a7b00000, 0x00000000a7b00000|100%| O|  |TAMS 0x00000000a7b00000, 0x00000000a7a00000| Untracked 
| 123|0x00000000a7b00000, 0x00000000a7c00000, 0x00000000a7c00000|100%| O|  |TAMS 0x00000000a7c00000, 0x00000000a7b00000| Untracked 
| 124|0x00000000a7c00000, 0x00000000a7d00000, 0x00000000a7d00000|100%| O|  |TAMS 0x00000000a7d00000, 0x00000000a7c00000| Untracked 
| 125|0x00000000a7d00000, 0x00000000a7e00000, 0x00000000a7e00000|100%| O|  |TAMS 0x00000000a7e00000, 0x00000000a7d00000| Untracked 
| 126|0x00000000a7e00000, 0x00000000a7f00000, 0x00000000a7f00000|100%| O|  |TAMS 0x00000000a7f00000, 0x00000000a7e00000| Untracked 
| 127|0x00000000a7f00000, 0x00000000a8000000, 0x00000000a8000000|100%| O|  |TAMS 0x00000000a8000000, 0x00000000a7f00000| Untracked 
| 128|0x00000000a8000000, 0x00000000a8100000, 0x00000000a8100000|100%| O|  |TAMS 0x00000000a8100000, 0x00000000a8000000| Untracked 
| 129|0x00000000a8100000, 0x00000000a8200000, 0x00000000a8200000|100%| O|  |TAMS 0x00000000a8200000, 0x00000000a8100000| Untracked 
| 130|0x00000000a8200000, 0x00000000a8300000, 0x00000000a8300000|100%| O|  |TAMS 0x00000000a8300000, 0x00000000a8200000| Untracked 
| 131|0x00000000a8300000, 0x00000000a8400000, 0x00000000a8400000|100%| O|  |TAMS 0x00000000a8400000, 0x00000000a8300000| Untracked 
| 132|0x00000000a8400000, 0x00000000a8500000, 0x00000000a8500000|100%| O|  |TAMS 0x00000000a8500000, 0x00000000a8400000| Untracked 
| 133|0x00000000a8500000, 0x00000000a8600000, 0x00000000a8600000|100%| O|  |TAMS 0x00000000a8600000, 0x00000000a8500000| Untracked 
| 134|0x00000000a8600000, 0x00000000a8700000, 0x00000000a8700000|100%| O|  |TAMS 0x00000000a8700000, 0x00000000a8600000| Untracked 
| 135|0x00000000a8700000, 0x00000000a8800000, 0x00000000a8800000|100%| O|  |TAMS 0x00000000a8800000, 0x00000000a8700000| Untracked 
| 136|0x00000000a8800000, 0x00000000a8900000, 0x00000000a8900000|100%| O|  |TAMS 0x00000000a8900000, 0x00000000a8800000| Untracked 
| 137|0x00000000a8900000, 0x00000000a8a00000, 0x00000000a8a00000|100%| O|  |TAMS 0x00000000a8a00000, 0x00000000a8900000| Untracked 
| 138|0x00000000a8a00000, 0x00000000a8b00000, 0x00000000a8b00000|100%| O|  |TAMS 0x00000000a8b00000, 0x00000000a8a00000| Untracked 
| 139|0x00000000a8b00000, 0x00000000a8c00000, 0x00000000a8c00000|100%| O|  |TAMS 0x00000000a8c00000, 0x00000000a8b00000| Untracked 
| 140|0x00000000a8c00000, 0x00000000a8d00000, 0x00000000a8d00000|100%| O|  |TAMS 0x00000000a8d00000, 0x00000000a8c00000| Untracked 
| 141|0x00000000a8d00000, 0x00000000a8e00000, 0x00000000a8e00000|100%| O|  |TAMS 0x00000000a8e00000, 0x00000000a8d00000| Untracked 
| 142|0x00000000a8e00000, 0x00000000a8e6aa00, 0x00000000a8f00000| 41%| O|  |TAMS 0x00000000a8e6aa00, 0x00000000a8e00000| Untracked 
| 143|0x00000000a8f00000, 0x00000000a8f00000, 0x00000000a9000000|  0%| F|  |TAMS 0x00000000a8f00000, 0x00000000a8f00000| Untracked 
| 144|0x00000000a9000000, 0x00000000a9000000, 0x00000000a9100000|  0%| F|  |TAMS 0x00000000a9000000, 0x00000000a9000000| Untracked 
| 145|0x00000000a9100000, 0x00000000a9100000, 0x00000000a9200000|  0%| F|  |TAMS 0x00000000a9100000, 0x00000000a9100000| Untracked 
| 146|0x00000000a9200000, 0x00000000a9200000, 0x00000000a9300000|  0%| F|  |TAMS 0x00000000a9200000, 0x00000000a9200000| Untracked 
| 147|0x00000000a9300000, 0x00000000a9300000, 0x00000000a9400000|  0%| F|  |TAMS 0x00000000a9300000, 0x00000000a9300000| Untracked 
| 148|0x00000000a9400000, 0x00000000a9400000, 0x00000000a9500000|  0%| F|  |TAMS 0x00000000a9400000, 0x00000000a9400000| Untracked 
| 149|0x00000000a9500000, 0x00000000a9500000, 0x00000000a9600000|  0%| F|  |TAMS 0x00000000a9500000, 0x00000000a9500000| Untracked 
| 150|0x00000000a9600000, 0x00000000a9600000, 0x00000000a9700000|  0%| F|  |TAMS 0x00000000a9600000, 0x00000000a9600000| Untracked 
| 151|0x00000000a9700000, 0x00000000a9700000, 0x00000000a9800000|  0%| F|  |TAMS 0x00000000a9700000, 0x00000000a9700000| Untracked 
| 152|0x00000000a9800000, 0x00000000a9800000, 0x00000000a9900000|  0%| F|  |TAMS 0x00000000a9800000, 0x00000000a9800000| Untracked 
| 153|0x00000000a9900000, 0x00000000a9900000, 0x00000000a9a00000|  0%| F|  |TAMS 0x00000000a9900000, 0x00000000a9900000| Untracked 
| 154|0x00000000a9a00000, 0x00000000a9a00000, 0x00000000a9b00000|  0%| F|  |TAMS 0x00000000a9a00000, 0x00000000a9a00000| Untracked 
| 155|0x00000000a9b00000, 0x00000000a9b00000, 0x00000000a9c00000|  0%| F|  |TAMS 0x00000000a9b00000, 0x00000000a9b00000| Untracked 
| 156|0x00000000a9c00000, 0x00000000a9c00000, 0x00000000a9d00000|  0%| F|  |TAMS 0x00000000a9c00000, 0x00000000a9c00000| Untracked 
| 157|0x00000000a9d00000, 0x00000000a9d00000, 0x00000000a9e00000|  0%| F|  |TAMS 0x00000000a9d00000, 0x00000000a9d00000| Untracked 
| 158|0x00000000a9e00000, 0x00000000a9e00000, 0x00000000a9f00000|  0%| F|  |TAMS 0x00000000a9e00000, 0x00000000a9e00000| Untracked 
| 159|0x00000000a9f00000, 0x00000000a9f00000, 0x00000000aa000000|  0%| F|  |TAMS 0x00000000a9f00000, 0x00000000a9f00000| Untracked 
| 160|0x00000000aa000000, 0x00000000aa000000, 0x00000000aa100000|  0%| F|  |TAMS 0x00000000aa000000, 0x00000000aa000000| Untracked 
| 161|0x00000000aa100000, 0x00000000aa100000, 0x00000000aa200000|  0%| F|  |TAMS 0x00000000aa100000, 0x00000000aa100000| Untracked 
| 162|0x00000000aa200000, 0x00000000aa200000, 0x00000000aa300000|  0%| F|  |TAMS 0x00000000aa200000, 0x00000000aa200000| Untracked 
| 163|0x00000000aa300000, 0x00000000aa300000, 0x00000000aa400000|  0%| F|  |TAMS 0x00000000aa300000, 0x00000000aa300000| Untracked 
| 164|0x00000000aa400000, 0x00000000aa400000, 0x00000000aa500000|  0%| F|  |TAMS 0x00000000aa400000, 0x00000000aa400000| Untracked 
| 165|0x00000000aa500000, 0x00000000aa500000, 0x00000000aa600000|  0%| F|  |TAMS 0x00000000aa500000, 0x00000000aa500000| Untracked 
| 166|0x00000000aa600000, 0x00000000aa600000, 0x00000000aa700000|  0%| F|  |TAMS 0x00000000aa600000, 0x00000000aa600000| Untracked 
| 167|0x00000000aa700000, 0x00000000aa700000, 0x00000000aa800000|  0%| F|  |TAMS 0x00000000aa700000, 0x00000000aa700000| Untracked 
| 168|0x00000000aa800000, 0x00000000aa800000, 0x00000000aa900000|  0%| F|  |TAMS 0x00000000aa800000, 0x00000000aa800000| Untracked 
| 169|0x00000000aa900000, 0x00000000aa989280, 0x00000000aaa00000| 53%| S|CS|TAMS 0x00000000aa900000, 0x00000000aa900000| Complete 
| 170|0x00000000aaa00000, 0x00000000aab00000, 0x00000000aab00000|100%| S|CS|TAMS 0x00000000aaa00000, 0x00000000aaa00000| Complete 
| 171|0x00000000aab00000, 0x00000000aab00000, 0x00000000aac00000|  0%| F|  |TAMS 0x00000000aab00000, 0x00000000aab00000| Untracked 
| 172|0x00000000aac00000, 0x00000000aad00000, 0x00000000aad00000|100%| S|CS|TAMS 0x00000000aac00000, 0x00000000aac00000| Complete 
| 173|0x00000000aad00000, 0x00000000aad00000, 0x00000000aae00000|  0%| F|  |TAMS 0x00000000aad00000, 0x00000000aad00000| Untracked 
| 174|0x00000000aae00000, 0x00000000aae00000, 0x00000000aaf00000|  0%| F|  |TAMS 0x00000000aae00000, 0x00000000aae00000| Untracked 
| 175|0x00000000aaf00000, 0x00000000aaf00000, 0x00000000ab000000|  0%| F|  |TAMS 0x00000000aaf00000, 0x00000000aaf00000| Untracked 
| 176|0x00000000ab000000, 0x00000000ab000000, 0x00000000ab100000|  0%| F|  |TAMS 0x00000000ab000000, 0x00000000ab000000| Untracked 
| 177|0x00000000ab100000, 0x00000000ab100000, 0x00000000ab200000|  0%| F|  |TAMS 0x00000000ab100000, 0x00000000ab100000| Untracked 
| 178|0x00000000ab200000, 0x00000000ab298fe8, 0x00000000ab300000| 59%| E|  |TAMS 0x00000000ab200000, 0x00000000ab200000| Complete 
| 179|0x00000000ab300000, 0x00000000ab400000, 0x00000000ab400000|100%| E|CS|TAMS 0x00000000ab300000, 0x00000000ab300000| Complete 
| 180|0x00000000ab400000, 0x00000000ab500000, 0x00000000ab500000|100%| E|CS|TAMS 0x00000000ab400000, 0x00000000ab400000| Complete 
| 181|0x00000000ab500000, 0x00000000ab600000, 0x00000000ab600000|100%| E|CS|TAMS 0x00000000ab500000, 0x00000000ab500000| Complete 
| 182|0x00000000ab600000, 0x00000000ab700000, 0x00000000ab700000|100%| E|CS|TAMS 0x00000000ab600000, 0x00000000ab600000| Complete 
| 183|0x00000000ab700000, 0x00000000ab800000, 0x00000000ab800000|100%| E|CS|TAMS 0x00000000ab700000, 0x00000000ab700000| Complete 
| 184|0x00000000ab800000, 0x00000000ab900000, 0x00000000ab900000|100%| E|CS|TAMS 0x00000000ab800000, 0x00000000ab800000| Complete 
| 185|0x00000000ab900000, 0x00000000aba00000, 0x00000000aba00000|100%| E|CS|TAMS 0x00000000ab900000, 0x00000000ab900000| Complete 
| 186|0x00000000aba00000, 0x00000000abb00000, 0x00000000abb00000|100%| E|CS|TAMS 0x00000000aba00000, 0x00000000aba00000| Complete 
| 187|0x00000000abb00000, 0x00000000abc00000, 0x00000000abc00000|100%| E|CS|TAMS 0x00000000abb00000, 0x00000000abb00000| Complete 
| 188|0x00000000abc00000, 0x00000000abd00000, 0x00000000abd00000|100%| E|CS|TAMS 0x00000000abc00000, 0x00000000abc00000| Complete 
| 189|0x00000000abd00000, 0x00000000abe00000, 0x00000000abe00000|100%| E|CS|TAMS 0x00000000abd00000, 0x00000000abd00000| Complete 
| 190|0x00000000abe00000, 0x00000000abf00000, 0x00000000abf00000|100%| E|CS|TAMS 0x00000000abe00000, 0x00000000abe00000| Complete 

Card table byte_map: [0x000002094ab10000,0x000002094ae10000] _byte_map_base: 0x000002094a610000

Marking Bits (Prev, Next): (CMBitMap*) 0x0000020935f385a0, (CMBitMap*) 0x0000020935f38568
 Prev Bits: [0x000002094c910000, 0x000002094e110000)
 Next Bits: [0x000002094b110000, 0x000002094c910000)

Polling page: 0x0000020935dd0000

Metaspace:

Usage:
  Non-class:     80.54 MB capacity,    77.95 MB ( 97%) used,     2.30 MB (  3%) free+waste,   290.25 KB ( <1%) overhead. 
      Class:     12.92 MB capacity,    11.68 MB ( 90%) used,     1.12 MB (  9%) free+waste,   135.06 KB (  1%) overhead. 
       Both:     93.46 MB capacity,    89.63 MB ( 96%) used,     3.42 MB (  4%) free+waste,   425.31 KB ( <1%) overhead. 

Virtual space:
  Non-class space:       82.00 MB reserved,      80.58 MB ( 98%) committed 
      Class space:        1.00 GB reserved,      13.00 MB (  1%) committed 
             Both:        1.08 GB reserved,      93.58 MB (  8%) committed 

Chunk freelists:
   Non-Class:  39.00 KB
       Class:  0 bytes
        Both:  39.00 KB

MaxMetaspaceSize: 17179869184.00 GB
CompressedClassSpaceSize: 1.00 GB
Initial GC threshold: 20.80 MB
Current GC threshold: 154.51 MB
CDS: off

CodeHeap 'non-profiled nmethods': size=120064Kb used=7987Kb max_used=7987Kb free=112077Kb
 bounds [0x0000020942cb0000, 0x0000020943480000, 0x000002094a1f0000]
CodeHeap 'profiled nmethods': size=120000Kb used=27709Kb max_used=27709Kb free=92291Kb
 bounds [0x000002093b780000, 0x000002093d290000, 0x0000020942cb0000]
CodeHeap 'non-nmethods': size=5696Kb used=2371Kb max_used=2413Kb free=3324Kb
 bounds [0x000002093b1f0000, 0x000002093b460000, 0x000002093b780000]
 total_blobs=13463 nmethods=12575 adapters=800
 compilation: enabled
              stopped_count=0, restarted_count=0
 full_count=0

Compilation events (20 events):
Event: 84.300 Thread 0x0000020950782000 nmethod 12699 0x000002094347b590 code [0x000002094347b720, 0x000002094347b798]
Event: 86.296 Thread 0x00000209510f3000 12700       3       java.util.HashMap$Values::spliterator (16 bytes)
Event: 86.296 Thread 0x00000209510f3000 nmethod 12700 0x000002093d28be10 code [0x000002093d28bfe0, 0x000002093d28c208]
Event: 86.296 Thread 0x00000209510f3000 12701       3       java.util.HashMap$ValueSpliterator::<init> (12 bytes)
Event: 86.297 Thread 0x00000209510f3000 nmethod 12701 0x000002093d28c310 code [0x000002093d28c4c0, 0x000002093d28c6d8]
Event: 87.589 Thread 0x00000209510f3000 12703       2       org.gradle.internal.logging.text.AbstractLineChoppingStyledTextOutput$1::execute (140 bytes)
Event: 87.589 Thread 0x0000020950782000 12702       4       org.gradle.internal.logging.text.AbstractLineChoppingStyledTextOutput$1::execute (9 bytes)
Event: 87.591 Thread 0x00000209510f3000 nmethod 12703 0x000002093d28c810 code [0x000002093d28ca40, 0x000002093d28ced8]
Event: 87.591 Thread 0x00000209510f3000 12704       3       org.gradle.internal.io.LineBufferingOutputStream::write (59 bytes)
Event: 87.593 Thread 0x00000209510f3000 nmethod 12704 0x000002093d28d310 code [0x000002093d28d5e0, 0x000002093d28e3b8]
Event: 87.593 Thread 0x00000209510f3000 12705       3       org.gradle.internal.io.StreamByteBuffer$StreamByteBufferOutputStream::write (22 bytes)
Event: 87.593 Thread 0x00000209510f3000 nmethod 12705 0x000002093d28e910 code [0x000002093d28eae0, 0x000002093d28ed68]
Event: 87.593 Thread 0x00000209510f3000 12706       1       org.gradle.internal.logging.events.RenderableOutputEvent::getBuildOperationId (5 bytes)
Event: 87.593 Thread 0x00000209510f3000 nmethod 12706 0x000002094347b890 code [0x000002094347ba40, 0x000002094347baf8]
Event: 87.593 Thread 0x00000209510f3000 12707       3       org.gradle.internal.logging.text.AbstractStyledTextOutput::style (20 bytes)
Event: 87.594 Thread 0x00000209510f3000 nmethod 12707 0x000002093d28ef10 code [0x000002093d28f0e0, 0x000002093d28f348]
Event: 87.602 Thread 0x0000020950782000 nmethod 12702 0x000002094347bb90 code [0x000002094347bd80, 0x000002094347c388]
Event: 87.603 Thread 0x0000020950782000 12708       4       org.gradle.internal.logging.text.AbstractLineChoppingStyledTextOutput::doAppend (43 bytes)
Event: 87.606 Thread 0x00000209510f3000 12709       1       org.gradle.internal.operations.OperationIdentifier::getId (5 bytes)
Event: 87.606 Thread 0x00000209510f3000 nmethod 12709 0x000002094347c910 code [0x000002094347cac0, 0x000002094347cb78]

GC Heap History (20 events):
Event: 63.088 GC heap before
{Heap before GC invocations=119 (full 0):
 garbage-first heap   total 162816K, used 133261K [0x00000000a0000000, 0x0000000100000000)
  region size 1024K, 13 young (13312K), 2 survivors (2048K)
 Metaspace       used 82485K, capacity 85943K, committed 86224K, reserved 1124352K
  class space    used 10679K, capacity 11792K, committed 11904K, reserved 1048576K
}
Event: 63.096 GC heap after
{Heap after GC invocations=120 (full 0):
 garbage-first heap   total 162816K, used 122348K [0x00000000a0000000, 0x0000000100000000)
  region size 1024K, 1 young (1024K), 1 survivors (1024K)
 Metaspace       used 82485K, capacity 85943K, committed 86224K, reserved 1124352K
  class space    used 10679K, capacity 11792K, committed 11904K, reserved 1048576K
}
Event: 63.700 GC heap before
{Heap before GC invocations=121 (full 0):
 garbage-first heap   total 162816K, used 134636K [0x00000000a0000000, 0x0000000100000000)
  region size 1024K, 13 young (13312K), 1 survivors (1024K)
 Metaspace       used 83674K, capacity 87159K, committed 87504K, reserved 1124352K
  class space    used 10890K, capacity 12048K, committed 12160K, reserved 1048576K
}
Event: 63.707 GC heap after
{Heap after GC invocations=122 (full 0):
 garbage-first heap   total 195584K, used 122668K [0x00000000a0000000, 0x0000000100000000)
  region size 1024K, 1 young (1024K), 1 survivors (1024K)
 Metaspace       used 83674K, capacity 87159K, committed 87504K, reserved 1124352K
  class space    used 10890K, capacity 12048K, committed 12160K, reserved 1048576K
}
Event: 65.271 GC heap before
{Heap before GC invocations=122 (full 0):
 garbage-first heap   total 195584K, used 146220K [0x00000000a0000000, 0x0000000100000000)
  region size 1024K, 24 young (24576K), 1 survivors (1024K)
 Metaspace       used 86542K, capacity 90080K, committed 90320K, reserved 1128448K
  class space    used 11238K, capacity 12368K, committed 12416K, reserved 1048576K
}
Event: 65.280 GC heap after
{Heap after GC invocations=123 (full 0):
 garbage-first heap   total 195584K, used 124541K [0x00000000a0000000, 0x0000000100000000)
  region size 1024K, 3 young (3072K), 3 survivors (3072K)
 Metaspace       used 86542K, capacity 90080K, committed 90320K, reserved 1128448K
  class space    used 11238K, capacity 12368K, committed 12416K, reserved 1048576K
}
Event: 66.449 GC heap before
{Heap before GC invocations=124 (full 0):
 garbage-first heap   total 195584K, used 149117K [0x00000000a0000000, 0x0000000100000000)
  region size 1024K, 27 young (27648K), 3 survivors (3072K)
 Metaspace       used 88052K, capacity 91682K, committed 91856K, reserved 1128448K
  class space    used 11406K, capacity 12549K, committed 12672K, reserved 1048576K
}
Event: 66.461 GC heap after
{Heap after GC invocations=125 (full 0):
 garbage-first heap   total 195584K, used 126844K [0x00000000a0000000, 0x0000000100000000)
  region size 1024K, 4 young (4096K), 4 survivors (4096K)
 Metaspace       used 88052K, capacity 91682K, committed 91856K, reserved 1128448K
  class space    used 11406K, capacity 12549K, committed 12672K, reserved 1048576K
}
Event: 68.779 GC heap before
{Heap before GC invocations=125 (full 0):
 garbage-first heap   total 195584K, used 152444K [0x00000000a0000000, 0x0000000100000000)
  region size 1024K, 29 young (29696K), 4 survivors (4096K)
 Metaspace       used 88611K, capacity 92323K, committed 92368K, reserved 1128448K
  class space    used 11445K, capacity 12628K, committed 12672K, reserved 1048576K
}
Event: 68.800 GC heap after
{Heap after GC invocations=126 (full 0):
 garbage-first heap   total 195584K, used 134598K [0x00000000a0000000, 0x0000000100000000)
  region size 1024K, 4 young (4096K), 4 survivors (4096K)
 Metaspace       used 88611K, capacity 92323K, committed 92368K, reserved 1128448K
  class space    used 11445K, capacity 12628K, committed 12672K, reserved 1048576K
}
Event: 69.829 GC heap before
{Heap before GC invocations=127 (full 0):
 garbage-first heap   total 195584K, used 156102K [0x00000000a0000000, 0x0000000100000000)
  region size 1024K, 26 young (26624K), 4 survivors (4096K)
 Metaspace       used 88961K, capacity 92701K, committed 93008K, reserved 1130496K
  class space    used 11487K, capacity 12706K, committed 12800K, reserved 1048576K
}
Event: 69.847 GC heap after
{Heap after GC invocations=128 (full 0):
 garbage-first heap   total 195584K, used 140288K [0x00000000a0000000, 0x0000000100000000)
  region size 1024K, 4 young (4096K), 4 survivors (4096K)
 Metaspace       used 88961K, capacity 92701K, committed 93008K, reserved 1130496K
  class space    used 11487K, capacity 12706K, committed 12800K, reserved 1048576K
}
Event: 70.754 GC heap before
{Heap before GC invocations=128 (full 0):
 garbage-first heap   total 195584K, used 159744K [0x00000000a0000000, 0x0000000100000000)
  region size 1024K, 23 young (23552K), 4 survivors (4096K)
 Metaspace       used 89590K, capacity 93273K, committed 93520K, reserved 1130496K
  class space    used 11567K, capacity 12764K, committed 12800K, reserved 1048576K
}
Event: 70.767 GC heap after
{Heap after GC invocations=129 (full 0):
 garbage-first heap   total 195584K, used 143727K [0x00000000a0000000, 0x0000000100000000)
  region size 1024K, 3 young (3072K), 3 survivors (3072K)
 Metaspace       used 89590K, capacity 93273K, committed 93520K, reserved 1130496K
  class space    used 11567K, capacity 12764K, committed 12800K, reserved 1048576K
}
Event: 72.105 GC heap before
{Heap before GC invocations=130 (full 0):
 garbage-first heap   total 195584K, used 161135K [0x00000000a0000000, 0x0000000100000000)
  region size 1024K, 21 young (21504K), 3 survivors (3072K)
 Metaspace       used 90754K, capacity 94617K, committed 94800K, reserved 1130496K
  class space    used 11786K, capacity 13041K, committed 13056K, reserved 1048576K
}
Event: 72.117 GC heap after
{Heap after GC invocations=131 (full 0):
 garbage-first heap   total 195584K, used 145981K [0x00000000a0000000, 0x0000000100000000)
  region size 1024K, 3 young (3072K), 3 survivors (3072K)
 Metaspace       used 90754K, capacity 94617K, committed 94800K, reserved 1130496K
  class space    used 11786K, capacity 13041K, committed 13056K, reserved 1048576K
}
Event: 72.922 GC heap before
{Heap before GC invocations=131 (full 0):
 garbage-first heap   total 195584K, used 163389K [0x00000000a0000000, 0x0000000100000000)
  region size 1024K, 20 young (20480K), 3 survivors (3072K)
 Metaspace       used 90969K, capacity 94824K, committed 94928K, reserved 1130496K
  class space    used 11821K, capacity 13088K, committed 13184K, reserved 1048576K
}
Event: 72.932 GC heap after
{Heap after GC invocations=132 (full 0):
 garbage-first heap   total 195584K, used 147475K [0x00000000a0000000, 0x0000000100000000)
  region size 1024K, 2 young (2048K), 2 survivors (2048K)
 Metaspace       used 90969K, capacity 94824K, committed 94928K, reserved 1130496K
  class space    used 11821K, capacity 13088K, committed 13184K, reserved 1048576K
}
Event: 73.942 GC heap before
{Heap before GC invocations=133 (full 0):
 garbage-first heap   total 195584K, used 164883K [0x00000000a0000000, 0x0000000100000000)
  region size 1024K, 19 young (19456K), 2 survivors (2048K)
 Metaspace       used 91032K, capacity 94908K, committed 95184K, reserved 1132544K
  class space    used 11829K, capacity 13094K, committed 13184K, reserved 1048576K
}
Event: 73.948 GC heap after
{Heap after GC invocations=134 (full 0):
 garbage-first heap   total 195584K, used 148431K [0x00000000a0000000, 0x0000000100000000)
  region size 1024K, 3 young (3072K), 3 survivors (3072K)
 Metaspace       used 91032K, capacity 94908K, committed 95184K, reserved 1132544K
  class space    used 11829K, capacity 13094K, committed 13184K, reserved 1048576K
}

Deoptimization events (20 events):
Event: 74.487 Thread 0x0000020959c88800 Uncommon trap: trap_request=0xffffffc6 fr.pc=0x000002094340b1d4 relative=0x00000000000009b4
Event: 74.487 Thread 0x0000020959c88800 Uncommon trap: reason=bimorphic_or_optimized_type_check action=maybe_recompile pc=0x000002094340b1d4 method=java.io.BufferedInputStream.read1([BII)I @ 39 c2
Event: 74.487 Thread 0x0000020959c88800 DEOPT PACKING pc=0x000002094340b1d4 sp=0x0000001a5b0ff000
Event: 74.487 Thread 0x0000020959c88800 DEOPT UNPACKING pc=0x000002093b23a1a9 sp=0x0000001a5b0fef18 mode 2
Event: 87.586 Thread 0x0000020959c87800 Uncommon trap: trap_request=0xffffffc6 fr.pc=0x0000020943188ca4 relative=0x0000000000000324
Event: 87.586 Thread 0x0000020959c87800 Uncommon trap: reason=bimorphic_or_optimized_type_check action=maybe_recompile pc=0x0000020943188ca4 method=org.gradle.internal.logging.sink.OutputEventRenderer.onOutput(Lorg/gradle/internal/logging/events/OutputEvent;)V @ 1 c2
Event: 87.586 Thread 0x0000020959c87800 DEOPT PACKING pc=0x0000020943188ca4 sp=0x0000001a5affe710
Event: 87.586 Thread 0x0000020959c87800 DEOPT UNPACKING pc=0x000002093b23a1a9 sp=0x0000001a5affe6c8 mode 2
Event: 87.589 Thread 0x0000020959c87800 Uncommon trap: trap_request=0xffffffc6 fr.pc=0x0000020943188ca4 relative=0x0000000000000324
Event: 87.589 Thread 0x0000020959c87800 Uncommon trap: reason=bimorphic_or_optimized_type_check action=maybe_recompile pc=0x0000020943188ca4 method=org.gradle.internal.logging.sink.OutputEventRenderer.onOutput(Lorg/gradle/internal/logging/events/OutputEvent;)V @ 1 c2
Event: 87.589 Thread 0x0000020959c87800 DEOPT PACKING pc=0x0000020943188ca4 sp=0x0000001a5affe5c0
Event: 87.589 Thread 0x0000020959c87800 DEOPT UNPACKING pc=0x000002093b23a1a9 sp=0x0000001a5affe578 mode 2
Event: 87.590 Thread 0x0000020959c87800 Uncommon trap: trap_request=0xffffffc6 fr.pc=0x0000020943188ca4 relative=0x0000000000000324
Event: 87.590 Thread 0x0000020959c87800 Uncommon trap: reason=bimorphic_or_optimized_type_check action=maybe_recompile pc=0x0000020943188ca4 method=org.gradle.internal.logging.sink.OutputEventRenderer.onOutput(Lorg/gradle/internal/logging/events/OutputEvent;)V @ 1 c2
Event: 87.590 Thread 0x0000020959c87800 DEOPT PACKING pc=0x0000020943188ca4 sp=0x0000001a5affe5c0
Event: 87.590 Thread 0x0000020959c87800 DEOPT UNPACKING pc=0x000002093b23a1a9 sp=0x0000001a5affe578 mode 2
Event: 87.590 Thread 0x0000020959c87800 Uncommon trap: trap_request=0xffffffc6 fr.pc=0x0000020943188ca4 relative=0x0000000000000324
Event: 87.590 Thread 0x0000020959c87800 Uncommon trap: reason=bimorphic_or_optimized_type_check action=maybe_recompile pc=0x0000020943188ca4 method=org.gradle.internal.logging.sink.OutputEventRenderer.onOutput(Lorg/gradle/internal/logging/events/OutputEvent;)V @ 1 c2
Event: 87.590 Thread 0x0000020959c87800 DEOPT PACKING pc=0x0000020943188ca4 sp=0x0000001a5affe5c0
Event: 87.590 Thread 0x0000020959c87800 DEOPT UNPACKING pc=0x000002093b23a1a9 sp=0x0000001a5affe578 mode 2

Classes redefined (0 events):
No events

Internal exceptions (20 events):
Event: 74.331 Thread 0x000002095374f000 Exception <a 'java/lang/ClassNotFoundException'{0x00000000ab7eeed8}: org/gradle/process/internal/DefaultExecActionBeanInfo> (0x00000000ab7eeed8) thrown at [./src/hotspot/share/classfile/systemDictionary.cpp, line 231]
Event: 74.333 Thread 0x000002095374f000 Exception <a 'java/lang/ClassNotFoundException'{0x00000000ab6231c8}: org/gradle/process/internal/DefaultExecHandleBuilderBeanInfo> (0x00000000ab6231c8) thrown at [./src/hotspot/share/classfile/systemDictionary.cpp, line 231]
Event: 74.335 Thread 0x000002095374f000 Exception <a 'java/lang/ClassNotFoundException'{0x00000000ab6578c8}: org/gradle/process/internal/AbstractExecHandleBuilderBeanInfo> (0x00000000ab6578c8) thrown at [./src/hotspot/share/classfile/systemDictionary.cpp, line 231]
Event: 74.337 Thread 0x000002095374f000 Exception <a 'java/lang/ClassNotFoundException'{0x00000000ab68c4a8}: org/gradle/process/internal/DefaultProcessForkOptionsBeanInfo> (0x00000000ab68c4a8) thrown at [./src/hotspot/share/classfile/systemDictionary.cpp, line 231]
Event: 74.338 Thread 0x000002095374f000 Exception <a 'java/lang/ClassNotFoundException'{0x00000000ab6c1718}: org/gradle/process/internal/DefaultProcessForkOptionsCustomizer> (0x00000000ab6c1718) thrown at [./src/hotspot/share/classfile/systemDictionary.cpp, line 231]
Event: 74.342 Thread 0x000002095374f000 Exception <a 'java/lang/ClassNotFoundException'{0x00000000ab503658}: org/gradle/process/internal/AbstractExecHandleBuilderCustomizer> (0x00000000ab503658) thrown at [./src/hotspot/share/classfile/systemDictionary.cpp, line 231]
Event: 74.344 Thread 0x000002095374f000 Exception <a 'java/lang/ClassNotFoundException'{0x00000000ab549388}: org/gradle/process/internal/DefaultExecHandleBuilderCustomizer> (0x00000000ab549388) thrown at [./src/hotspot/share/classfile/systemDictionary.cpp, line 231]
Event: 74.347 Thread 0x000002095374f000 Exception <a 'java/lang/ClassNotFoundException'{0x00000000ab5a6a70}: org/gradle/process/internal/DefaultExecActionCustomizer> (0x00000000ab5a6a70) thrown at [./src/hotspot/share/classfile/systemDictionary.cpp, line 231]
Event: 74.363 Thread 0x000002095374f000 Exception <a 'java/lang/ClassNotFoundException'{0x00000000ab5e3cb8}: org/gradle/process/internal/DefaultExecAction_DecoratedCustomizer> (0x00000000ab5e3cb8) thrown at [./src/hotspot/share/classfile/systemDictionary.cpp, line 231]
Event: 74.383 Thread 0x000002095374f000 Exception <a 'java/lang/ClassNotFoundException'{0x00000000ab43ecd8}: org/gradle/api/logging/LogLevelBeanInfo> (0x00000000ab43ecd8) thrown at [./src/hotspot/share/classfile/systemDictionary.cpp, line 231]
Event: 74.387 Thread 0x000002095374f000 Exception <a 'java/lang/ClassNotFoundException'{0x00000000ab46a4d0}: org/gradle/api/logging/LogLevelCustomizer> (0x00000000ab46a4d0) thrown at [./src/hotspot/share/classfile/systemDictionary.cpp, line 231]
Event: 74.395 Thread 0x000002095374f000 Exception <a 'java/lang/ClassNotFoundException'{0x00000000ab4dee00}: org/gradle/internal/logging/services/DefaultLoggingManagerBeanInfo> (0x00000000ab4dee00) thrown at [./src/hotspot/share/classfile/systemDictionary.cpp, line 231]
Event: 74.397 Thread 0x000002095374f000 Exception <a 'java/lang/ClassNotFoundException'{0x00000000ab3145c0}: org/gradle/internal/logging/services/DefaultLoggingManagerCustomizer> (0x00000000ab3145c0) thrown at [./src/hotspot/share/classfile/systemDictionary.cpp, line 231]
Event: 74.403 Thread 0x000002095374f000 Exception <a 'java/lang/ClassNotFoundException'{0x00000000ab34fc00}: java/lang/BooleanBeanInfo> (0x00000000ab34fc00) thrown at [./src/hotspot/share/classfile/systemDictionary.cpp, line 231]
Event: 74.404 Thread 0x000002095374f000 Exception <a 'java/lang/ClassNotFoundException'{0x00000000ab35a690}: java/lang/BooleanCustomizer> (0x00000000ab35a690) thrown at [./src/hotspot/share/classfile/systemDictionary.cpp, line 231]
Event: 74.457 Thread 0x0000020959c87000 Exception <a 'java/lang/NoSuchMethodError'{0x00000000ab3d72c0}: 'void java.lang.invoke.DirectMethodHandle$Holder.invokeStatic(java.lang.Object, long)'> (0x00000000ab3d72c0) thrown at [./src/hotspot/share/interpreter/linkResolver.cpp, line 773]
Event: 74.458 Thread 0x0000020959c87000 Exception <a 'java/lang/NoSuchMethodError'{0x00000000ab3dc470}: 'java.lang.Object java.lang.invoke.DirectMethodHandle$Holder.invokeStatic(java.lang.Object, long)'> (0x00000000ab3dc470) thrown at [./src/hotspot/share/interpreter/linkResolver.cpp, line 773]
Event: 74.462 Thread 0x0000020959c87000 Exception <a 'java/lang/NoSuchMethodError'{0x00000000ab3ea750}: 'java.lang.Object java.lang.invoke.DirectMethodHandle$Holder.invokeStaticInit(java.lang.Object, java.lang.Object, long, java.lang.Object)'> (0x00000000ab3ea750) thrown at [./src/hotspot/share/interpreter/linkResolver.cpp, line 773]
Event: 74.463 Thread 0x0000020959c87000 Exception <a 'java/lang/NoSuchMethodError'{0x00000000ab3f0640}: 'java.lang.Object java.lang.invoke.DirectMethodHandle$Holder.invokeStatic(java.lang.Object, java.lang.Object, long)'> (0x00000000ab3f0640) thrown at [./src/hotspot/share/interpreter/linkResolver.cpp, line 773]
Event: 74.463 Thread 0x0000020959c87000 Exception <a 'java/lang/NoSuchMethodError'{0x00000000ab3f6910}: 'java.lang.Object java.lang.invoke.Invokers$Holder.linkToTargetMethod(java.lang.Object, long, java.lang.Object)'> (0x00000000ab3f6910) thrown at [./src/hotspot/share/interpreter/linkResolver.cpp, line 773]

Events (20 events):
Event: 74.464 loading class java/lang/Process$PipeInputStream
Event: 74.465 loading class java/lang/Process$PipeInputStream done
Event: 74.465 Executing VM operation: Deoptimize
Event: 74.467 Executing VM operation: Deoptimize done
Event: 74.468 loading class org/gradle/process/internal/streams/ExecOutputHandleRunner
Event: 74.468 loading class org/gradle/process/internal/streams/ExecOutputHandleRunner done
Event: 74.471 Thread 0x0000020959c87800 Thread added: 0x0000020959c87800
Event: 74.472 Thread 0x0000020959c88800 Thread added: 0x0000020959c88800
Event: 74.487 Executing VM operation: RevokeBias
Event: 74.487 Executing VM operation: RevokeBias done
Event: 87.582 loading class org/gradle/internal/logging/events/StyledTextOutputEvent$Span
Event: 87.582 loading class org/gradle/internal/logging/events/StyledTextOutputEvent$Span done
Event: 87.584 loading class org/gradle/internal/logging/events/operations/StyledTextBuildOperationProgressDetails$Span
Event: 87.584 loading class org/gradle/internal/logging/events/operations/StyledTextBuildOperationProgressDetails$Span done
Event: 87.584 loading class org/gradle/internal/operations/logging/StyledTextBuildOperationProgressDetails$Span
Event: 87.584 loading class org/gradle/internal/operations/logging/StyledTextBuildOperationProgressDetails$Span done
Event: 87.584 Executing VM operation: RevokeBias
Event: 87.585 Executing VM operation: RevokeBias done
Event: 87.585 Executing VM operation: RevokeBias
Event: 87.585 Executing VM operation: RevokeBias done


Dynamic libraries:
0x00007ff616eb0000 - 0x00007ff616eba000 	C:\Program Files\Android\Android Studio\jre\bin\java.exe
0x00007ffb08480000 - 0x00007ffb08689000 	C:\Windows\SYSTEM32\ntdll.dll
0x00007ffb07a00000 - 0x00007ffb07abd000 	C:\Windows\System32\KERNEL32.DLL
0x00007ffb05bf0000 - 0x00007ffb05f69000 	C:\Windows\System32\KERNELBASE.dll
0x00007ffb06030000 - 0x00007ffb06141000 	C:\Windows\System32\ucrtbase.dll
0x00007ffaf2b50000 - 0x00007ffaf2b67000 	C:\Program Files\Android\Android Studio\jre\bin\VCRUNTIME140.dll
0x00007ffb022d0000 - 0x00007ffb022e9000 	C:\Program Files\Android\Android Studio\jre\bin\jli.dll
0x00007ffb07cf0000 - 0x00007ffb07e9c000 	C:\Windows\System32\USER32.dll
0x00007ffb06150000 - 0x00007ffb06176000 	C:\Windows\System32\win32u.dll
0x00007ffb079d0000 - 0x00007ffb079f9000 	C:\Windows\System32\GDI32.dll
0x00007ffb05ad0000 - 0x00007ffb05be2000 	C:\Windows\System32\gdi32full.dll
0x00007ffb061f0000 - 0x00007ffb0628d000 	C:\Windows\System32\msvcp_win.dll
0x00007ffaf1df0000 - 0x00007ffaf2095000 	C:\Windows\WinSxS\amd64_microsoft.windows.common-controls_6595b64144ccf1df_6.0.22000.120_none_9d947278b86cc467\COMCTL32.dll
0x00007ffb06310000 - 0x00007ffb063b3000 	C:\Windows\System32\msvcrt.dll
0x00007ffb07ea0000 - 0x00007ffb07ed1000 	C:\Windows\System32\IMM32.DLL
0x00007ffae92f0000 - 0x00007ffae938d000 	C:\Program Files\Android\Android Studio\jre\bin\msvcp140.dll
0x00007ffadb8a0000 - 0x00007ffadc3a2000 	C:\Program Files\Android\Android Studio\jre\bin\server\jvm.dll
0x00007ffb08240000 - 0x00007ffb082ee000 	C:\Windows\System32\ADVAPI32.dll
0x00007ffb083a0000 - 0x00007ffb0843e000 	C:\Windows\System32\sechost.dll
0x00007ffb07ee0000 - 0x00007ffb08000000 	C:\Windows\System32\RPCRT4.dll
0x00007ffb07ce0000 - 0x00007ffb07ce8000 	C:\Windows\System32\PSAPI.DLL
0x00007ffaef900000 - 0x00007ffaef909000 	C:\Windows\SYSTEM32\WSOCK32.dll
0x00007ffb08000000 - 0x00007ffb0806f000 	C:\Windows\System32\WS2_32.dll
0x00007ffaf39f0000 - 0x00007ffaf39fa000 	C:\Windows\SYSTEM32\VERSION.dll
0x00007ffafe8b0000 - 0x00007ffafe8e3000 	C:\Windows\SYSTEM32\WINMM.dll
0x00007ffb04a20000 - 0x00007ffb04a38000 	C:\Windows\SYSTEM32\kernel.appcore.dll
0x00007ffaf2b00000 - 0x00007ffaf2b11000 	C:\Program Files\Android\Android Studio\jre\bin\verify.dll
0x00007ffb03400000 - 0x00007ffb03621000 	C:\Windows\SYSTEM32\DBGHELP.DLL
0x00007ffaf28f0000 - 0x00007ffaf2921000 	C:\Windows\SYSTEM32\dbgcore.DLL
0x00007ffb06290000 - 0x00007ffb0630f000 	C:\Windows\System32\bcryptPrimitives.dll
0x00007ffaef270000 - 0x00007ffaef299000 	C:\Program Files\Android\Android Studio\jre\bin\java.dll
0x00007ffb01ca0000 - 0x00007ffb01cab000 	C:\Program Files\Android\Android Studio\jre\bin\jimage.dll
0x00007ffaef320000 - 0x00007ffaef338000 	C:\Program Files\Android\Android Studio\jre\bin\zip.dll
0x00007ffb06cc0000 - 0x00007ffb07478000 	C:\Windows\System32\SHELL32.dll
0x00007ffb03a90000 - 0x00007ffb042f7000 	C:\Windows\SYSTEM32\windows.storage.dll
0x00007ffb07490000 - 0x00007ffb07809000 	C:\Windows\System32\combase.dll
0x00007ffb03920000 - 0x00007ffb03a86000 	C:\Windows\SYSTEM32\wintypes.dll
0x00007ffb069f0000 - 0x00007ffb06ada000 	C:\Windows\System32\SHCORE.dll
0x00007ffb07c80000 - 0x00007ffb07cdd000 	C:\Windows\System32\shlwapi.dll
0x00007ffb05890000 - 0x00007ffb058b1000 	C:\Windows\SYSTEM32\profapi.dll
0x00007ffaeed20000 - 0x00007ffaeed3a000 	C:\Program Files\Android\Android Studio\jre\bin\net.dll
0x00007ffafd760000 - 0x00007ffafd86c000 	C:\Windows\SYSTEM32\WINHTTP.dll
0x00007ffb04e50000 - 0x00007ffb04eb7000 	C:\Windows\system32\mswsock.dll
0x00007ffaeed00000 - 0x00007ffaeed14000 	C:\Program Files\Android\Android Studio\jre\bin\nio.dll
0x00007ffac5c10000 - 0x00007ffac5c37000 	C:\Users\Acer\.gradle\native\e1d6ef7f7dcc3fd88c89a11ec53ec762bb8ba0a96d01ffa2cd45eb1d1d8dd5c5\windows-amd64\native-platform.dll
0x00007ffaa59d0000 - 0x00007ffaa5b14000 	C:\Users\Acer\.gradle\native\0d407fdbe67a94daf76414ababcb853783967236a71b16ec16e742cd7a986fd3\windows-amd64\native-platform-file-events.dll
0x00007ffb01500000 - 0x00007ffb0150a000 	C:\Program Files\Android\Android Studio\jre\bin\management.dll
0x00007ffaf2b40000 - 0x00007ffaf2b4d000 	C:\Program Files\Android\Android Studio\jre\bin\management_ext.dll
0x00007ffb050b0000 - 0x00007ffb050c8000 	C:\Windows\SYSTEM32\CRYPTSP.dll
0x00007ffb04980000 - 0x00007ffb049b5000 	C:\Windows\system32\rsaenh.dll
0x00007ffb04f30000 - 0x00007ffb04f59000 	C:\Windows\SYSTEM32\USERENV.dll
0x00007ffb052c0000 - 0x00007ffb052e7000 	C:\Windows\SYSTEM32\bcrypt.dll
0x00007ffb050d0000 - 0x00007ffb050dc000 	C:\Windows\SYSTEM32\CRYPTBASE.dll
0x00007ffb04550000 - 0x00007ffb0457d000 	C:\Windows\SYSTEM32\IPHLPAPI.DLL
0x00007ffb07930000 - 0x00007ffb07939000 	C:\Windows\System32\NSI.dll
0x00007ffafd3c0000 - 0x00007ffafd3d9000 	C:\Windows\SYSTEM32\dhcpcsvc6.DLL
0x00007ffafe2f0000 - 0x00007ffafe30e000 	C:\Windows\SYSTEM32\dhcpcsvc.DLL
0x00007ffb045c0000 - 0x00007ffb046a8000 	C:\Windows\SYSTEM32\DNSAPI.dll

dbghelp: loaded successfully - version: 4.0.5 - missing functions: none
symbol engine: initialized successfully - sym options: 0x614 - pdb path: .;C:\Program Files\Android\Android Studio\jre\bin;C:\Windows\SYSTEM32;C:\Windows\WinSxS\amd64_microsoft.windows.common-controls_6595b64144ccf1df_6.0.22000.120_none_9d947278b86cc467;C:\Program Files\Android\Android Studio\jre\bin\server;C:\Users\Acer\.gradle\native\e1d6ef7f7dcc3fd88c89a11ec53ec762bb8ba0a96d01ffa2cd45eb1d1d8dd5c5\windows-amd64;C:\Users\Acer\.gradle\native\0d407fdbe67a94daf76414ababcb853783967236a71b16ec16e742cd7a986fd3\windows-amd64

VM Arguments:
jvm_args: --add-opens=java.base/java.util=ALL-UNNAMED --add-opens=java.base/java.lang=ALL-UNNAMED --add-opens=java.base/java.lang.invoke=ALL-UNNAMED --add-opens=java.base/java.util=ALL-UNNAMED --add-opens=java.prefs/java.util.prefs=ALL-UNNAMED --add-opens=java.prefs/java.util.prefs=ALL-UNNAMED --add-opens=java.base/java.nio.charset=ALL-UNNAMED --add-opens=java.base/java.net=ALL-UNNAMED --add-opens=java.base/java.util.concurrent.atomic=ALL-UNNAMED -Xmx1536M -Dfile.encoding=windows-1252 -Duser.country=ID -Duser.language=en -Duser.variant 
java_command: org.gradle.launcher.daemon.bootstrap.GradleDaemon 7.4
java_class_path (initial): C:\Users\Acer\.gradle\wrapper\dists\gradle-7.4-all\aadb4xli5jkdsnukm30eibyiu\gradle-7.4\lib\gradle-launcher-7.4.jar
Launcher Type: SUN_STANDARD

[Global flags]
     intx CICompilerCount                          = 3                                         {product} {ergonomic}
     uint ConcGCThreads                            = 1                                         {product} {ergonomic}
     uint G1ConcRefinementThreads                  = 4                                         {product} {ergonomic}
   size_t G1HeapRegionSize                         = 1048576                                   {product} {ergonomic}
    uintx GCDrainStackTargetSize                   = 64                                        {product} {ergonomic}
   size_t InitialHeapSize                          = 65011712                                  {product} {ergonomic}
   size_t MarkStackSize                            = 4194304                                   {product} {ergonomic}
   size_t MaxHeapSize                              = 1610612736                                {product} {command line}
   size_t MaxNewSize                               = 965738496                                 {product} {ergonomic}
   size_t MinHeapDeltaBytes                        = 1048576                                   {product} {ergonomic}
    uintx NonNMethodCodeHeapSize                   = 5830732                                {pd product} {ergonomic}
    uintx NonProfiledCodeHeapSize                  = 122913754                              {pd product} {ergonomic}
    uintx ProfiledCodeHeapSize                     = 122913754                              {pd product} {ergonomic}
    uintx ReservedCodeCacheSize                    = 251658240                              {pd product} {ergonomic}
     bool SegmentedCodeCache                       = true                                      {product} {ergonomic}
     bool UseCompressedClassPointers               = true                                 {lp64_product} {ergonomic}
     bool UseCompressedOops                        = true                                 {lp64_product} {ergonomic}
     bool UseG1GC                                  = true                                      {product} {ergonomic}
     bool UseLargePagesIndividualAllocation        = false                                  {pd product} {ergonomic}

Logging:
Log output configuration:
 #0: stdout all=warning uptime,level,tags
 #1: stderr all=off uptime,level,tags

Environment Variables:
JAVA_HOME=C:\Program Files\Android\Android Studio\jre
CLASSPATH=C:\Dart\SampurnaGroupMobile\android\\gradle\wrapper\gradle-wrapper.jar
PATH=C:\Program Files\Microsoft\jdk-11.0.12.7-hotspot\bin;C:\Program Files (x86)\Common Files\Oracle\Java\javapath;C:\Windows\system32;C:\Windows;C:\Windows\System32\Wbem;C:\Windows\System32\WindowsPowerShell\v1.0\;C:\Windows\System32\OpenSSH\;C:\Program Files\nodejs\;C:\flutter\bin;C:\xampp\php;C:\ProgramData\ComposerSetup\bin;C:\Users\Acer\AppData\Local\Microsoft\WindowsApps;C:\Users\Acer\AppData\Roaming\npm;C:\Users\Acer\AppData\Local\Programs\Microsoft VS Code\bin;C:\Users\Acer\AppData\Local\GitHubDesktop\bin;C:\flutter\bin;%ANDROID_HOME%\platform-tools;%ANDROID_HOME%\tools;C:\Users\Acer\AppData\Roaming\Composer\vendor\bin;;C:\flutter\bin\mingit\cmd
USERNAME=Acer
OS=Windows_NT
PROCESSOR_IDENTIFIER=Intel64 Family 6 Model 156 Stepping 0, GenuineIntel



---------------  S Y S T E M  ---------------

OS: Windows 11 , 64 bit Build 22000 (10.0.22000.708)
OS uptime: 0 days 7:43 hours
Hyper-V role detected

CPU:total 4 (initial active 4) (4 cores per cpu, 1 threads per core) family 6 model 156 stepping 0 microcode 0x1d, cmov, cx8, fxsr, mmx, sse, sse2, sse3, ssse3, sse4.1, sse4.2, popcnt, aes, clmul, erms, 3dnowpref, tsc, tscinvbit, sha

Memory: 4k page, system-wide physical 3901M (121M free)
TotalPageFile size 15677M (AvailPageFile size 0M)
current process WorkingSet (physical memory assigned to process): 387M, peak: 444M
current process commit charge ("private bytes"): 476M, peak: 497M

vm_info: OpenJDK 64-Bit Server VM (11.0.13+0-b1751.21-8125866) for windows-amd64 JRE (11.0.13+0-b1751.21-8125866), built on Feb  2 2022 03:00:22 by "builder" with MS VC++ 14.0 (VS2015)

END.
