#
# There is insufficient memory for the Java Runtime Environment to continue.
# Native memory allocation (malloc) failed to allocate 2247056 bytes for Chunk::new
# Possible reasons:
#   The system is out of physical RAM or swap space
#   The process is running with CompressedOops enabled, and the Java Heap may be blocking the growth of the native heap
# Possible solutions:
#   Reduce memory load on the system
#   Increase physical memory or swap space
#   Check if swap backing store is full
#   Decrease Java heap size (-Xmx/-Xms)
#   Decrease number of Java threads
#   Decrease Java thread stack sizes (-Xss)
#   Set larger code cache with -XX:ReservedCodeCacheSize=
#   JVM is running with Unscaled Compressed Oops mode in which the Java heap is
#     placed in the first 4GB address space. The Java Heap base address is the
#     maximum limit for the native heap growth. Please use -XX:HeapBaseMinAddress
#     to set the Java Heap base and to place the Java Heap above 4GB virtual address.
# This output file may be truncated or incomplete.
#
#  Out of Memory Error (./src/hotspot/share/memory/arena.cpp:197), pid=3432, tid=11760
#
# JRE version: OpenJDK Runtime Environment (11.0.13) (build 11.0.13+0-b1751.21-8125866)
# Java VM: OpenJDK 64-Bit Server VM (11.0.13+0-b1751.21-8125866, mixed mode, tiered, compressed oops, g1 gc, windows-amd64)
# No core dump will be written. Minidumps are not enabled by default on client versions of Windows
#

---------------  S U M M A R Y ------------

Command Line: --add-opens=java.base/java.util=ALL-UNNAMED --add-opens=java.base/java.lang=ALL-UNNAMED --add-opens=java.base/java.lang.invoke=ALL-UNNAMED --add-opens=java.base/java.util=ALL-UNNAMED --add-opens=java.prefs/java.util.prefs=ALL-UNNAMED --add-opens=java.prefs/java.util.prefs=ALL-UNNAMED --add-opens=java.base/java.nio.charset=ALL-UNNAMED --add-opens=java.base/java.net=ALL-UNNAMED --add-opens=java.base/java.util.concurrent.atomic=ALL-UNNAMED -Xmx1536M -Dfile.encoding=windows-1252 -Duser.country=ID -Duser.language=en -Duser.variant org.gradle.launcher.daemon.bootstrap.GradleDaemon 7.4

Host: Intel(R) Celeron(R) N5100 @ 1.10GHz, 4 cores, 3G,  Windows 11 , 64 bit Build 22000 (10.0.22000.708)
Time: Thu Feb  9 14:50:29 2023 SE Asia Standard Time elapsed time: 755.573968 seconds (0d 0h 12m 35s)

---------------  T H R E A D  ---------------

Current thread (0x0000024a31f69800):  JavaThread "C2 CompilerThread0" daemon [_thread_in_native, id=11760, stack(0x00000097f4000000,0x00000097f4100000)]


Current CompileTask:
C2: 755574 17262       4       org.gradle.internal.service.DefaultServiceRegistry$ClassInspector::getDetailsForClass (50 bytes)

Stack: [0x00000097f4000000,0x00000097f4100000]
Native frames: (J=compiled Java code, j=interpreted, Vv=VM code, C=native code)
V  [jvm.dll+0x6100fa]
V  [jvm.dll+0x747090]
V  [jvm.dll+0x7486ad]
V  [jvm.dll+0x748d83]
V  [jvm.dll+0x24ab48]
V  [jvm.dll+0xc04dc]
V  [jvm.dll+0xc0a0c]
V  [jvm.dll+0x35eb5b]
V  [jvm.dll+0x32b833]
V  [jvm.dll+0x32ad2a]
V  [jvm.dll+0x2032b2]
V  [jvm.dll+0x202437]
V  [jvm.dll+0x188e01]
V  [jvm.dll+0x21106b]
V  [jvm.dll+0x20f8c1]
V  [jvm.dll+0x70de0f]
V  [jvm.dll+0x706a75]
V  [jvm.dll+0x60ed66]
C  [ucrtbase.dll+0x26c0c]
C  [KERNEL32.DLL+0x154e0]
C  [ntdll.dll+0x485b]


---------------  P R O C E S S  ---------------

Threads class SMR info:
_java_thread_list=0x0000024a387d4d00, length=32, elements={
0x0000024a18d14000, 0x0000024a315df000, 0x0000024a315e0000, 0x0000024a31f62800,
0x0000024a31f63800, 0x0000024a31f64800, 0x0000024a31f69800, 0x0000024a31f6d000,
0x0000024a31fb0800, 0x0000024a320a9800, 0x0000024a3386b800, 0x0000024a336b8800,
0x0000024a33a0c800, 0x0000024a32d03000, 0x0000024a32d01800, 0x0000024a32cff800,
0x0000024a32d00800, 0x0000024a32cff000, 0x0000024a35dad800, 0x0000024a35db3000,
0x0000024a35dae000, 0x0000024a35db4800, 0x0000024a35db0800, 0x0000024a35db5800,
0x0000024a34b69000, 0x0000024a34937800, 0x0000024a34b5d800, 0x0000024a34b62800,
0x0000024a34b5d000, 0x0000024a34b5e800, 0x0000024a34b66000, 0x0000024a34b60000
}

Java Threads: ( => current thread )
  0x0000024a18d14000 JavaThread "main" [_thread_blocked, id=10432, stack(0x00000097f3400000,0x00000097f3500000)]
  0x0000024a315df000 JavaThread "Reference Handler" daemon [_thread_blocked, id=13900, stack(0x00000097f3b00000,0x00000097f3c00000)]
  0x0000024a315e0000 JavaThread "Finalizer" daemon [_thread_blocked, id=15804, stack(0x00000097f3c00000,0x00000097f3d00000)]
  0x0000024a31f62800 JavaThread "Signal Dispatcher" daemon [_thread_blocked, id=14856, stack(0x00000097f3d00000,0x00000097f3e00000)]
  0x0000024a31f63800 JavaThread "Attach Listener" daemon [_thread_blocked, id=17380, stack(0x00000097f3e00000,0x00000097f3f00000)]
  0x0000024a31f64800 JavaThread "Service Thread" daemon [_thread_blocked, id=16088, stack(0x00000097f3f00000,0x00000097f4000000)]
=>0x0000024a31f69800 JavaThread "C2 CompilerThread0" daemon [_thread_in_native, id=11760, stack(0x00000097f4000000,0x00000097f4100000)]
  0x0000024a31f6d000 JavaThread "C1 CompilerThread0" daemon [_thread_blocked, id=13032, stack(0x00000097f4100000,0x00000097f4200000)]
  0x0000024a31fb0800 JavaThread "Sweeper thread" daemon [_thread_blocked, id=5684, stack(0x00000097f4200000,0x00000097f4300000)]
  0x0000024a320a9800 JavaThread "Common-Cleaner" daemon [_thread_blocked, id=12940, stack(0x00000097f4300000,0x00000097f4400000)]
  0x0000024a3386b800 JavaThread "Daemon health stats" [_thread_blocked, id=10824, stack(0x00000097f4600000,0x00000097f4700000)]
  0x0000024a336b8800 JavaThread "Incoming local TCP Connector on port 54545" [_thread_in_native, id=15964, stack(0x00000097f4900000,0x00000097f4a00000)]
  0x0000024a33a0c800 JavaThread "Daemon periodic checks" [_thread_blocked, id=16620, stack(0x00000097f4a00000,0x00000097f4b00000)]
  0x0000024a32d03000 JavaThread "Cache worker for journal cache (C:\Users\Acer\.gradle\caches\journal-1)" [_thread_blocked, id=15968, stack(0x00000097f5200000,0x00000097f5300000)]
  0x0000024a32d01800 JavaThread "File lock request listener" [_thread_in_native, id=15972, stack(0x00000097f5300000,0x00000097f5400000)]
  0x0000024a32cff800 JavaThread "Cache worker for file hash cache (C:\Users\Acer\.gradle\caches\7.4\fileHashes)" [_thread_blocked, id=5856, stack(0x00000097f5400000,0x00000097f5500000)]
  0x0000024a32d00800 JavaThread "File watcher server" daemon [_thread_in_native, id=9048, stack(0x00000097f5500000,0x00000097f5600000)]
  0x0000024a32cff000 JavaThread "File watcher consumer" daemon [_thread_blocked, id=13208, stack(0x00000097f5600000,0x00000097f5700000)]
  0x0000024a35dad800 JavaThread "Cache worker for execution history cache (C:\Users\Acer\.gradle\caches\7.4\executionHistory)" [_thread_blocked, id=4660, stack(0x00000097f5b00000,0x00000097f5c00000)]
  0x0000024a35db3000 JavaThread "jar transforms" [_thread_blocked, id=7600, stack(0x00000097f5c00000,0x00000097f5d00000)]
  0x0000024a35dae000 JavaThread "jar transforms Thread 2" [_thread_blocked, id=9404, stack(0x00000097f5d00000,0x00000097f5e00000)]
  0x0000024a35db4800 JavaThread "Cache worker for file content cache (C:\Users\Acer\.gradle\caches\7.4\fileContent)" [_thread_blocked, id=12952, stack(0x00000097f5e00000,0x00000097f5f00000)]
  0x0000024a35db0800 JavaThread "jar transforms Thread 3" [_thread_blocked, id=404, stack(0x00000097f5f00000,0x00000097f6000000)]
  0x0000024a35db5800 JavaThread "jar transforms Thread 4" [_thread_blocked, id=5772, stack(0x00000097f6000000,0x00000097f6100000)]
  0x0000024a34b69000 JavaThread "Memory manager" [_thread_blocked, id=16556, stack(0x00000097f8b00000,0x00000097f8c00000)]
  0x0000024a34937800 JavaThread "ForkJoinPool.commonPool-worker-5" daemon [_thread_blocked, id=5064, stack(0x00000097f9900000,0x00000097f9a00000)]
  0x0000024a34b5d800 JavaThread "Daemon Thread 2" [_thread_blocked, id=14916, stack(0x00000097f3100000,0x00000097f3200000)]
  0x0000024a34b62800 JavaThread "Handler for socket connection from /127.0.0.1:54545 to /127.0.0.1:49904" [_thread_in_native, id=15748, stack(0x00000097f3200000,0x00000097f3300000)]
  0x0000024a34b5d000 JavaThread "Cancel handler" [_thread_blocked, id=3112, stack(0x00000097f3300000,0x00000097f3400000)]
  0x0000024a34b5e800 JavaThread "Daemon worker Thread 2" [_thread_in_Java, id=10712, stack(0x00000097f4b00000,0x00000097f4c00000)]
  0x0000024a34b66000 JavaThread "Stdin handler" [_thread_blocked, id=1064, stack(0x00000097f4d00000,0x00000097f4e00000)]
  0x0000024a34b60000 JavaThread "Daemon client event forwarder" [_thread_blocked, id=10760, stack(0x00000097f4e00000,0x00000097f4f00000)]

Other Threads:
  0x0000024a315b8000 VMThread "VM Thread" [stack: 0x00000097f3a00000,0x00000097f3b00000] [id=5276]
  0x0000024a320d0800 WatcherThread [stack: 0x00000097f4400000,0x00000097f4500000] [id=5472]
  0x0000024a18d2c000 GCTaskThread "GC Thread#0" [stack: 0x00000097f3500000,0x00000097f3600000] [id=2504]
  0x0000024a324b2800 GCTaskThread "GC Thread#1" [stack: 0x00000097f4500000,0x00000097f4600000] [id=12100]
  0x0000024a33413800 GCTaskThread "GC Thread#2" [stack: 0x00000097f4700000,0x00000097f4800000] [id=15988]
  0x0000024a334f6000 GCTaskThread "GC Thread#3" [stack: 0x00000097f4800000,0x00000097f4900000] [id=6440]
  0x0000024a18d52000 ConcurrentGCThread "G1 Main Marker" [stack: 0x00000097f3600000,0x00000097f3700000] [id=11464]
  0x0000024a18d53800 ConcurrentGCThread "G1 Conc#0" [stack: 0x00000097f3700000,0x00000097f3800000] [id=3852]
  0x0000024a18d9e800 ConcurrentGCThread "G1 Refine#0" [stack: 0x00000097f3800000,0x00000097f3900000] [id=10176]
  0x0000024a18d9f800 ConcurrentGCThread "G1 Young RemSet Sampling" [stack: 0x00000097f3900000,0x00000097f3a00000] [id=16156]

Threads with active compile tasks:
C2 CompilerThread0 755620 17262       4       org.gradle.internal.service.DefaultServiceRegistry$ClassInspector::getDetailsForClass (50 bytes)

VM state:not at safepoint (normal execution)

VM Mutex/Monitor currently owned by a thread: None

OutOfMemory and StackOverflow Exception counts:
StackOverflowErrors=2
LinkageErrors=108

Heap address: 0x00000000a0000000, size: 1536 MB, Compressed Oops mode: 32-bit
Narrow klass base: 0x0000000000000000, Narrow klass shift: 3
Compressed class space size: 1073741824 Address: 0x0000000100000000

Heap:
 garbage-first heap   total 279552K, used 175184K [0x00000000a0000000, 0x0000000100000000)
  region size 1024K, 11 young (11264K), 2 survivors (2048K)
 Metaspace       used 105219K, capacity 109423K, committed 109520K, reserved 1144832K
  class space    used 13489K, capacity 14912K, committed 14976K, reserved 1048576K
Heap Regions: E=young(eden), S=young(survivor), O=old, HS=humongous(starts), HC=humongous(continues), CS=collection set, F=free, A=archive, TAMS=top-at-mark-start (previous, next)
|   0|0x00000000a0000000, 0x00000000a0100000, 0x00000000a0100000|100%|HS|  |TAMS 0x00000000a0100000, 0x00000000a0000000| Complete 
|   1|0x00000000a0100000, 0x00000000a0200000, 0x00000000a0200000|100%|HC|  |TAMS 0x00000000a0200000, 0x00000000a0100000| Complete 
|   2|0x00000000a0200000, 0x00000000a0300000, 0x00000000a0300000|100%|HC|  |TAMS 0x00000000a0300000, 0x00000000a0200000| Complete 
|   3|0x00000000a0300000, 0x00000000a0400000, 0x00000000a0400000|100%| O|  |TAMS 0x00000000a0400000, 0x00000000a0300000| Untracked 
|   4|0x00000000a0400000, 0x00000000a0500000, 0x00000000a0500000|100%| O|  |TAMS 0x00000000a0500000, 0x00000000a0400000| Untracked 
|   5|0x00000000a0500000, 0x00000000a0600000, 0x00000000a0600000|100%| O|  |TAMS 0x00000000a0600000, 0x00000000a0500000| Untracked 
|   6|0x00000000a0600000, 0x00000000a0700000, 0x00000000a0700000|100%| O|  |TAMS 0x00000000a0700000, 0x00000000a0600000| Untracked 
|   7|0x00000000a0700000, 0x00000000a0800000, 0x00000000a0800000|100%| O|  |TAMS 0x00000000a0800000, 0x00000000a0700000| Untracked 
|   8|0x00000000a0800000, 0x00000000a0900000, 0x00000000a0900000|100%| O|  |TAMS 0x00000000a0900000, 0x00000000a0800000| Untracked 
|   9|0x00000000a0900000, 0x00000000a0a00000, 0x00000000a0a00000|100%| O|  |TAMS 0x00000000a0a00000, 0x00000000a0900000| Untracked 
|  10|0x00000000a0a00000, 0x00000000a0b00000, 0x00000000a0b00000|100%| O|  |TAMS 0x00000000a0b00000, 0x00000000a0a00000| Untracked 
|  11|0x00000000a0b00000, 0x00000000a0c00000, 0x00000000a0c00000|100%| O|  |TAMS 0x00000000a0c00000, 0x00000000a0b00000| Untracked 
|  12|0x00000000a0c00000, 0x00000000a0d00000, 0x00000000a0d00000|100%| O|  |TAMS 0x00000000a0d00000, 0x00000000a0c00000| Untracked 
|  13|0x00000000a0d00000, 0x00000000a0e00000, 0x00000000a0e00000|100%| O|  |TAMS 0x00000000a0e00000, 0x00000000a0d00000| Untracked 
|  14|0x00000000a0e00000, 0x00000000a0f00000, 0x00000000a0f00000|100%| O|  |TAMS 0x00000000a0f00000, 0x00000000a0e00000| Untracked 
|  15|0x00000000a0f00000, 0x00000000a1000000, 0x00000000a1000000|100%| O|  |TAMS 0x00000000a1000000, 0x00000000a0f00000| Untracked 
|  16|0x00000000a1000000, 0x00000000a1100000, 0x00000000a1100000|100%| O|  |TAMS 0x00000000a1100000, 0x00000000a1000000| Untracked 
|  17|0x00000000a1100000, 0x00000000a1200000, 0x00000000a1200000|100%| O|  |TAMS 0x00000000a1200000, 0x00000000a1100000| Untracked 
|  18|0x00000000a1200000, 0x00000000a1300000, 0x00000000a1300000|100%| O|  |TAMS 0x00000000a1300000, 0x00000000a1200000| Untracked 
|  19|0x00000000a1300000, 0x00000000a1400000, 0x00000000a1400000|100%| O|  |TAMS 0x00000000a1400000, 0x00000000a1300000| Untracked 
|  20|0x00000000a1400000, 0x00000000a1500000, 0x00000000a1500000|100%| O|  |TAMS 0x00000000a1500000, 0x00000000a1400000| Untracked 
|  21|0x00000000a1500000, 0x00000000a1600000, 0x00000000a1600000|100%| O|  |TAMS 0x00000000a1600000, 0x00000000a1500000| Untracked 
|  22|0x00000000a1600000, 0x00000000a1700000, 0x00000000a1700000|100%| O|  |TAMS 0x00000000a1700000, 0x00000000a1600000| Untracked 
|  23|0x00000000a1700000, 0x00000000a1800000, 0x00000000a1800000|100%| O|  |TAMS 0x00000000a1800000, 0x00000000a1700000| Untracked 
|  24|0x00000000a1800000, 0x00000000a1900000, 0x00000000a1900000|100%| O|  |TAMS 0x00000000a1900000, 0x00000000a1800000| Untracked 
|  25|0x00000000a1900000, 0x00000000a1a00000, 0x00000000a1a00000|100%| O|  |TAMS 0x00000000a1a00000, 0x00000000a1900000| Untracked 
|  26|0x00000000a1a00000, 0x00000000a1b00000, 0x00000000a1b00000|100%| O|  |TAMS 0x00000000a1b00000, 0x00000000a1a00000| Untracked 
|  27|0x00000000a1b00000, 0x00000000a1c00000, 0x00000000a1c00000|100%| O|  |TAMS 0x00000000a1c00000, 0x00000000a1b00000| Untracked 
|  28|0x00000000a1c00000, 0x00000000a1d00000, 0x00000000a1d00000|100%| O|  |TAMS 0x00000000a1d00000, 0x00000000a1c00000| Untracked 
|  29|0x00000000a1d00000, 0x00000000a1e00000, 0x00000000a1e00000|100%| O|  |TAMS 0x00000000a1e00000, 0x00000000a1d00000| Untracked 
|  30|0x00000000a1e00000, 0x00000000a1f00000, 0x00000000a1f00000|100%| O|  |TAMS 0x00000000a1f00000, 0x00000000a1e00000| Untracked 
|  31|0x00000000a1f00000, 0x00000000a2000000, 0x00000000a2000000|100%|HS|  |TAMS 0x00000000a2000000, 0x00000000a1f00000| Complete 
|  32|0x00000000a2000000, 0x00000000a2100000, 0x00000000a2100000|100%|HS|  |TAMS 0x00000000a2100000, 0x00000000a2000000| Complete 
|  33|0x00000000a2100000, 0x00000000a2200000, 0x00000000a2200000|100%| O|  |TAMS 0x00000000a2200000, 0x00000000a2100000| Untracked 
|  34|0x00000000a2200000, 0x00000000a2300000, 0x00000000a2300000|100%| O|  |TAMS 0x00000000a2300000, 0x00000000a2200000| Untracked 
|  35|0x00000000a2300000, 0x00000000a2400000, 0x00000000a2400000|100%| O|  |TAMS 0x00000000a2400000, 0x00000000a2300000| Untracked 
|  36|0x00000000a2400000, 0x00000000a2500000, 0x00000000a2500000|100%|HS|  |TAMS 0x00000000a2500000, 0x00000000a2400000| Complete 
|  37|0x00000000a2500000, 0x00000000a2600000, 0x00000000a2600000|100%|HS|  |TAMS 0x00000000a2600000, 0x00000000a2500000| Complete 
|  38|0x00000000a2600000, 0x00000000a2700000, 0x00000000a2700000|100%|HS|  |TAMS 0x00000000a2700000, 0x00000000a2600000| Complete 
|  39|0x00000000a2700000, 0x00000000a2800000, 0x00000000a2800000|100%|HC|  |TAMS 0x00000000a2800000, 0x00000000a2700000| Complete 
|  40|0x00000000a2800000, 0x00000000a2900000, 0x00000000a2900000|100%|HC|  |TAMS 0x00000000a2900000, 0x00000000a2800000| Complete 
|  41|0x00000000a2900000, 0x00000000a2a00000, 0x00000000a2a00000|100%| O|  |TAMS 0x00000000a2a00000, 0x00000000a2900000| Untracked 
|  42|0x00000000a2a00000, 0x00000000a2b00000, 0x00000000a2b00000|100%| O|  |TAMS 0x00000000a2b00000, 0x00000000a2a00000| Untracked 
|  43|0x00000000a2b00000, 0x00000000a2c00000, 0x00000000a2c00000|100%| O|  |TAMS 0x00000000a2c00000, 0x00000000a2b00000| Untracked 
|  44|0x00000000a2c00000, 0x00000000a2d00000, 0x00000000a2d00000|100%| O|  |TAMS 0x00000000a2d00000, 0x00000000a2c00000| Untracked 
|  45|0x00000000a2d00000, 0x00000000a2e00000, 0x00000000a2e00000|100%|HS|  |TAMS 0x00000000a2e00000, 0x00000000a2d00000| Complete 
|  46|0x00000000a2e00000, 0x00000000a2f00000, 0x00000000a2f00000|100%|HC|  |TAMS 0x00000000a2f00000, 0x00000000a2e00000| Complete 
|  47|0x00000000a2f00000, 0x00000000a3000000, 0x00000000a3000000|100%| O|  |TAMS 0x00000000a3000000, 0x00000000a2f00000| Untracked 
|  48|0x00000000a3000000, 0x00000000a3100000, 0x00000000a3100000|100%| O|  |TAMS 0x00000000a3100000, 0x00000000a3000000| Untracked 
|  49|0x00000000a3100000, 0x00000000a3200000, 0x00000000a3200000|100%| O|  |TAMS 0x00000000a3200000, 0x00000000a3100000| Untracked 
|  50|0x00000000a3200000, 0x00000000a3300000, 0x00000000a3300000|100%| O|  |TAMS 0x00000000a3300000, 0x00000000a3200000| Untracked 
|  51|0x00000000a3300000, 0x00000000a3400000, 0x00000000a3400000|100%| O|  |TAMS 0x00000000a3400000, 0x00000000a3300000| Untracked 
|  52|0x00000000a3400000, 0x00000000a3500000, 0x00000000a3500000|100%| O|  |TAMS 0x00000000a3500000, 0x00000000a3400000| Untracked 
|  53|0x00000000a3500000, 0x00000000a3600000, 0x00000000a3600000|100%| O|  |TAMS 0x00000000a3600000, 0x00000000a3500000| Untracked 
|  54|0x00000000a3600000, 0x00000000a3700000, 0x00000000a3700000|100%| O|  |TAMS 0x00000000a3700000, 0x00000000a3600000| Untracked 
|  55|0x00000000a3700000, 0x00000000a3800000, 0x00000000a3800000|100%| O|  |TAMS 0x00000000a3800000, 0x00000000a3700000| Untracked 
|  56|0x00000000a3800000, 0x00000000a3900000, 0x00000000a3900000|100%| O|  |TAMS 0x00000000a3900000, 0x00000000a3800000| Untracked 
|  57|0x00000000a3900000, 0x00000000a3a00000, 0x00000000a3a00000|100%| O|  |TAMS 0x00000000a3a00000, 0x00000000a3900000| Untracked 
|  58|0x00000000a3a00000, 0x00000000a3b00000, 0x00000000a3b00000|100%| O|  |TAMS 0x00000000a3b00000, 0x00000000a3a00000| Untracked 
|  59|0x00000000a3b00000, 0x00000000a3c00000, 0x00000000a3c00000|100%| O|  |TAMS 0x00000000a3c00000, 0x00000000a3b00000| Untracked 
|  60|0x00000000a3c00000, 0x00000000a3d00000, 0x00000000a3d00000|100%| O|  |TAMS 0x00000000a3d00000, 0x00000000a3c00000| Untracked 
|  61|0x00000000a3d00000, 0x00000000a3e00000, 0x00000000a3e00000|100%| O|  |TAMS 0x00000000a3e00000, 0x00000000a3d00000| Untracked 
|  62|0x00000000a3e00000, 0x00000000a3f00000, 0x00000000a3f00000|100%|HS|  |TAMS 0x00000000a3f00000, 0x00000000a3e00000| Complete 
|  63|0x00000000a3f00000, 0x00000000a4000000, 0x00000000a4000000|100%| O|  |TAMS 0x00000000a4000000, 0x00000000a3f00000| Untracked 
|  64|0x00000000a4000000, 0x00000000a4100000, 0x00000000a4100000|100%|HS|  |TAMS 0x00000000a4100000, 0x00000000a4000000| Complete 
|  65|0x00000000a4100000, 0x00000000a4200000, 0x00000000a4200000|100%|HC|  |TAMS 0x00000000a4200000, 0x00000000a4100000| Complete 
|  66|0x00000000a4200000, 0x00000000a4300000, 0x00000000a4300000|100%| O|  |TAMS 0x00000000a4300000, 0x00000000a4200000| Untracked 
|  67|0x00000000a4300000, 0x00000000a4400000, 0x00000000a4400000|100%| O|  |TAMS 0x00000000a4400000, 0x00000000a4300000| Untracked 
|  68|0x00000000a4400000, 0x00000000a4500000, 0x00000000a4500000|100%| O|  |TAMS 0x00000000a4500000, 0x00000000a4400000| Untracked 
|  69|0x00000000a4500000, 0x00000000a4600000, 0x00000000a4600000|100%| O|  |TAMS 0x00000000a4600000, 0x00000000a4500000| Untracked 
|  70|0x00000000a4600000, 0x00000000a4700000, 0x00000000a4700000|100%| O|  |TAMS 0x00000000a4700000, 0x00000000a4600000| Untracked 
|  71|0x00000000a4700000, 0x00000000a4800000, 0x00000000a4800000|100%| O|  |TAMS 0x00000000a4800000, 0x00000000a4700000| Untracked 
|  72|0x00000000a4800000, 0x00000000a4900000, 0x00000000a4900000|100%| O|  |TAMS 0x00000000a4900000, 0x00000000a4800000| Untracked 
|  73|0x00000000a4900000, 0x00000000a4a00000, 0x00000000a4a00000|100%| O|  |TAMS 0x00000000a4a00000, 0x00000000a4900000| Untracked 
|  74|0x00000000a4a00000, 0x00000000a4b00000, 0x00000000a4b00000|100%| O|  |TAMS 0x00000000a4b00000, 0x00000000a4a00000| Untracked 
|  75|0x00000000a4b00000, 0x00000000a4c00000, 0x00000000a4c00000|100%| O|  |TAMS 0x00000000a4c00000, 0x00000000a4b00000| Untracked 
|  76|0x00000000a4c00000, 0x00000000a4d00000, 0x00000000a4d00000|100%| O|  |TAMS 0x00000000a4d00000, 0x00000000a4c00000| Untracked 
|  77|0x00000000a4d00000, 0x00000000a4e00000, 0x00000000a4e00000|100%| O|  |TAMS 0x00000000a4e00000, 0x00000000a4d00000| Untracked 
|  78|0x00000000a4e00000, 0x00000000a4f00000, 0x00000000a4f00000|100%| O|  |TAMS 0x00000000a4f00000, 0x00000000a4e00000| Untracked 
|  79|0x00000000a4f00000, 0x00000000a5000000, 0x00000000a5000000|100%| O|  |TAMS 0x00000000a5000000, 0x00000000a4f00000| Untracked 
|  80|0x00000000a5000000, 0x00000000a5100000, 0x00000000a5100000|100%| O|  |TAMS 0x00000000a5100000, 0x00000000a5000000| Untracked 
|  81|0x00000000a5100000, 0x00000000a5200000, 0x00000000a5200000|100%| O|  |TAMS 0x00000000a5200000, 0x00000000a5100000| Untracked 
|  82|0x00000000a5200000, 0x00000000a5300000, 0x00000000a5300000|100%| O|  |TAMS 0x00000000a5300000, 0x00000000a5200000| Untracked 
|  83|0x00000000a5300000, 0x00000000a5400000, 0x00000000a5400000|100%| O|  |TAMS 0x00000000a5400000, 0x00000000a5300000| Untracked 
|  84|0x00000000a5400000, 0x00000000a5500000, 0x00000000a5500000|100%|HS|  |TAMS 0x00000000a5500000, 0x00000000a5400000| Complete 
|  85|0x00000000a5500000, 0x00000000a5600000, 0x00000000a5600000|100%|HS|  |TAMS 0x00000000a5600000, 0x00000000a5500000| Complete 
|  86|0x00000000a5600000, 0x00000000a5700000, 0x00000000a5700000|100%| O|  |TAMS 0x00000000a5700000, 0x00000000a5600000| Untracked 
|  87|0x00000000a5700000, 0x00000000a5800000, 0x00000000a5800000|100%| O|  |TAMS 0x00000000a5800000, 0x00000000a5700000| Untracked 
|  88|0x00000000a5800000, 0x00000000a5900000, 0x00000000a5900000|100%| O|  |TAMS 0x00000000a5900000, 0x00000000a5800000| Untracked 
|  89|0x00000000a5900000, 0x00000000a5a00000, 0x00000000a5a00000|100%| O|  |TAMS 0x00000000a5a00000, 0x00000000a5900000| Untracked 
|  90|0x00000000a5a00000, 0x00000000a5b00000, 0x00000000a5b00000|100%| O|  |TAMS 0x00000000a5b00000, 0x00000000a5a00000| Untracked 
|  91|0x00000000a5b00000, 0x00000000a5c00000, 0x00000000a5c00000|100%| O|  |TAMS 0x00000000a5c00000, 0x00000000a5b00000| Untracked 
|  92|0x00000000a5c00000, 0x00000000a5d00000, 0x00000000a5d00000|100%| O|  |TAMS 0x00000000a5d00000, 0x00000000a5c00000| Untracked 
|  93|0x00000000a5d00000, 0x00000000a5e00000, 0x00000000a5e00000|100%| O|  |TAMS 0x00000000a5e00000, 0x00000000a5d00000| Untracked 
|  94|0x00000000a5e00000, 0x00000000a5f00000, 0x00000000a5f00000|100%| O|  |TAMS 0x00000000a5f00000, 0x00000000a5e00000| Untracked 
|  95|0x00000000a5f00000, 0x00000000a6000000, 0x00000000a6000000|100%| O|  |TAMS 0x00000000a6000000, 0x00000000a5f00000| Untracked 
|  96|0x00000000a6000000, 0x00000000a6100000, 0x00000000a6100000|100%| O|  |TAMS 0x00000000a6100000, 0x00000000a6000000| Untracked 
|  97|0x00000000a6100000, 0x00000000a6200000, 0x00000000a6200000|100%| O|  |TAMS 0x00000000a6200000, 0x00000000a6100000| Untracked 
|  98|0x00000000a6200000, 0x00000000a6300000, 0x00000000a6300000|100%| O|  |TAMS 0x00000000a6300000, 0x00000000a6200000| Untracked 
|  99|0x00000000a6300000, 0x00000000a6400000, 0x00000000a6400000|100%| O|  |TAMS 0x00000000a6400000, 0x00000000a6300000| Untracked 
| 100|0x00000000a6400000, 0x00000000a6500000, 0x00000000a6500000|100%| O|  |TAMS 0x00000000a6500000, 0x00000000a6400000| Untracked 
| 101|0x00000000a6500000, 0x00000000a6600000, 0x00000000a6600000|100%| O|  |TAMS 0x00000000a6600000, 0x00000000a6500000| Untracked 
| 102|0x00000000a6600000, 0x00000000a6700000, 0x00000000a6700000|100%| O|  |TAMS 0x00000000a6700000, 0x00000000a6600000| Untracked 
| 103|0x00000000a6700000, 0x00000000a6800000, 0x00000000a6800000|100%| O|  |TAMS 0x00000000a6800000, 0x00000000a6700000| Untracked 
| 104|0x00000000a6800000, 0x00000000a6900000, 0x00000000a6900000|100%|HS|  |TAMS 0x00000000a6900000, 0x00000000a6800000| Complete 
| 105|0x00000000a6900000, 0x00000000a6a00000, 0x00000000a6a00000|100%|HS|  |TAMS 0x00000000a6a00000, 0x00000000a6900000| Complete 
| 106|0x00000000a6a00000, 0x00000000a6b00000, 0x00000000a6b00000|100%| O|  |TAMS 0x00000000a6b00000, 0x00000000a6a00000| Untracked 
| 107|0x00000000a6b00000, 0x00000000a6c00000, 0x00000000a6c00000|100%| O|  |TAMS 0x00000000a6c00000, 0x00000000a6b00000| Untracked 
| 108|0x00000000a6c00000, 0x00000000a6d00000, 0x00000000a6d00000|100%| O|  |TAMS 0x00000000a6d00000, 0x00000000a6c00000| Untracked 
| 109|0x00000000a6d00000, 0x00000000a6d00000, 0x00000000a6e00000|  0%| F|  |TAMS 0x00000000a6d00000, 0x00000000a6d00000| Untracked 
| 110|0x00000000a6e00000, 0x00000000a6f00000, 0x00000000a6f00000|100%| O|  |TAMS 0x00000000a6f00000, 0x00000000a6e00000| Untracked 
| 111|0x00000000a6f00000, 0x00000000a7000000, 0x00000000a7000000|100%| O|  |TAMS 0x00000000a7000000, 0x00000000a6f00000| Untracked 
| 112|0x00000000a7000000, 0x00000000a7100000, 0x00000000a7100000|100%| O|  |TAMS 0x00000000a7100000, 0x00000000a7000000| Untracked 
| 113|0x00000000a7100000, 0x00000000a7200000, 0x00000000a7200000|100%| O|  |TAMS 0x00000000a7200000, 0x00000000a7100000| Untracked 
| 114|0x00000000a7200000, 0x00000000a7300000, 0x00000000a7300000|100%| O|  |TAMS 0x00000000a7300000, 0x00000000a7200000| Untracked 
| 115|0x00000000a7300000, 0x00000000a7400000, 0x00000000a7400000|100%| O|  |TAMS 0x00000000a7400000, 0x00000000a7300000| Untracked 
| 116|0x00000000a7400000, 0x00000000a7500000, 0x00000000a7500000|100%| O|  |TAMS 0x00000000a7500000, 0x00000000a7400000| Untracked 
| 117|0x00000000a7500000, 0x00000000a7600000, 0x00000000a7600000|100%| O|  |TAMS 0x00000000a7600000, 0x00000000a7500000| Untracked 
| 118|0x00000000a7600000, 0x00000000a7700000, 0x00000000a7700000|100%| O|  |TAMS 0x00000000a7700000, 0x00000000a7600000| Untracked 
| 119|0x00000000a7700000, 0x00000000a7800000, 0x00000000a7800000|100%| O|  |TAMS 0x00000000a7800000, 0x00000000a7700000| Untracked 
| 120|0x00000000a7800000, 0x00000000a7900000, 0x00000000a7900000|100%| O|  |TAMS 0x00000000a7900000, 0x00000000a7800000| Untracked 
| 121|0x00000000a7900000, 0x00000000a7a00000, 0x00000000a7a00000|100%| O|  |TAMS 0x00000000a7a00000, 0x00000000a7900000| Untracked 
| 122|0x00000000a7a00000, 0x00000000a7b00000, 0x00000000a7b00000|100%| O|  |TAMS 0x00000000a7b00000, 0x00000000a7a00000| Untracked 
| 123|0x00000000a7b00000, 0x00000000a7c00000, 0x00000000a7c00000|100%| O|  |TAMS 0x00000000a7c00000, 0x00000000a7b00000| Untracked 
| 124|0x00000000a7c00000, 0x00000000a7d00000, 0x00000000a7d00000|100%| O|  |TAMS 0x00000000a7d00000, 0x00000000a7c00000| Untracked 
| 125|0x00000000a7d00000, 0x00000000a7e00000, 0x00000000a7e00000|100%| O|  |TAMS 0x00000000a7e00000, 0x00000000a7d00000| Untracked 
| 126|0x00000000a7e00000, 0x00000000a7f00000, 0x00000000a7f00000|100%| O|  |TAMS 0x00000000a7f00000, 0x00000000a7e00000| Untracked 
| 127|0x00000000a7f00000, 0x00000000a8000000, 0x00000000a8000000|100%| O|  |TAMS 0x00000000a8000000, 0x00000000a7f00000| Untracked 
| 128|0x00000000a8000000, 0x00000000a8100000, 0x00000000a8100000|100%| O|  |TAMS 0x00000000a8100000, 0x00000000a8000000| Untracked 
| 129|0x00000000a8100000, 0x00000000a8200000, 0x00000000a8200000|100%| O|  |TAMS 0x00000000a8200000, 0x00000000a8100000| Untracked 
| 130|0x00000000a8200000, 0x00000000a8300000, 0x00000000a8300000|100%| O|  |TAMS 0x00000000a8300000, 0x00000000a8200000| Untracked 
| 131|0x00000000a8300000, 0x00000000a8400000, 0x00000000a8400000|100%| O|  |TAMS 0x00000000a8400000, 0x00000000a8300000| Untracked 
| 132|0x00000000a8400000, 0x00000000a8500000, 0x00000000a8500000|100%| O|  |TAMS 0x00000000a8500000, 0x00000000a8400000| Untracked 
| 133|0x00000000a8500000, 0x00000000a8600000, 0x00000000a8600000|100%| O|  |TAMS 0x00000000a8600000, 0x00000000a8500000| Untracked 
| 134|0x00000000a8600000, 0x00000000a8700000, 0x00000000a8700000|100%| O|  |TAMS 0x00000000a8700000, 0x00000000a8600000| Untracked 
| 135|0x00000000a8700000, 0x00000000a8800000, 0x00000000a8800000|100%| O|  |TAMS 0x00000000a8800000, 0x00000000a8700000| Untracked 
| 136|0x00000000a8800000, 0x00000000a8900000, 0x00000000a8900000|100%| O|  |TAMS 0x00000000a8900000, 0x00000000a8800000| Untracked 
| 137|0x00000000a8900000, 0x00000000a8a00000, 0x00000000a8a00000|100%| O|  |TAMS 0x00000000a8a00000, 0x00000000a8900000| Untracked 
| 138|0x00000000a8a00000, 0x00000000a8b00000, 0x00000000a8b00000|100%| O|  |TAMS 0x00000000a8b00000, 0x00000000a8a00000| Untracked 
| 139|0x00000000a8b00000, 0x00000000a8c00000, 0x00000000a8c00000|100%| O|  |TAMS 0x00000000a8c00000, 0x00000000a8b00000| Untracked 
| 140|0x00000000a8c00000, 0x00000000a8d00000, 0x00000000a8d00000|100%| O|  |TAMS 0x00000000a8d00000, 0x00000000a8c00000| Untracked 
| 141|0x00000000a8d00000, 0x00000000a8e00000, 0x00000000a8e00000|100%| O|  |TAMS 0x00000000a8e00000, 0x00000000a8d00000| Untracked 
| 142|0x00000000a8e00000, 0x00000000a8f00000, 0x00000000a8f00000|100%| O|  |TAMS 0x00000000a8f00000, 0x00000000a8e00000| Untracked 
| 143|0x00000000a8f00000, 0x00000000a9000000, 0x00000000a9000000|100%| O|  |TAMS 0x00000000a9000000, 0x00000000a8f00000| Untracked 
| 144|0x00000000a9000000, 0x00000000a9100000, 0x00000000a9100000|100%| O|  |TAMS 0x00000000a9100000, 0x00000000a9000000| Untracked 
| 145|0x00000000a9100000, 0x00000000a9200000, 0x00000000a9200000|100%| O|  |TAMS 0x00000000a9200000, 0x00000000a9100000| Untracked 
| 146|0x00000000a9200000, 0x00000000a9300000, 0x00000000a9300000|100%| O|  |TAMS 0x00000000a9300000, 0x00000000a9200000| Untracked 
| 147|0x00000000a9300000, 0x00000000a9400000, 0x00000000a9400000|100%| O|  |TAMS 0x00000000a9400000, 0x00000000a9300000| Untracked 
| 148|0x00000000a9400000, 0x00000000a9500000, 0x00000000a9500000|100%| O|  |TAMS 0x00000000a9500000, 0x00000000a9400000| Untracked 
| 149|0x00000000a9500000, 0x00000000a9600000, 0x00000000a9600000|100%| O|  |TAMS 0x00000000a9600000, 0x00000000a9500000| Untracked 
| 150|0x00000000a9600000, 0x00000000a9700000, 0x00000000a9700000|100%| O|  |TAMS 0x00000000a9700000, 0x00000000a9600000| Untracked 
| 151|0x00000000a9700000, 0x00000000a9800000, 0x00000000a9800000|100%| O|  |TAMS 0x00000000a9800000, 0x00000000a9700000| Untracked 
| 152|0x00000000a9800000, 0x00000000a9900000, 0x00000000a9900000|100%| O|  |TAMS 0x00000000a9900000, 0x00000000a9800000| Untracked 
| 153|0x00000000a9900000, 0x00000000a9a00000, 0x00000000a9a00000|100%| O|  |TAMS 0x00000000a9a00000, 0x00000000a9900000| Untracked 
| 154|0x00000000a9a00000, 0x00000000a9b00000, 0x00000000a9b00000|100%| O|  |TAMS 0x00000000a9b00000, 0x00000000a9a00000| Untracked 
| 155|0x00000000a9b00000, 0x00000000a9c00000, 0x00000000a9c00000|100%| O|  |TAMS 0x00000000a9c00000, 0x00000000a9b00000| Untracked 
| 156|0x00000000a9c00000, 0x00000000a9d00000, 0x00000000a9d00000|100%| O|  |TAMS 0x00000000a9d00000, 0x00000000a9c00000| Untracked 
| 157|0x00000000a9d00000, 0x00000000a9e00000, 0x00000000a9e00000|100%| O|  |TAMS 0x00000000a9e00000, 0x00000000a9d00000| Untracked 
| 158|0x00000000a9e00000, 0x00000000a9f00000, 0x00000000a9f00000|100%| O|  |TAMS 0x00000000a9f00000, 0x00000000a9e00000| Untracked 
| 159|0x00000000a9f00000, 0x00000000aa000000, 0x00000000aa000000|100%| O|  |TAMS 0x00000000aa000000, 0x00000000a9f00000| Untracked 
| 160|0x00000000aa000000, 0x00000000aa100000, 0x00000000aa100000|100%| O|  |TAMS 0x00000000aa100000, 0x00000000aa000000| Untracked 
| 161|0x00000000aa100000, 0x00000000aa200000, 0x00000000aa200000|100%| O|  |TAMS 0x00000000aa200000, 0x00000000aa100000| Untracked 
| 162|0x00000000aa200000, 0x00000000aa26b800, 0x00000000aa300000| 41%| O|  |TAMS 0x00000000aa26b800, 0x00000000aa200000| Untracked 
| 163|0x00000000aa300000, 0x00000000aa300000, 0x00000000aa400000|  0%| F|  |TAMS 0x00000000aa300000, 0x00000000aa300000| Untracked 
| 164|0x00000000aa400000, 0x00000000aa400000, 0x00000000aa500000|  0%| F|  |TAMS 0x00000000aa400000, 0x00000000aa400000| Untracked 
| 165|0x00000000aa500000, 0x00000000aa500000, 0x00000000aa600000|  0%| F|  |TAMS 0x00000000aa500000, 0x00000000aa500000| Untracked 
| 166|0x00000000aa600000, 0x00000000aa600000, 0x00000000aa700000|  0%| F|  |TAMS 0x00000000aa600000, 0x00000000aa600000| Untracked 
| 167|0x00000000aa700000, 0x00000000aa700000, 0x00000000aa800000|  0%| F|  |TAMS 0x00000000aa700000, 0x00000000aa700000| Untracked 
| 168|0x00000000aa800000, 0x00000000aa800000, 0x00000000aa900000|  0%| F|  |TAMS 0x00000000aa800000, 0x00000000aa800000| Untracked 
| 169|0x00000000aa900000, 0x00000000aa900000, 0x00000000aaa00000|  0%| F|  |TAMS 0x00000000aa900000, 0x00000000aa900000| Untracked 
| 170|0x00000000aaa00000, 0x00000000aaa00000, 0x00000000aab00000|  0%| F|  |TAMS 0x00000000aaa00000, 0x00000000aaa00000| Untracked 
| 171|0x00000000aab00000, 0x00000000aab00000, 0x00000000aac00000|  0%| F|  |TAMS 0x00000000aab00000, 0x00000000aab00000| Untracked 
| 172|0x00000000aac00000, 0x00000000aac00000, 0x00000000aad00000|  0%| F|  |TAMS 0x00000000aac00000, 0x00000000aac00000| Untracked 
| 173|0x00000000aad00000, 0x00000000aad00000, 0x00000000aae00000|  0%| F|  |TAMS 0x00000000aad00000, 0x00000000aad00000| Untracked 
| 174|0x00000000aae00000, 0x00000000aae00000, 0x00000000aaf00000|  0%| F|  |TAMS 0x00000000aae00000, 0x00000000aae00000| Untracked 
| 175|0x00000000aaf00000, 0x00000000aaf00000, 0x00000000ab000000|  0%| F|  |TAMS 0x00000000aaf00000, 0x00000000aaf00000| Untracked 
| 176|0x00000000ab000000, 0x00000000ab000000, 0x00000000ab100000|  0%| F|  |TAMS 0x00000000ab000000, 0x00000000ab000000| Untracked 
| 177|0x00000000ab100000, 0x00000000ab100000, 0x00000000ab200000|  0%| F|  |TAMS 0x00000000ab100000, 0x00000000ab100000| Untracked 
| 178|0x00000000ab200000, 0x00000000ab200000, 0x00000000ab300000|  0%| F|  |TAMS 0x00000000ab200000, 0x00000000ab200000| Untracked 
| 179|0x00000000ab300000, 0x00000000ab300000, 0x00000000ab400000|  0%| F|  |TAMS 0x00000000ab300000, 0x00000000ab300000| Untracked 
| 180|0x00000000ab400000, 0x00000000ab400000, 0x00000000ab500000|  0%| F|  |TAMS 0x00000000ab400000, 0x00000000ab400000| Untracked 
| 181|0x00000000ab500000, 0x00000000ab500000, 0x00000000ab600000|  0%| F|  |TAMS 0x00000000ab500000, 0x00000000ab500000| Untracked 
| 182|0x00000000ab600000, 0x00000000ab600000, 0x00000000ab700000|  0%| F|  |TAMS 0x00000000ab600000, 0x00000000ab600000| Untracked 
| 183|0x00000000ab700000, 0x00000000ab700000, 0x00000000ab800000|  0%| F|  |TAMS 0x00000000ab700000, 0x00000000ab700000| Untracked 
| 184|0x00000000ab800000, 0x00000000ab800000, 0x00000000ab900000|  0%| F|  |TAMS 0x00000000ab800000, 0x00000000ab800000| Untracked 
| 185|0x00000000ab900000, 0x00000000ab900000, 0x00000000aba00000|  0%| F|  |TAMS 0x00000000ab900000, 0x00000000ab900000| Untracked 
| 186|0x00000000aba00000, 0x00000000aba00000, 0x00000000abb00000|  0%| F|  |TAMS 0x00000000aba00000, 0x00000000aba00000| Untracked 
| 187|0x00000000abb00000, 0x00000000abb00000, 0x00000000abc00000|  0%| F|  |TAMS 0x00000000abb00000, 0x00000000abb00000| Untracked 
| 188|0x00000000abc00000, 0x00000000abc00000, 0x00000000abd00000|  0%| F|  |TAMS 0x00000000abc00000, 0x00000000abc00000| Untracked 
| 189|0x00000000abd00000, 0x00000000abd00000, 0x00000000abe00000|  0%| F|  |TAMS 0x00000000abd00000, 0x00000000abd00000| Untracked 
| 190|0x00000000abe00000, 0x00000000abe00000, 0x00000000abf00000|  0%| F|  |TAMS 0x00000000abe00000, 0x00000000abe00000| Untracked 
| 191|0x00000000abf00000, 0x00000000abf00000, 0x00000000ac000000|  0%| F|  |TAMS 0x00000000abf00000, 0x00000000abf00000| Untracked 
| 192|0x00000000ac000000, 0x00000000ac000000, 0x00000000ac100000|  0%| F|  |TAMS 0x00000000ac000000, 0x00000000ac000000| Untracked 
| 193|0x00000000ac100000, 0x00000000ac100000, 0x00000000ac200000|  0%| F|  |TAMS 0x00000000ac100000, 0x00000000ac100000| Untracked 
| 194|0x00000000ac200000, 0x00000000ac200000, 0x00000000ac300000|  0%| F|  |TAMS 0x00000000ac200000, 0x00000000ac200000| Untracked 
| 195|0x00000000ac300000, 0x00000000ac300000, 0x00000000ac400000|  0%| F|  |TAMS 0x00000000ac300000, 0x00000000ac300000| Untracked 
| 196|0x00000000ac400000, 0x00000000ac400000, 0x00000000ac500000|  0%| F|  |TAMS 0x00000000ac400000, 0x00000000ac400000| Untracked 
| 197|0x00000000ac500000, 0x00000000ac500000, 0x00000000ac600000|  0%| F|  |TAMS 0x00000000ac500000, 0x00000000ac500000| Untracked 
| 198|0x00000000ac600000, 0x00000000ac600000, 0x00000000ac700000|  0%| F|  |TAMS 0x00000000ac600000, 0x00000000ac600000| Untracked 
| 199|0x00000000ac700000, 0x00000000ac700000, 0x00000000ac800000|  0%| F|  |TAMS 0x00000000ac700000, 0x00000000ac700000| Untracked 
| 200|0x00000000ac800000, 0x00000000ac800000, 0x00000000ac900000|  0%| F|  |TAMS 0x00000000ac800000, 0x00000000ac800000| Untracked 
| 201|0x00000000ac900000, 0x00000000ac900000, 0x00000000aca00000|  0%| F|  |TAMS 0x00000000ac900000, 0x00000000ac900000| Untracked 
| 202|0x00000000aca00000, 0x00000000aca00000, 0x00000000acb00000|  0%| F|  |TAMS 0x00000000aca00000, 0x00000000aca00000| Untracked 
| 203|0x00000000acb00000, 0x00000000acb00000, 0x00000000acc00000|  0%| F|  |TAMS 0x00000000acb00000, 0x00000000acb00000| Untracked 
| 204|0x00000000acc00000, 0x00000000acc00000, 0x00000000acd00000|  0%| F|  |TAMS 0x00000000acc00000, 0x00000000acc00000| Untracked 
| 205|0x00000000acd00000, 0x00000000acd00000, 0x00000000ace00000|  0%| F|  |TAMS 0x00000000acd00000, 0x00000000acd00000| Untracked 
| 206|0x00000000ace00000, 0x00000000ace00000, 0x00000000acf00000|  0%| F|  |TAMS 0x00000000ace00000, 0x00000000ace00000| Untracked 
| 207|0x00000000acf00000, 0x00000000acf00000, 0x00000000ad000000|  0%| F|  |TAMS 0x00000000acf00000, 0x00000000acf00000| Untracked 
| 208|0x00000000ad000000, 0x00000000ad000000, 0x00000000ad100000|  0%| F|  |TAMS 0x00000000ad000000, 0x00000000ad000000| Untracked 
| 209|0x00000000ad100000, 0x00000000ad100000, 0x00000000ad200000|  0%| F|  |TAMS 0x00000000ad100000, 0x00000000ad100000| Untracked 
| 210|0x00000000ad200000, 0x00000000ad200000, 0x00000000ad300000|  0%| F|  |TAMS 0x00000000ad200000, 0x00000000ad200000| Untracked 
| 211|0x00000000ad300000, 0x00000000ad300000, 0x00000000ad400000|  0%| F|  |TAMS 0x00000000ad300000, 0x00000000ad300000| Untracked 
| 212|0x00000000ad400000, 0x00000000ad400000, 0x00000000ad500000|  0%| F|  |TAMS 0x00000000ad400000, 0x00000000ad400000| Untracked 
| 213|0x00000000ad500000, 0x00000000ad500000, 0x00000000ad600000|  0%| F|  |TAMS 0x00000000ad500000, 0x00000000ad500000| Untracked 
| 214|0x00000000ad600000, 0x00000000ad600000, 0x00000000ad700000|  0%| F|  |TAMS 0x00000000ad600000, 0x00000000ad600000| Untracked 
| 215|0x00000000ad700000, 0x00000000ad700000, 0x00000000ad800000|  0%| F|  |TAMS 0x00000000ad700000, 0x00000000ad700000| Untracked 
| 216|0x00000000ad800000, 0x00000000ad800000, 0x00000000ad900000|  0%| F|  |TAMS 0x00000000ad800000, 0x00000000ad800000| Untracked 
| 217|0x00000000ad900000, 0x00000000ad900000, 0x00000000ada00000|  0%| F|  |TAMS 0x00000000ad900000, 0x00000000ad900000| Untracked 
| 218|0x00000000ada00000, 0x00000000ada00000, 0x00000000adb00000|  0%| F|  |TAMS 0x00000000ada00000, 0x00000000ada00000| Untracked 
| 219|0x00000000adb00000, 0x00000000adb00000, 0x00000000adc00000|  0%| F|  |TAMS 0x00000000adb00000, 0x00000000adb00000| Untracked 
| 220|0x00000000adc00000, 0x00000000adc00000, 0x00000000add00000|  0%| F|  |TAMS 0x00000000adc00000, 0x00000000adc00000| Untracked 
| 221|0x00000000add00000, 0x00000000add00000, 0x00000000ade00000|  0%| F|  |TAMS 0x00000000add00000, 0x00000000add00000| Untracked 
| 222|0x00000000ade00000, 0x00000000ade00000, 0x00000000adf00000|  0%| F|  |TAMS 0x00000000ade00000, 0x00000000ade00000| Untracked 
| 223|0x00000000adf00000, 0x00000000adf00000, 0x00000000ae000000|  0%| F|  |TAMS 0x00000000adf00000, 0x00000000adf00000| Untracked 
| 224|0x00000000ae000000, 0x00000000ae000000, 0x00000000ae100000|  0%| F|  |TAMS 0x00000000ae000000, 0x00000000ae000000| Untracked 
| 225|0x00000000ae100000, 0x00000000ae100000, 0x00000000ae200000|  0%| F|  |TAMS 0x00000000ae100000, 0x00000000ae100000| Untracked 
| 226|0x00000000ae200000, 0x00000000ae200000, 0x00000000ae300000|  0%| F|  |TAMS 0x00000000ae200000, 0x00000000ae200000| Untracked 
| 227|0x00000000ae300000, 0x00000000ae300000, 0x00000000ae400000|  0%| F|  |TAMS 0x00000000ae300000, 0x00000000ae300000| Untracked 
| 228|0x00000000ae400000, 0x00000000ae400000, 0x00000000ae500000|  0%| F|  |TAMS 0x00000000ae400000, 0x00000000ae400000| Untracked 
| 229|0x00000000ae500000, 0x00000000ae500000, 0x00000000ae600000|  0%| F|  |TAMS 0x00000000ae500000, 0x00000000ae500000| Untracked 
| 230|0x00000000ae600000, 0x00000000ae600000, 0x00000000ae700000|  0%| F|  |TAMS 0x00000000ae600000, 0x00000000ae600000| Untracked 
| 231|0x00000000ae700000, 0x00000000ae700000, 0x00000000ae800000|  0%| F|  |TAMS 0x00000000ae700000, 0x00000000ae700000| Untracked 
| 232|0x00000000ae800000, 0x00000000ae800000, 0x00000000ae900000|  0%| F|  |TAMS 0x00000000ae800000, 0x00000000ae800000| Untracked 
| 233|0x00000000ae900000, 0x00000000ae900000, 0x00000000aea00000|  0%| F|  |TAMS 0x00000000ae900000, 0x00000000ae900000| Untracked 
| 234|0x00000000aea00000, 0x00000000aea00000, 0x00000000aeb00000|  0%| F|  |TAMS 0x00000000aea00000, 0x00000000aea00000| Untracked 
| 235|0x00000000aeb00000, 0x00000000aeb00000, 0x00000000aec00000|  0%| F|  |TAMS 0x00000000aeb00000, 0x00000000aeb00000| Untracked 
| 236|0x00000000aec00000, 0x00000000aec00000, 0x00000000aed00000|  0%| F|  |TAMS 0x00000000aec00000, 0x00000000aec00000| Untracked 
| 237|0x00000000aed00000, 0x00000000aed00000, 0x00000000aee00000|  0%| F|  |TAMS 0x00000000aed00000, 0x00000000aed00000| Untracked 
| 238|0x00000000aee00000, 0x00000000aee00000, 0x00000000aef00000|  0%| F|  |TAMS 0x00000000aee00000, 0x00000000aee00000| Untracked 
| 239|0x00000000aef00000, 0x00000000aef00000, 0x00000000af000000|  0%| F|  |TAMS 0x00000000aef00000, 0x00000000aef00000| Untracked 
| 240|0x00000000af000000, 0x00000000af000000, 0x00000000af100000|  0%| F|  |TAMS 0x00000000af000000, 0x00000000af000000| Untracked 
| 241|0x00000000af100000, 0x00000000af100000, 0x00000000af200000|  0%| F|  |TAMS 0x00000000af100000, 0x00000000af100000| Untracked 
| 242|0x00000000af200000, 0x00000000af200000, 0x00000000af300000|  0%| F|  |TAMS 0x00000000af200000, 0x00000000af200000| Untracked 
| 243|0x00000000af300000, 0x00000000af300000, 0x00000000af400000|  0%| F|  |TAMS 0x00000000af300000, 0x00000000af300000| Untracked 
| 244|0x00000000af400000, 0x00000000af400000, 0x00000000af500000|  0%| F|  |TAMS 0x00000000af400000, 0x00000000af400000| Untracked 
| 245|0x00000000af500000, 0x00000000af500000, 0x00000000af600000|  0%| F|  |TAMS 0x00000000af500000, 0x00000000af500000| Untracked 
| 246|0x00000000af600000, 0x00000000af600000, 0x00000000af700000|  0%| F|  |TAMS 0x00000000af600000, 0x00000000af600000| Untracked 
| 247|0x00000000af700000, 0x00000000af700000, 0x00000000af800000|  0%| F|  |TAMS 0x00000000af700000, 0x00000000af700000| Untracked 
| 248|0x00000000af800000, 0x00000000af800000, 0x00000000af900000|  0%| F|  |TAMS 0x00000000af800000, 0x00000000af800000| Untracked 
| 249|0x00000000af900000, 0x00000000af900000, 0x00000000afa00000|  0%| F|  |TAMS 0x00000000af900000, 0x00000000af900000| Untracked 
| 250|0x00000000afa00000, 0x00000000afa00000, 0x00000000afb00000|  0%| F|  |TAMS 0x00000000afa00000, 0x00000000afa00000| Untracked 
| 251|0x00000000afb00000, 0x00000000afb00000, 0x00000000afc00000|  0%| F|  |TAMS 0x00000000afb00000, 0x00000000afb00000| Untracked 
| 252|0x00000000afc00000, 0x00000000afc00000, 0x00000000afd00000|  0%| F|  |TAMS 0x00000000afc00000, 0x00000000afc00000| Untracked 
| 253|0x00000000afd00000, 0x00000000afd00000, 0x00000000afe00000|  0%| F|  |TAMS 0x00000000afd00000, 0x00000000afd00000| Untracked 
| 254|0x00000000afe00000, 0x00000000afe00000, 0x00000000aff00000|  0%| F|  |TAMS 0x00000000afe00000, 0x00000000afe00000| Untracked 
| 255|0x00000000aff00000, 0x00000000aff00000, 0x00000000b0000000|  0%| F|  |TAMS 0x00000000aff00000, 0x00000000aff00000| Untracked 
| 256|0x00000000b0000000, 0x00000000b0000000, 0x00000000b0100000|  0%| F|  |TAMS 0x00000000b0000000, 0x00000000b0000000| Untracked 
| 257|0x00000000b0100000, 0x00000000b0100000, 0x00000000b0200000|  0%| F|  |TAMS 0x00000000b0100000, 0x00000000b0100000| Untracked 
| 258|0x00000000b0200000, 0x00000000b0200000, 0x00000000b0300000|  0%| F|  |TAMS 0x00000000b0200000, 0x00000000b0200000| Untracked 
| 259|0x00000000b0300000, 0x00000000b0300000, 0x00000000b0400000|  0%| F|  |TAMS 0x00000000b0300000, 0x00000000b0300000| Untracked 
| 260|0x00000000b0400000, 0x00000000b0400000, 0x00000000b0500000|  0%| F|  |TAMS 0x00000000b0400000, 0x00000000b0400000| Untracked 
| 261|0x00000000b0500000, 0x00000000b0500000, 0x00000000b0600000|  0%| F|  |TAMS 0x00000000b0500000, 0x00000000b0500000| Untracked 
| 262|0x00000000b0600000, 0x00000000b06582c0, 0x00000000b0700000| 34%| E|  |TAMS 0x00000000b0600000, 0x00000000b0600000| Complete 
| 263|0x00000000b0700000, 0x00000000b0800000, 0x00000000b0800000|100%| E|CS|TAMS 0x00000000b0700000, 0x00000000b0700000| Complete 
| 264|0x00000000b0800000, 0x00000000b0900000, 0x00000000b0900000|100%| E|CS|TAMS 0x00000000b0800000, 0x00000000b0800000| Complete 
| 265|0x00000000b0900000, 0x00000000b0a00000, 0x00000000b0a00000|100%| E|CS|TAMS 0x00000000b0900000, 0x00000000b0900000| Complete 
| 266|0x00000000b0a00000, 0x00000000b0b00000, 0x00000000b0b00000|100%| E|CS|TAMS 0x00000000b0a00000, 0x00000000b0a00000| Complete 
| 267|0x00000000b0b00000, 0x00000000b0c00000, 0x00000000b0c00000|100%| E|CS|TAMS 0x00000000b0b00000, 0x00000000b0b00000| Complete 
| 268|0x00000000b0c00000, 0x00000000b0d00000, 0x00000000b0d00000|100%| E|CS|TAMS 0x00000000b0c00000, 0x00000000b0c00000| Complete 
| 269|0x00000000b0d00000, 0x00000000b0e00000, 0x00000000b0e00000|100%| E|CS|TAMS 0x00000000b0d00000, 0x00000000b0d00000| Complete 
| 270|0x00000000b0e00000, 0x00000000b0f00000, 0x00000000b0f00000|100%| E|CS|TAMS 0x00000000b0e00000, 0x00000000b0e00000| Complete 
| 271|0x00000000b0f00000, 0x00000000b1000000, 0x00000000b1000000|100%| S|CS|TAMS 0x00000000b0f00000, 0x00000000b0f00000| Complete 
| 272|0x00000000b1000000, 0x00000000b10a8a60, 0x00000000b1100000| 65%| S|CS|TAMS 0x00000000b1000000, 0x00000000b1000000| Complete 

Card table byte_map: [0x0000024a2bb30000,0x0000024a2be30000] _byte_map_base: 0x0000024a2b630000

Marking Bits (Prev, Next): (CMBitMap*) 0x0000024a18d4b618, (CMBitMap*) 0x0000024a18d4b650
 Prev Bits: [0x0000024a2c130000, 0x0000024a2d930000)
 Next Bits: [0x0000024a2d930000, 0x0000024a2f130000)

Polling page: 0x0000024a16a60000

Metaspace:

Usage:
  Non-class:     92.30 MB capacity,    89.58 MB ( 97%) used,     2.36 MB (  3%) free+waste,   358.06 KB ( <1%) overhead. 
      Class:     14.56 MB capacity,    13.17 MB ( 90%) used,     1.23 MB (  8%) free+waste,   161.31 KB (  1%) overhead. 
       Both:    106.86 MB capacity,   102.75 MB ( 96%) used,     3.60 MB (  3%) free+waste,   519.38 KB ( <1%) overhead. 

Virtual space:
  Non-class space:       94.00 MB reserved,      92.33 MB ( 98%) committed 
      Class space:        1.00 GB reserved,      14.63 MB (  1%) committed 
             Both:        1.09 GB reserved,     106.95 MB ( 10%) committed 

Chunk freelists:
   Non-Class:  33.00 KB
       Class:  0 bytes
        Both:  33.00 KB

MaxMetaspaceSize: 17179869184.00 GB
CompressedClassSpaceSize: 1.00 GB
Initial GC threshold: 20.80 MB
Current GC threshold: 177.21 MB
CDS: off

CodeHeap 'non-profiled nmethods': size=120064Kb used=10559Kb max_used=10559Kb free=109504Kb
 bounds [0x0000024a242f0000, 0x0000024a24d40000, 0x0000024a2b830000]
CodeHeap 'profiled nmethods': size=120000Kb used=35780Kb max_used=35780Kb free=84219Kb
 bounds [0x0000024a1cdc0000, 0x0000024a1f0c0000, 0x0000024a242f0000]
CodeHeap 'non-nmethods': size=5696Kb used=2401Kb max_used=2450Kb free=3294Kb
 bounds [0x0000024a1c830000, 0x0000024a1cab0000, 0x0000024a1cdc0000]
 total_blobs=17847 nmethods=16917 adapters=842
 compilation: enabled
              stopped_count=0, restarted_count=0
 full_count=0

Compilation events (20 events):
Event: 754.972 Thread 0x0000024a31f6d000 nmethod 17259 0x0000024a24d38910 code [0x0000024a24d38fe0, 0x0000024a24d3ca18]
Event: 754.972 Thread 0x0000024a31f6d000 17256       3       org.gradle.internal.service.DefaultServiceRegistry$1::add (24 bytes)
Event: 754.988 Thread 0x0000024a31f6d000 nmethod 17256 0x0000024a1f0ac910 code [0x0000024a1f0acae0, 0x0000024a1f0acd58]
Event: 754.988 Thread 0x0000024a31f6d000 17257       3       org.gradle.internal.service.DefaultServiceRegistry$ConstructorService::<init> (7 bytes)
Event: 754.989 Thread 0x0000024a31f6d000 nmethod 17257 0x0000024a1f0acf10 code [0x0000024a1f0ad0c0, 0x0000024a1f0ad1e8]
Event: 754.989 Thread 0x0000024a31f6d000 17258       3       org.gradle.internal.service.DefaultServiceRegistry$ConstructorService::<init> (59 bytes)
Event: 755.017 Thread 0x0000024a31f6d000 nmethod 17258 0x0000024a1f0ad290 code [0x0000024a1f0ad5e0, 0x0000024a1f0aeaf8]
Event: 755.017 Thread 0x0000024a31f6d000 17260       3       org.gradle.internal.service.InjectUtil::isInnerClass (23 bytes)
Event: 755.018 Thread 0x0000024a31f69800 17261       4       org.gradle.internal.service.DefaultServiceRegistry$OwnServices::putServiceType (48 bytes)
Event: 755.018 Thread 0x0000024a31f6d000 nmethod 17260 0x0000024a1f0af210 code [0x0000024a1f0af420, 0x0000024a1f0af918]
Event: 755.164 Thread 0x0000024a31f69800 nmethod 17261 0x0000024a24d3dc90 code [0x0000024a24d3df00, 0x0000024a24d3f3f0]
Event: 755.164 Thread 0x0000024a31f69800 17262       4       org.gradle.internal.service.DefaultServiceRegistry$ClassInspector::getDetailsForClass (50 bytes)
Event: 755.283 Thread 0x0000024a31f6d000 17263       3       java.net.DatagramSocket::getImpl (16 bytes)
Event: 755.287 Thread 0x0000024a31f6d000 nmethod 17263 0x0000024a1f0afb10 code [0x0000024a1f0afcc0, 0x0000024a1f0afec8]
Event: 755.295 Thread 0x0000024a31f6d000 17264   !   3       java.net.DatagramSocket::isClosed (19 bytes)
Event: 755.298 Thread 0x0000024a31f6d000 nmethod 17264 0x0000024a1f0aff90 code [0x0000024a1f0b0140, 0x0000024a1f0b03d8]
Event: 755.431 Thread 0x0000024a31f6d000 17265       3       java.util.concurrent.ConcurrentHashMap$KeyIterator::next (34 bytes)
Event: 755.433 Thread 0x0000024a31f6d000 nmethod 17265 0x0000024a1f0b0490 code [0x0000024a1f0b0660, 0x0000024a1f0b08f8]
Event: 755.476 Thread 0x0000024a31f6d000 17266       3       org.gradle.api.internal.initialization.ClassLoaderScopeIdentifier$Id::hashCode (23 bytes)
Event: 755.484 Thread 0x0000024a31f6d000 nmethod 17266 0x0000024a1f0b0a10 code [0x0000024a1f0b0c20, 0x0000024a1f0b1128]

GC Heap History (20 events):
Event: 105.161 GC heap before
{Heap before GC invocations=139 (full 0):
 garbage-first heap   total 277504K, used 255206K [0x00000000a0000000, 0x0000000100000000)
  region size 1024K, 15 young (15360K), 2 survivors (2048K)
 Metaspace       used 101626K, capacity 105581K, committed 105680K, reserved 1140736K
  class space    used 13060K, capacity 14427K, committed 14464K, reserved 1048576K
}
Event: 105.173 GC heap after
{Heap after GC invocations=140 (full 0):
 garbage-first heap   total 277504K, used 244815K [0x00000000a0000000, 0x0000000100000000)
  region size 1024K, 2 young (2048K), 2 survivors (2048K)
 Metaspace       used 101626K, capacity 105581K, committed 105680K, reserved 1140736K
  class space    used 13060K, capacity 14427K, committed 14464K, reserved 1048576K
}
Event: 105.719 GC heap before
{Heap before GC invocations=141 (full 0):
 garbage-first heap   total 277504K, used 255055K [0x00000000a0000000, 0x0000000100000000)
  region size 1024K, 14 young (14336K), 2 survivors (2048K)
 Metaspace       used 101712K, capacity 105626K, committed 105680K, reserved 1140736K
  class space    used 13073K, capacity 14439K, committed 14464K, reserved 1048576K
}
Event: 105.727 GC heap after
{Heap after GC invocations=142 (full 0):
 garbage-first heap   total 277504K, used 245528K [0x00000000a0000000, 0x0000000100000000)
  region size 1024K, 2 young (2048K), 2 survivors (2048K)
 Metaspace       used 101712K, capacity 105626K, committed 105680K, reserved 1140736K
  class space    used 13073K, capacity 14439K, committed 14464K, reserved 1048576K
}
Event: 106.168 GC heap before
{Heap before GC invocations=142 (full 0):
 garbage-first heap   total 277504K, used 255768K [0x00000000a0000000, 0x0000000100000000)
  region size 1024K, 14 young (14336K), 2 survivors (2048K)
 Metaspace       used 101801K, capacity 105844K, committed 105936K, reserved 1140736K
  class space    used 13075K, capacity 14444K, committed 14464K, reserved 1048576K
}
Event: 106.175 GC heap after
{Heap after GC invocations=143 (full 0):
 garbage-first heap   total 277504K, used 246136K [0x00000000a0000000, 0x0000000100000000)
  region size 1024K, 2 young (2048K), 2 survivors (2048K)
 Metaspace       used 101801K, capacity 105844K, committed 105936K, reserved 1140736K
  class space    used 13075K, capacity 14444K, committed 14464K, reserved 1048576K
}
Event: 106.891 GC heap before
{Heap before GC invocations=143 (full 0):
 garbage-first heap   total 277504K, used 258424K [0x00000000a0000000, 0x0000000100000000)
  region size 1024K, 14 young (14336K), 2 survivors (2048K)
 Metaspace       used 101894K, capacity 105848K, committed 105936K, reserved 1140736K
  class space    used 13076K, capacity 14444K, committed 14464K, reserved 1048576K
}
Event: 106.901 GC heap after
{Heap after GC invocations=144 (full 0):
 garbage-first heap   total 277504K, used 247531K [0x00000000a0000000, 0x0000000100000000)
  region size 1024K, 2 young (2048K), 2 survivors (2048K)
 Metaspace       used 101894K, capacity 105848K, committed 105936K, reserved 1140736K
  class space    used 13076K, capacity 14444K, committed 14464K, reserved 1048576K
}
Event: 107.589 GC heap before
{Heap before GC invocations=145 (full 0):
 garbage-first heap   total 277504K, used 257771K [0x00000000a0000000, 0x0000000100000000)
  region size 1024K, 13 young (13312K), 2 survivors (2048K)
 Metaspace       used 101936K, capacity 105951K, committed 106192K, reserved 1140736K
  class space    used 13082K, capacity 14456K, committed 14464K, reserved 1048576K
}
Event: 107.594 GC heap after
{Heap after GC invocations=146 (full 0):
 garbage-first heap   total 277504K, used 247633K [0x00000000a0000000, 0x0000000100000000)
  region size 1024K, 1 young (1024K), 1 survivors (1024K)
 Metaspace       used 101936K, capacity 105951K, committed 106192K, reserved 1140736K
  class space    used 13082K, capacity 14456K, committed 14464K, reserved 1048576K
}
Event: 108.576 GC heap before
{Heap before GC invocations=146 (full 0):
 garbage-first heap   total 277504K, used 258897K [0x00000000a0000000, 0x0000000100000000)
  region size 1024K, 13 young (13312K), 1 survivors (1024K)
 Metaspace       used 102505K, capacity 106570K, committed 106832K, reserved 1142784K
  class space    used 13141K, capacity 14515K, committed 14592K, reserved 1048576K
}
Event: 108.582 GC heap after
{Heap after GC invocations=147 (full 0):
 garbage-first heap   total 277504K, used 249692K [0x00000000a0000000, 0x0000000100000000)
  region size 1024K, 2 young (2048K), 2 survivors (2048K)
 Metaspace       used 102505K, capacity 106570K, committed 106832K, reserved 1142784K
  class space    used 13141K, capacity 14515K, committed 14592K, reserved 1048576K
}
Event: 109.693 GC heap before
{Heap before GC invocations=148 (full 0):
 garbage-first heap   total 277504K, used 217948K [0x00000000a0000000, 0x0000000100000000)
  region size 1024K, 13 young (13312K), 2 survivors (2048K)
 Metaspace       used 103879K, capacity 107945K, committed 108112K, reserved 1142784K
  class space    used 13319K, capacity 14722K, committed 14848K, reserved 1048576K
}
Event: 109.701 GC heap after
{Heap after GC invocations=149 (full 0):
 garbage-first heap   total 277504K, used 166741K [0x00000000a0000000, 0x0000000100000000)
  region size 1024K, 1 young (1024K), 1 survivors (1024K)
 Metaspace       used 103879K, capacity 107945K, committed 108112K, reserved 1142784K
  class space    used 13319K, capacity 14722K, committed 14848K, reserved 1048576K
}
Event: 110.879 GC heap before
{Heap before GC invocations=149 (full 0):
 garbage-first heap   total 277504K, used 178005K [0x00000000a0000000, 0x0000000100000000)
  region size 1024K, 13 young (13312K), 1 survivors (1024K)
 Metaspace       used 104318K, capacity 108335K, committed 108624K, reserved 1142784K
  class space    used 13381K, capacity 14767K, committed 14848K, reserved 1048576K
}
Event: 110.887 GC heap after
{Heap after GC invocations=150 (full 0):
 garbage-first heap   total 277504K, used 167011K [0x00000000a0000000, 0x0000000100000000)
  region size 1024K, 2 young (2048K), 2 survivors (2048K)
 Metaspace       used 104318K, capacity 108335K, committed 108624K, reserved 1142784K
  class space    used 13381K, capacity 14767K, committed 14848K, reserved 1048576K
}
Event: 111.136 GC heap before
{Heap before GC invocations=150 (full 0):
 garbage-first heap   total 277504K, used 257123K [0x00000000a0000000, 0x0000000100000000)
  region size 1024K, 16 young (16384K), 2 survivors (2048K)
 Metaspace       used 104412K, capacity 108499K, committed 108624K, reserved 1142784K
  class space    used 13393K, capacity 14800K, committed 14848K, reserved 1048576K
}
Event: 111.143 GC heap after
{Heap after GC invocations=151 (full 0):
 garbage-first heap   total 277504K, used 175385K [0x00000000a0000000, 0x0000000100000000)
  region size 1024K, 2 young (2048K), 2 survivors (2048K)
 Metaspace       used 104412K, capacity 108499K, committed 108624K, reserved 1142784K
  class space    used 13393K, capacity 14800K, committed 14848K, reserved 1048576K
}
Event: 413.696 GC heap before
{Heap before GC invocations=152 (full 0):
 garbage-first heap   total 277504K, used 276761K [0x00000000a0000000, 0x0000000100000000)
  region size 1024K, 30 young (30720K), 2 survivors (2048K)
 Metaspace       used 105149K, capacity 109288K, committed 109520K, reserved 1144832K
  class space    used 13485K, capacity 14911K, committed 14976K, reserved 1048576K
}
Event: 414.212 GC heap after
{Heap after GC invocations=153 (full 0):
 garbage-first heap   total 279552K, used 166992K [0x00000000a0000000, 0x0000000100000000)
  region size 1024K, 2 young (2048K), 2 survivors (2048K)
 Metaspace       used 105149K, capacity 109288K, committed 109520K, reserved 1144832K
  class space    used 13485K, capacity 14911K, committed 14976K, reserved 1048576K
}

Deoptimization events (20 events):
Event: 755.205 Thread 0x0000024a34b5e800 Uncommon trap: trap_request=0xffffffc6 fr.pc=0x0000024a244b2fd0 relative=0x00000000000008f0
Event: 755.206 Thread 0x0000024a34b5e800 Uncommon trap: reason=bimorphic_or_optimized_type_check action=maybe_recompile pc=0x0000024a244b2fd0 method=java.lang.Throwable.<init>(Ljava/lang/String;Ljava/lang/Throwable;)V @ 24 c2
Event: 755.206 Thread 0x0000024a34b5e800 DEOPT PACKING pc=0x0000024a244b2fd0 sp=0x00000097f4bfc020
Event: 755.206 Thread 0x0000024a34b5e800 DEOPT UNPACKING pc=0x0000024a1c87a1a9 sp=0x00000097f4bfbfe8 mode 2
Event: 755.207 Thread 0x0000024a34b5e800 Uncommon trap: trap_request=0x0000001a fr.pc=0x0000024a2484e408 relative=0x00000000000076e8
Event: 755.213 Thread 0x0000024a34b5e800 Uncommon trap: reason=unloaded action=reinterpret pc=0x0000024a2484e408 method=org.gradle.internal.service.DefaultServiceRegistry$FactoryMethodService.invokeMethod([Ljava/lang/Object;)Ljava/lang/Object; @ 19 c2
Event: 755.213 Thread 0x0000024a34b5e800 DEOPT PACKING pc=0x0000024a2484e408 sp=0x00000097f4bfd020
Event: 755.213 Thread 0x0000024a34b5e800 DEOPT UNPACKING pc=0x0000024a1c87a1a9 sp=0x00000097f4bfcf50 mode 2
Event: 755.213 Thread 0x0000024a34b5e800 Uncommon trap: trap_request=0xffffffc6 fr.pc=0x0000024a244b2fd0 relative=0x00000000000008f0
Event: 755.213 Thread 0x0000024a34b5e800 Uncommon trap: reason=bimorphic_or_optimized_type_check action=maybe_recompile pc=0x0000024a244b2fd0 method=java.lang.Throwable.<init>(Ljava/lang/String;Ljava/lang/Throwable;)V @ 24 c2
Event: 755.213 Thread 0x0000024a34b5e800 DEOPT PACKING pc=0x0000024a244b2fd0 sp=0x00000097f4bfcd50
Event: 755.213 Thread 0x0000024a34b5e800 DEOPT UNPACKING pc=0x0000024a1c87a1a9 sp=0x00000097f4bfcd18 mode 2
Event: 755.226 Thread 0x0000024a34b5e800 Uncommon trap: trap_request=0xffffff4d fr.pc=0x0000024a24c1cee8 relative=0x0000000000000ac8
Event: 755.226 Thread 0x0000024a34b5e800 Uncommon trap: reason=unstable_if action=reinterpret pc=0x0000024a24c1cee8 method=org.gradle.internal.operations.DefaultBuildOperationExecutor$ListenerAdapter.stop(Lorg/gradle/internal/operations/BuildOperationDescriptor;Lorg/gradle/internal/operations/Bu
Event: 755.228 Thread 0x0000024a34b5e800 DEOPT PACKING pc=0x0000024a24c1cee8 sp=0x00000097f4bfda70
Event: 755.228 Thread 0x0000024a34b5e800 DEOPT UNPACKING pc=0x0000024a1c87a1a9 sp=0x00000097f4bfd968 mode 2
Event: 755.231 Thread 0x0000024a34b5e800 Uncommon trap: trap_request=0xffffffc6 fr.pc=0x0000024a249c59e0 relative=0x0000000000000800
Event: 755.236 Thread 0x0000024a34b5e800 Uncommon trap: reason=bimorphic_or_optimized_type_check action=maybe_recompile pc=0x0000024a249c59e0 method=org.gradle.internal.operations.DefaultBuildOperationListenerManager$ProgressShieldingBuildOperationListener.finished(Lorg/gradle/internal/operation
Event: 755.236 Thread 0x0000024a34b5e800 DEOPT PACKING pc=0x0000024a249c59e0 sp=0x00000097f4bfd8c0
Event: 755.237 Thread 0x0000024a34b5e800 DEOPT UNPACKING pc=0x0000024a1c87a1a9 sp=0x00000097f4bfd888 mode 2

Classes redefined (0 events):
No events

Internal exceptions (20 events):
Event: 112.911 Thread 0x0000024a34b6b800 Exception <a 'java/lang/ClassNotFoundException'{0x00000000b041b378}: org/codehaus/groovy/runtime/HandleMetaClassBeanInfo> (0x00000000b041b378) thrown at [./src/hotspot/share/classfile/systemDictionary.cpp, line 231]
Event: 112.913 Thread 0x0000024a34b6b800 Exception <a 'java/lang/ClassNotFoundException'{0x00000000b0455e08}: groovy/lang/DelegatingMetaClassBeanInfo> (0x00000000b0455e08) thrown at [./src/hotspot/share/classfile/systemDictionary.cpp, line 231]
Event: 112.915 Thread 0x0000024a34b6b800 Exception <a 'java/lang/ClassNotFoundException'{0x00000000b04908e8}: groovy/lang/DelegatingMetaClassCustomizer> (0x00000000b04908e8) thrown at [./src/hotspot/share/classfile/systemDictionary.cpp, line 231]
Event: 112.924 Thread 0x0000024a34b6b800 Exception <a 'java/lang/ClassNotFoundException'{0x00000000b01664a0}: org/codehaus/groovy/runtime/HandleMetaClassCustomizer> (0x00000000b01664a0) thrown at [./src/hotspot/share/classfile/systemDictionary.cpp, line 231]
Event: 112.936 Thread 0x0000024a34b6b800 Exception <a 'java/lang/ClassNotFoundException'{0x00000000b00798b8}: java/util/Collections$SingletonListBeanInfo> (0x00000000b00798b8) thrown at [./src/hotspot/share/classfile/systemDictionary.cpp, line 231]
Event: 112.937 Thread 0x0000024a34b6b800 Exception <a 'java/lang/ClassNotFoundException'{0x00000000b0083650}: java/util/Collections$SingletonListCustomizer> (0x00000000b0083650) thrown at [./src/hotspot/share/classfile/systemDictionary.cpp, line 231]
Event: 112.949 Thread 0x0000024a34b6b800 Exception <a 'java/lang/ClassNotFoundException'{0x00000000b00db818}: com/android/build/OutputFileBeanInfo> (0x00000000b00db818) thrown at [./src/hotspot/share/classfile/systemDictionary.cpp, line 231]
Event: 112.950 Thread 0x0000024a34b6b800 Exception <a 'java/lang/ClassNotFoundException'{0x00000000b00e9d68}: com/android/build/OutputFileCustomizer> (0x00000000b00e9d68) thrown at [./src/hotspot/share/classfile/systemDictionary.cpp, line 231]
Event: 114.563 Thread 0x0000024a33a8a800 Exception <a 'java/lang/NoSuchMethodError'{0x00000000afca5410}: 'java.lang.Object java.lang.invoke.DirectMethodHandle$Holder.invokeSpecial(java.lang.Object, java.lang.Object, java.lang.Object, java.lang.Object, int, java.lang.Object, java.lang.Object)'> (0x00000000afca5410) thrown at [./src/hotspot/share/interpreter/linkResolver.cpp, line 773]
Event: 114.692 Thread 0x0000024a33a8a800 Implicit null exception at 0x0000024a2485fdaf to 0x0000024a2485fdfc
Event: 115.276 Thread 0x0000024a33a0c800 Implicit null exception at 0x0000024a243311f7 to 0x0000024a243316bc
Event: 115.277 Thread 0x0000024a33a0c800 Implicit null exception at 0x0000024a246580f4 to 0x0000024a2465869c
Event: 754.841 Thread 0x0000024a34b5e800 Implicit null exception at 0x0000024a24d101f6 to 0x0000024a24d160d4
Event: 754.852 Thread 0x0000024a34b65000 StackOverflowError at 0x0000024a24444be0
Event: 754.853 Thread 0x0000024a34b65000 Exception <a 'java/lang/StackOverflowError'{0x00000000b07c49a0}> (0x00000000b07c49a0) thrown at [./src/hotspot/share/runtime/sharedRuntime.cpp, line 607]
Event: 755.071 Thread 0x0000024a34b5e800 Exception <a 'java/lang/StackOverflowError'{0x00000000b07edcb0}> (0x00000000b07edcb0) thrown at [./src/hotspot/share/interpreter/interpreterRuntime.cpp, line 392]
Event: 755.075 Thread 0x0000024a34b5e800 Exception <a 'java/lang/reflect/InvocationTargetException'{0x00000000b07ee778}> (0x00000000b07ee778) thrown at [./src/hotspot/share/runtime/reflection.cpp, line 1247]
Event: 755.079 Thread 0x0000024a34b5e800 Exception <a 'java/lang/reflect/InvocationTargetException'{0x00000000b07ef240}> (0x00000000b07ef240) thrown at [./src/hotspot/share/runtime/reflection.cpp, line 1247]
Event: 755.090 Thread 0x0000024a34b5e800 Exception <a 'java/lang/reflect/InvocationTargetException'{0x00000000b07f0bf0}> (0x00000000b07f0bf0) thrown at [./src/hotspot/share/runtime/reflection.cpp, line 1247]
Event: 755.207 Thread 0x0000024a34b5e800 Exception <a 'java/lang/reflect/InvocationTargetException'{0x00000000b07f60e0}> (0x00000000b07f60e0) thrown at [./src/hotspot/share/runtime/reflection.cpp, line 1247]

Events (20 events):
Event: 754.094 Thread 0x0000024a34b5d000 Thread added: 0x0000024a34b5d000
Event: 754.296 Thread 0x0000024a34b5e800 Thread added: 0x0000024a34b5e800
Event: 754.367 Executing VM operation: RevokeBias
Event: 754.367 Executing VM operation: RevokeBias done
Event: 754.423 Thread 0x0000024a34b65000 Thread added: 0x0000024a34b65000
Event: 754.478 Thread 0x0000024a34b66000 Thread added: 0x0000024a34b66000
Event: 754.489 Thread 0x0000024a34b60000 Thread added: 0x0000024a34b60000
Event: 754.909 Executing VM operation: RevokeBias
Event: 754.972 Executing VM operation: RevokeBias done
Event: 754.974 Thread 0x0000024a34b65000 Thread exited: 0x0000024a34b65000
Event: 755.090 Executing VM operation: RevokeBias
Event: 755.094 Executing VM operation: RevokeBias done
Event: 755.112 loading class org/gradle/internal/service/TypeStringFormatter
Event: 755.112 loading class org/gradle/internal/service/TypeStringFormatter done
Event: 755.207 Executing VM operation: RevokeBias
Event: 755.213 Executing VM operation: RevokeBias done
Event: 755.502 loading class com/google/common/collect/AbstractMultiset$EntrySet
Event: 755.502 loading class com/google/common/collect/AbstractMultiset$EntrySet done
Event: 755.526 loading class com/google/common/collect/Multisets$EntrySet
Event: 755.526 loading class com/google/common/collect/Multisets$EntrySet done


Dynamic libraries:
0x00007ff7fb350000 - 0x00007ff7fb35a000 	C:\Program Files\Android\Android Studio\jre\bin\java.exe
0x00007ffc07820000 - 0x00007ffc07a29000 	C:\Windows\SYSTEM32\ntdll.dll
0x00007ffc069f0000 - 0x00007ffc06aad000 	C:\Windows\System32\KERNEL32.DLL
0x00007ffc05270000 - 0x00007ffc055e9000 	C:\Windows\System32\KERNELBASE.dll
0x00007ffc04df0000 - 0x00007ffc04f01000 	C:\Windows\System32\ucrtbase.dll
0x00007ffbf39d0000 - 0x00007ffbf39e7000 	C:\Program Files\Android\Android Studio\jre\bin\VCRUNTIME140.dll
0x00007ffbfeb20000 - 0x00007ffbfeb39000 	C:\Program Files\Android\Android Studio\jre\bin\jli.dll
0x00007ffbf1050000 - 0x00007ffbf12f5000 	C:\Windows\WinSxS\amd64_microsoft.windows.common-controls_6595b64144ccf1df_6.0.22000.120_none_9d947278b86cc467\COMCTL32.dll
0x00007ffc058e0000 - 0x00007ffc05a8c000 	C:\Windows\System32\USER32.dll
0x00007ffc05a90000 - 0x00007ffc05b33000 	C:\Windows\System32\msvcrt.dll
0x00007ffc051a0000 - 0x00007ffc051c6000 	C:\Windows\System32\win32u.dll
0x00007ffc072d0000 - 0x00007ffc072f9000 	C:\Windows\System32\GDI32.dll
0x00007ffc05080000 - 0x00007ffc05192000 	C:\Windows\System32\gdi32full.dll
0x00007ffc051d0000 - 0x00007ffc0526d000 	C:\Windows\System32\msvcp_win.dll
0x00007ffc07290000 - 0x00007ffc072c1000 	C:\Windows\System32\IMM32.DLL
0x00007ffbda620000 - 0x00007ffbda6bd000 	C:\Program Files\Android\Android Studio\jre\bin\msvcp140.dll
0x00007ffbb85d0000 - 0x00007ffbb90d2000 	C:\Program Files\Android\Android Studio\jre\bin\server\jvm.dll
0x00007ffc05830000 - 0x00007ffc058de000 	C:\Windows\System32\ADVAPI32.dll
0x00007ffc07080000 - 0x00007ffc0711e000 	C:\Windows\System32\sechost.dll
0x00007ffc06310000 - 0x00007ffc06430000 	C:\Windows\System32\RPCRT4.dll
0x00007ffc069e0000 - 0x00007ffc069e8000 	C:\Windows\System32\PSAPI.DLL
0x00007ffbfdb20000 - 0x00007ffbfdb53000 	C:\Windows\SYSTEM32\WINMM.dll
0x00007ffbf2f30000 - 0x00007ffbf2f3a000 	C:\Windows\SYSTEM32\VERSION.dll
0x00007ffc01d80000 - 0x00007ffc01d89000 	C:\Windows\SYSTEM32\WSOCK32.dll
0x00007ffc07120000 - 0x00007ffc0718f000 	C:\Windows\System32\WS2_32.dll
0x00007ffc03dc0000 - 0x00007ffc03dd8000 	C:\Windows\SYSTEM32\kernel.appcore.dll
0x00007ffbee390000 - 0x00007ffbee3a1000 	C:\Program Files\Android\Android Studio\jre\bin\verify.dll
0x00007ffc027f0000 - 0x00007ffc02a11000 	C:\Windows\SYSTEM32\DBGHELP.DLL
0x00007ffbf19d0000 - 0x00007ffbf1a01000 	C:\Windows\SYSTEM32\dbgcore.DLL
0x00007ffc04d70000 - 0x00007ffc04def000 	C:\Windows\System32\bcryptPrimitives.dll
0x00007ffbee360000 - 0x00007ffbee389000 	C:\Program Files\Android\Android Studio\jre\bin\java.dll
0x00007ffbfeb10000 - 0x00007ffbfeb1b000 	C:\Program Files\Android\Android Studio\jre\bin\jimage.dll
0x00007ffbee340000 - 0x00007ffbee358000 	C:\Program Files\Android\Android Studio\jre\bin\zip.dll
0x00007ffc05b40000 - 0x00007ffc062f8000 	C:\Windows\System32\SHELL32.dll
0x00007ffc02e30000 - 0x00007ffc03697000 	C:\Windows\SYSTEM32\windows.storage.dll
0x00007ffc06520000 - 0x00007ffc06899000 	C:\Windows\System32\combase.dll
0x00007ffc02cc0000 - 0x00007ffc02e26000 	C:\Windows\SYSTEM32\wintypes.dll
0x00007ffc07190000 - 0x00007ffc0727a000 	C:\Windows\System32\SHCORE.dll
0x00007ffc05740000 - 0x00007ffc0579d000 	C:\Windows\System32\shlwapi.dll
0x00007ffc04c30000 - 0x00007ffc04c51000 	C:\Windows\SYSTEM32\profapi.dll
0x00007ffbee290000 - 0x00007ffbee2aa000 	C:\Program Files\Android\Android Studio\jre\bin\net.dll
0x00007ffbfc120000 - 0x00007ffbfc22c000 	C:\Windows\SYSTEM32\WINHTTP.dll
0x00007ffc041f0000 - 0x00007ffc04257000 	C:\Windows\system32\mswsock.dll
0x00007ffbee270000 - 0x00007ffbee284000 	C:\Program Files\Android\Android Studio\jre\bin\nio.dll
0x00007ffbe9f50000 - 0x00007ffbe9f77000 	C:\Users\Acer\.gradle\native\e1d6ef7f7dcc3fd88c89a11ec53ec762bb8ba0a96d01ffa2cd45eb1d1d8dd5c5\windows-amd64\native-platform.dll
0x00007ffbcd690000 - 0x00007ffbcd7d4000 	C:\Users\Acer\.gradle\native\0d407fdbe67a94daf76414ababcb853783967236a71b16ec16e742cd7a986fd3\windows-amd64\native-platform-file-events.dll
0x00007ffbeec30000 - 0x00007ffbeec3a000 	C:\Program Files\Android\Android Studio\jre\bin\management.dll
0x00007ffbee330000 - 0x00007ffbee33d000 	C:\Program Files\Android\Android Studio\jre\bin\management_ext.dll
0x00007ffc04420000 - 0x00007ffc04438000 	C:\Windows\SYSTEM32\CRYPTSP.dll
0x00007ffc03d20000 - 0x00007ffc03d55000 	C:\Windows\system32\rsaenh.dll
0x00007ffc042c0000 - 0x00007ffc042e9000 	C:\Windows\SYSTEM32\USERENV.dll
0x00007ffc04660000 - 0x00007ffc04687000 	C:\Windows\SYSTEM32\bcrypt.dll
0x00007ffc04440000 - 0x00007ffc0444c000 	C:\Windows\SYSTEM32\CRYPTBASE.dll
0x00007ffc038f0000 - 0x00007ffc0391d000 	C:\Windows\SYSTEM32\IPHLPAPI.DLL
0x00007ffc07280000 - 0x00007ffc07289000 	C:\Windows\System32\NSI.dll
0x00007ffbfbe40000 - 0x00007ffbfbe59000 	C:\Windows\SYSTEM32\dhcpcsvc6.DLL
0x00007ffbfd5f0000 - 0x00007ffbfd60e000 	C:\Windows\SYSTEM32\dhcpcsvc.DLL
0x00007ffc03960000 - 0x00007ffc03a48000 	C:\Windows\SYSTEM32\DNSAPI.dll
0x00007ffbeb7a0000 - 0x00007ffbeb7c7000 	C:\Program Files\Android\Android Studio\jre\bin\sunec.dll

dbghelp: loaded successfully - version: 4.0.5 - missing functions: none
symbol engine: initialized successfully - sym options: 0x614 - pdb path: .;C:\Program Files\Android\Android Studio\jre\bin;C:\Windows\SYSTEM32;C:\Windows\WinSxS\amd64_microsoft.windows.common-controls_6595b64144ccf1df_6.0.22000.120_none_9d947278b86cc467;C:\Program Files\Android\Android Studio\jre\bin\server;C:\Users\Acer\.gradle\native\e1d6ef7f7dcc3fd88c89a11ec53ec762bb8ba0a96d01ffa2cd45eb1d1d8dd5c5\windows-amd64;C:\Users\Acer\.gradle\native\0d407fdbe67a94daf76414ababcb853783967236a71b16ec16e742cd7a986fd3\windows-amd64

VM Arguments:
jvm_args: --add-opens=java.base/java.util=ALL-UNNAMED --add-opens=java.base/java.lang=ALL-UNNAMED --add-opens=java.base/java.lang.invoke=ALL-UNNAMED --add-opens=java.base/java.util=ALL-UNNAMED --add-opens=java.prefs/java.util.prefs=ALL-UNNAMED --add-opens=java.prefs/java.util.prefs=ALL-UNNAMED --add-opens=java.base/java.nio.charset=ALL-UNNAMED --add-opens=java.base/java.net=ALL-UNNAMED --add-opens=java.base/java.util.concurrent.atomic=ALL-UNNAMED -Xmx1536M -Dfile.encoding=windows-1252 -Duser.country=ID -Duser.language=en -Duser.variant 
java_command: org.gradle.launcher.daemon.bootstrap.GradleDaemon 7.4
java_class_path (initial): C:\Users\Acer\.gradle\wrapper\dists\gradle-7.4-all\aadb4xli5jkdsnukm30eibyiu\gradle-7.4\lib\gradle-launcher-7.4.jar
Launcher Type: SUN_STANDARD

[Global flags]
     intx CICompilerCount                          = 3                                         {product} {ergonomic}
     uint ConcGCThreads                            = 1                                         {product} {ergonomic}
     uint G1ConcRefinementThreads                  = 4                                         {product} {ergonomic}
   size_t G1HeapRegionSize                         = 1048576                                   {product} {ergonomic}
    uintx GCDrainStackTargetSize                   = 64                                        {product} {ergonomic}
   size_t InitialHeapSize                          = 65011712                                  {product} {ergonomic}
   size_t MarkStackSize                            = 4194304                                   {product} {ergonomic}
   size_t MaxHeapSize                              = 1610612736                                {product} {command line}
   size_t MaxNewSize                               = 965738496                                 {product} {ergonomic}
   size_t MinHeapDeltaBytes                        = 1048576                                   {product} {ergonomic}
    uintx NonNMethodCodeHeapSize                   = 5830732                                {pd product} {ergonomic}
    uintx NonProfiledCodeHeapSize                  = 122913754                              {pd product} {ergonomic}
    uintx ProfiledCodeHeapSize                     = 122913754                              {pd product} {ergonomic}
    uintx ReservedCodeCacheSize                    = 251658240                              {pd product} {ergonomic}
     bool SegmentedCodeCache                       = true                                      {product} {ergonomic}
     bool UseCompressedClassPointers               = true                                 {lp64_product} {ergonomic}
     bool UseCompressedOops                        = true                                 {lp64_product} {ergonomic}
     bool UseG1GC                                  = true                                      {product} {ergonomic}
     bool UseLargePagesIndividualAllocation        = false                                  {pd product} {ergonomic}

Logging:
Log output configuration:
 #0: stdout all=warning uptime,level,tags
 #1: stderr all=off uptime,level,tags

Environment Variables:
JAVA_HOME=C:\Program Files\Android\Android Studio\jre
CLASSPATH=C:\Dart\SampurnaGroupMobile\android\\gradle\wrapper\gradle-wrapper.jar
PATH=C:\Program Files\Microsoft\jdk-11.0.12.7-hotspot\bin;C:\Program Files (x86)\Common Files\Oracle\Java\javapath;C:\Windows\system32;C:\Windows;C:\Windows\System32\Wbem;C:\Windows\System32\WindowsPowerShell\v1.0\;C:\Windows\System32\OpenSSH\;C:\Program Files\nodejs\;C:\flutter\bin;C:\xampp\php;C:\ProgramData\ComposerSetup\bin;C:\Users\Acer\AppData\Local\Microsoft\WindowsApps;C:\Users\Acer\AppData\Roaming\npm;C:\Users\Acer\AppData\Local\Programs\Microsoft VS Code\bin;C:\Users\Acer\AppData\Local\GitHubDesktop\bin;C:\flutter\bin;%ANDROID_HOME%\platform-tools;%ANDROID_HOME%\tools;C:\Users\Acer\AppData\Roaming\Composer\vendor\bin;;C:\flutter\bin\mingit\cmd
USERNAME=Acer
OS=Windows_NT
PROCESSOR_IDENTIFIER=Intel64 Family 6 Model 156 Stepping 0, GenuineIntel



---------------  S Y S T E M  ---------------

OS: Windows 11 , 64 bit Build 22000 (10.0.22000.708)
OS uptime: 2 days 7:19 hours
Hyper-V role detected

CPU:total 4 (initial active 4) (4 cores per cpu, 1 threads per core) family 6 model 156 stepping 0 microcode 0x1d, cmov, cx8, fxsr, mmx, sse, sse2, sse3, ssse3, sse4.1, sse4.2, popcnt, aes, clmul, erms, 3dnowpref, tsc, tscinvbit, sha

Memory: 4k page, system-wide physical 3901M (220M free)
TotalPageFile size 15677M (AvailPageFile size 0M)
current process WorkingSet (physical memory assigned to process): 74M, peak: 535M
current process commit charge ("private bytes"): 621M, peak: 674M

vm_info: OpenJDK 64-Bit Server VM (11.0.13+0-b1751.21-8125866) for windows-amd64 JRE (11.0.13+0-b1751.21-8125866), built on Feb  2 2022 03:00:22 by "builder" with MS VC++ 14.0 (VS2015)

END.
