#
# There is insufficient memory for the Java Runtime Environment to continue.
# Native memory allocation (malloc) failed to allocate 32744 bytes for ChunkPool::allocate
# Possible reasons:
#   The system is out of physical RAM or swap space
#   The process is running with CompressedOops enabled, and the Java Heap may be blocking the growth of the native heap
# Possible solutions:
#   Reduce memory load on the system
#   Increase physical memory or swap space
#   Check if swap backing store is full
#   Decrease Java heap size (-Xmx/-Xms)
#   Decrease number of Java threads
#   Decrease Java thread stack sizes (-Xss)
#   Set larger code cache with -XX:ReservedCodeCacheSize=
#   JVM is running with Unscaled Compressed Oops mode in which the Java heap is
#     placed in the first 4GB address space. The Java Heap base address is the
#     maximum limit for the native heap growth. Please use -XX:HeapBaseMinAddress
#     to set the Java Heap base and to place the Java Heap above 4GB virtual address.
# This output file may be truncated or incomplete.
#
#  Out of Memory Error (./src/hotspot/share/memory/arena.cpp:81), pid=17024, tid=10780
#
# JRE version: OpenJDK Runtime Environment (11.0.13) (build 11.0.13+0-b1751.21-8125866)
# Java VM: OpenJDK 64-Bit Server VM (11.0.13+0-b1751.21-8125866, mixed mode, tiered, compressed oops, g1 gc, windows-amd64)
# No core dump will be written. Minidumps are not enabled by default on client versions of Windows
#

---------------  S U M M A R Y ------------

Command Line: -Dorg.gradle.appname=gradlew org.gradle.wrapper.GradleWrapperMain -q -Ptarget-platform=android-arm64 -Ptarget=C:\Dart\SampurnaGroupMobile\lib\main.dart -Pbase-application-name=android.app.Application -Pdart-defines=RkxVVFRFUl9XRUJfQVVUT19ERVRFQ1Q9dHJ1ZQ== -Pdart-obfuscation=false -Ptrack-widget-creation=true -Ptree-shake-icons=false -Pfilesystem-scheme=org-dartlang-root assembleDebug

Host: Intel(R) Celeron(R) N5100 @ 1.10GHz, 4 cores, 3G,  Windows 11 , 64 bit Build 22000 (10.0.22000.708)
Time: Thu Feb  9 14:46:57 2023 SE Asia Standard Time elapsed time: 7.369275 seconds (0d 0h 0m 7s)

---------------  T H R E A D  ---------------

Current thread (0x000002e398c4a000):  JavaThread "C1 CompilerThread0" daemon [_thread_in_native, id=10780, stack(0x000000f516d00000,0x000000f516e00000)]


Current CompileTask:
C1:   7369 1116       3       sun.nio.fs.WindowsPathParser::parse (384 bytes)

Stack: [0x000000f516d00000,0x000000f516e00000]
Native frames: (J=compiled Java code, j=interpreted, Vv=VM code, C=native code)
V  [jvm.dll+0x6100fa]
V  [jvm.dll+0x747090]
V  [jvm.dll+0x7486ad]
V  [jvm.dll+0x748d83]
V  [jvm.dll+0x24ab48]
V  [jvm.dll+0xc075b]
V  [jvm.dll+0xc0a0c]
V  [jvm.dll+0x16ad83]
V  [jvm.dll+0x16ae50]
V  [jvm.dll+0x16d0bd]
V  [jvm.dll+0x16f074]
V  [jvm.dll+0x128d5c]
V  [jvm.dll+0x128869]
V  [jvm.dll+0x1289d3]
V  [jvm.dll+0x127ce7]
V  [jvm.dll+0x1298b7]
V  [jvm.dll+0x21106b]
V  [jvm.dll+0x20f8c1]
V  [jvm.dll+0x70de0f]
V  [jvm.dll+0x706a75]
V  [jvm.dll+0x60ed66]
C  [ucrtbase.dll+0x26c0c]
C  [KERNEL32.DLL+0x154e0]
C  [ntdll.dll+0x485b]


---------------  P R O C E S S  ---------------

Threads class SMR info:
_java_thread_list=0x000002e399b4e9e0, length=11, elements={
0x000002e3fef04000, 0x000002e398a77800, 0x000002e398a78800, 0x000002e398a9a000,
0x000002e398a9d800, 0x000002e398aa0800, 0x000002e398ae5800, 0x000002e398c4a000,
0x000002e398c55800, 0x000002e398d4e000, 0x000002e399319800
}

Java Threads: ( => current thread )
  0x000002e3fef04000 JavaThread "main" [_thread_in_native, id=16576, stack(0x000000f516000000,0x000000f516100000)]
  0x000002e398a77800 JavaThread "Reference Handler" daemon [_thread_blocked, id=5092, stack(0x000000f516700000,0x000000f516800000)]
  0x000002e398a78800 JavaThread "Finalizer" daemon [_thread_blocked, id=15876, stack(0x000000f516800000,0x000000f516900000)]
  0x000002e398a9a000 JavaThread "Signal Dispatcher" daemon [_thread_blocked, id=16744, stack(0x000000f516900000,0x000000f516a00000)]
  0x000002e398a9d800 JavaThread "Attach Listener" daemon [_thread_blocked, id=13376, stack(0x000000f516a00000,0x000000f516b00000)]
  0x000002e398aa0800 JavaThread "Service Thread" daemon [_thread_blocked, id=16128, stack(0x000000f516b00000,0x000000f516c00000)]
  0x000002e398ae5800 JavaThread "C2 CompilerThread0" daemon [_thread_blocked, id=15604, stack(0x000000f516c00000,0x000000f516d00000)]
=>0x000002e398c4a000 JavaThread "C1 CompilerThread0" daemon [_thread_in_native, id=10780, stack(0x000000f516d00000,0x000000f516e00000)]
  0x000002e398c55800 JavaThread "Sweeper thread" daemon [_thread_blocked, id=16240, stack(0x000000f516e00000,0x000000f516f00000)]
  0x000002e398d4e000 JavaThread "Common-Cleaner" daemon [_thread_blocked, id=3928, stack(0x000000f517000000,0x000000f517100000)]
  0x000002e399319800 JavaThread "pool-1-thread-1" [_thread_blocked, id=16880, stack(0x000000f517200000,0x000000f517300000)]

Other Threads:
  0x000002e398a52800 VMThread "VM Thread" [stack: 0x000000f516600000,0x000000f516700000] [id=6008]
  0x000002e398d45000 WatcherThread [stack: 0x000000f516f00000,0x000000f517000000] [id=8436]
  0x000002e3fee9d000 GCTaskThread "GC Thread#0" [stack: 0x000000f516100000,0x000000f516200000] [id=12896]
  0x000002e39921f000 GCTaskThread "GC Thread#1" [stack: 0x000000f517100000,0x000000f517200000] [id=16512]
  0x000002e3fef31000 ConcurrentGCThread "G1 Main Marker" [stack: 0x000000f516200000,0x000000f516300000] [id=16244]
  0x000002e3fef34800 ConcurrentGCThread "G1 Conc#0" [stack: 0x000000f516300000,0x000000f516400000] [id=2244]
  0x000002e3fef7d000 ConcurrentGCThread "G1 Refine#0" [stack: 0x000000f516400000,0x000000f516500000] [id=16376]
  0x000002e3fef7e000 ConcurrentGCThread "G1 Young RemSet Sampling" [stack: 0x000000f516500000,0x000000f516600000] [id=4464]

Threads with active compile tasks:
C1 CompilerThread0   7416 1116       3       sun.nio.fs.WindowsPathParser::parse (384 bytes)

VM state:not at safepoint (normal execution)

VM Mutex/Monitor currently owned by a thread: None

Heap address: 0x00000000c3000000, size: 976 MB, Compressed Oops mode: 32-bit
Narrow klass base: 0x0000000000000000, Narrow klass shift: 3
Compressed class space size: 1073741824 Address: 0x0000000100000000

Heap:
 garbage-first heap   total 63488K, used 21880K [0x00000000c3000000, 0x0000000100000000)
  region size 1024K, 15 young (15360K), 2 survivors (2048K)
 Metaspace       used 13974K, capacity 14230K, committed 14336K, reserved 1062912K
  class space    used 1588K, capacity 1703K, committed 1792K, reserved 1048576K
Heap Regions: E=young(eden), S=young(survivor), O=old, HS=humongous(starts), HC=humongous(continues), CS=collection set, F=free, A=archive, TAMS=top-at-mark-start (previous, next)
|   0|0x00000000c3000000, 0x00000000c3100000, 0x00000000c3100000|100%|HS|  |TAMS 0x00000000c3000000, 0x00000000c3000000| Complete 
|   1|0x00000000c3100000, 0x00000000c3200000, 0x00000000c3200000|100%|HC|  |TAMS 0x00000000c3100000, 0x00000000c3100000| Complete 
|   2|0x00000000c3200000, 0x00000000c3300000, 0x00000000c3300000|100%|HC|  |TAMS 0x00000000c3200000, 0x00000000c3200000| Complete 
|   3|0x00000000c3300000, 0x00000000c3400000, 0x00000000c3400000|100%| O|  |TAMS 0x00000000c3300000, 0x00000000c3300000| Untracked 
|   4|0x00000000c3400000, 0x00000000c34ffff8, 0x00000000c3500000| 99%| O|  |TAMS 0x00000000c3400000, 0x00000000c3400000| Untracked 
|   5|0x00000000c3500000, 0x00000000c3600000, 0x00000000c3600000|100%| O|  |TAMS 0x00000000c3500000, 0x00000000c3500000| Untracked 
|   6|0x00000000c3600000, 0x00000000c3700000, 0x00000000c3700000|100%| O|  |TAMS 0x00000000c3600000, 0x00000000c3600000| Untracked 
|   7|0x00000000c3700000, 0x00000000c375e200, 0x00000000c3800000| 36%| O|  |TAMS 0x00000000c3700000, 0x00000000c3700000| Untracked 
|   8|0x00000000c3800000, 0x00000000c3800000, 0x00000000c3900000|  0%| F|  |TAMS 0x00000000c3800000, 0x00000000c3800000| Untracked 
|   9|0x00000000c3900000, 0x00000000c3900000, 0x00000000c3a00000|  0%| F|  |TAMS 0x00000000c3900000, 0x00000000c3900000| Untracked 
|  10|0x00000000c3a00000, 0x00000000c3a00000, 0x00000000c3b00000|  0%| F|  |TAMS 0x00000000c3a00000, 0x00000000c3a00000| Untracked 
|  11|0x00000000c3b00000, 0x00000000c3b00000, 0x00000000c3c00000|  0%| F|  |TAMS 0x00000000c3b00000, 0x00000000c3b00000| Untracked 
|  12|0x00000000c3c00000, 0x00000000c3c00000, 0x00000000c3d00000|  0%| F|  |TAMS 0x00000000c3c00000, 0x00000000c3c00000| Untracked 
|  13|0x00000000c3d00000, 0x00000000c3d00000, 0x00000000c3e00000|  0%| F|  |TAMS 0x00000000c3d00000, 0x00000000c3d00000| Untracked 
|  14|0x00000000c3e00000, 0x00000000c3e00000, 0x00000000c3f00000|  0%| F|  |TAMS 0x00000000c3e00000, 0x00000000c3e00000| Untracked 
|  15|0x00000000c3f00000, 0x00000000c3f00000, 0x00000000c4000000|  0%| F|  |TAMS 0x00000000c3f00000, 0x00000000c3f00000| Untracked 
|  16|0x00000000c4000000, 0x00000000c4000000, 0x00000000c4100000|  0%| F|  |TAMS 0x00000000c4000000, 0x00000000c4000000| Untracked 
|  17|0x00000000c4100000, 0x00000000c4100000, 0x00000000c4200000|  0%| F|  |TAMS 0x00000000c4100000, 0x00000000c4100000| Untracked 
|  18|0x00000000c4200000, 0x00000000c4200000, 0x00000000c4300000|  0%| F|  |TAMS 0x00000000c4200000, 0x00000000c4200000| Untracked 
|  19|0x00000000c4300000, 0x00000000c4300000, 0x00000000c4400000|  0%| F|  |TAMS 0x00000000c4300000, 0x00000000c4300000| Untracked 
|  20|0x00000000c4400000, 0x00000000c4400000, 0x00000000c4500000|  0%| F|  |TAMS 0x00000000c4400000, 0x00000000c4400000| Untracked 
|  21|0x00000000c4500000, 0x00000000c4500000, 0x00000000c4600000|  0%| F|  |TAMS 0x00000000c4500000, 0x00000000c4500000| Untracked 
|  22|0x00000000c4600000, 0x00000000c4600000, 0x00000000c4700000|  0%| F|  |TAMS 0x00000000c4600000, 0x00000000c4600000| Untracked 
|  23|0x00000000c4700000, 0x00000000c4700000, 0x00000000c4800000|  0%| F|  |TAMS 0x00000000c4700000, 0x00000000c4700000| Untracked 
|  24|0x00000000c4800000, 0x00000000c4800000, 0x00000000c4900000|  0%| F|  |TAMS 0x00000000c4800000, 0x00000000c4800000| Untracked 
|  25|0x00000000c4900000, 0x00000000c4900000, 0x00000000c4a00000|  0%| F|  |TAMS 0x00000000c4900000, 0x00000000c4900000| Untracked 
|  26|0x00000000c4a00000, 0x00000000c4a00000, 0x00000000c4b00000|  0%| F|  |TAMS 0x00000000c4a00000, 0x00000000c4a00000| Untracked 
|  27|0x00000000c4b00000, 0x00000000c4b00000, 0x00000000c4c00000|  0%| F|  |TAMS 0x00000000c4b00000, 0x00000000c4b00000| Untracked 
|  28|0x00000000c4c00000, 0x00000000c4c00000, 0x00000000c4d00000|  0%| F|  |TAMS 0x00000000c4c00000, 0x00000000c4c00000| Untracked 
|  29|0x00000000c4d00000, 0x00000000c4d00000, 0x00000000c4e00000|  0%| F|  |TAMS 0x00000000c4d00000, 0x00000000c4d00000| Untracked 
|  30|0x00000000c4e00000, 0x00000000c4e00000, 0x00000000c4f00000|  0%| F|  |TAMS 0x00000000c4e00000, 0x00000000c4e00000| Untracked 
|  31|0x00000000c4f00000, 0x00000000c4f00000, 0x00000000c5000000|  0%| F|  |TAMS 0x00000000c4f00000, 0x00000000c4f00000| Untracked 
|  32|0x00000000c5000000, 0x00000000c5000000, 0x00000000c5100000|  0%| F|  |TAMS 0x00000000c5000000, 0x00000000c5000000| Untracked 
|  33|0x00000000c5100000, 0x00000000c5100000, 0x00000000c5200000|  0%| F|  |TAMS 0x00000000c5100000, 0x00000000c5100000| Untracked 
|  34|0x00000000c5200000, 0x00000000c5200000, 0x00000000c5300000|  0%| F|  |TAMS 0x00000000c5200000, 0x00000000c5200000| Untracked 
|  35|0x00000000c5300000, 0x00000000c5300000, 0x00000000c5400000|  0%| F|  |TAMS 0x00000000c5300000, 0x00000000c5300000| Untracked 
|  36|0x00000000c5400000, 0x00000000c5400000, 0x00000000c5500000|  0%| F|  |TAMS 0x00000000c5400000, 0x00000000c5400000| Untracked 
|  37|0x00000000c5500000, 0x00000000c5500000, 0x00000000c5600000|  0%| F|  |TAMS 0x00000000c5500000, 0x00000000c5500000| Untracked 
|  38|0x00000000c5600000, 0x00000000c5600000, 0x00000000c5700000|  0%| F|  |TAMS 0x00000000c5600000, 0x00000000c5600000| Untracked 
|  39|0x00000000c5700000, 0x00000000c5700000, 0x00000000c5800000|  0%| F|  |TAMS 0x00000000c5700000, 0x00000000c5700000| Untracked 
|  40|0x00000000c5800000, 0x00000000c5800000, 0x00000000c5900000|  0%| F|  |TAMS 0x00000000c5800000, 0x00000000c5800000| Untracked 
|  41|0x00000000c5900000, 0x00000000c5900000, 0x00000000c5a00000|  0%| F|  |TAMS 0x00000000c5900000, 0x00000000c5900000| Untracked 
|  42|0x00000000c5a00000, 0x00000000c5a00000, 0x00000000c5b00000|  0%| F|  |TAMS 0x00000000c5a00000, 0x00000000c5a00000| Untracked 
|  43|0x00000000c5b00000, 0x00000000c5b00000, 0x00000000c5c00000|  0%| F|  |TAMS 0x00000000c5b00000, 0x00000000c5b00000| Untracked 
|  44|0x00000000c5c00000, 0x00000000c5c00000, 0x00000000c5d00000|  0%| F|  |TAMS 0x00000000c5c00000, 0x00000000c5c00000| Untracked 
|  45|0x00000000c5d00000, 0x00000000c5d00000, 0x00000000c5e00000|  0%| F|  |TAMS 0x00000000c5d00000, 0x00000000c5d00000| Untracked 
|  46|0x00000000c5e00000, 0x00000000c5e00000, 0x00000000c5f00000|  0%| F|  |TAMS 0x00000000c5e00000, 0x00000000c5e00000| Untracked 
|  47|0x00000000c5f00000, 0x00000000c5fd7f08, 0x00000000c6000000| 84%| E|  |TAMS 0x00000000c5f00000, 0x00000000c5f00000| Complete 
|  48|0x00000000c6000000, 0x00000000c6100000, 0x00000000c6100000|100%| E|CS|TAMS 0x00000000c6000000, 0x00000000c6000000| Complete 
|  49|0x00000000c6100000, 0x00000000c6200000, 0x00000000c6200000|100%| S|CS|TAMS 0x00000000c6100000, 0x00000000c6100000| Complete 
|  50|0x00000000c6200000, 0x00000000c6300000, 0x00000000c6300000|100%| S|CS|TAMS 0x00000000c6200000, 0x00000000c6200000| Complete 
|  51|0x00000000c6300000, 0x00000000c6400000, 0x00000000c6400000|100%| E|CS|TAMS 0x00000000c6300000, 0x00000000c6300000| Complete 
|  52|0x00000000c6400000, 0x00000000c6500000, 0x00000000c6500000|100%| E|CS|TAMS 0x00000000c6400000, 0x00000000c6400000| Complete 
|  53|0x00000000c6500000, 0x00000000c6600000, 0x00000000c6600000|100%| E|CS|TAMS 0x00000000c6500000, 0x00000000c6500000| Complete 
|  54|0x00000000c6600000, 0x00000000c6700000, 0x00000000c6700000|100%| E|CS|TAMS 0x00000000c6600000, 0x00000000c6600000| Complete 
|  55|0x00000000c6700000, 0x00000000c6800000, 0x00000000c6800000|100%| E|CS|TAMS 0x00000000c6700000, 0x00000000c6700000| Complete 
|  56|0x00000000c6800000, 0x00000000c6900000, 0x00000000c6900000|100%| E|CS|TAMS 0x00000000c6800000, 0x00000000c6800000| Complete 
|  57|0x00000000c6900000, 0x00000000c6a00000, 0x00000000c6a00000|100%| E|CS|TAMS 0x00000000c6900000, 0x00000000c6900000| Complete 
|  58|0x00000000c6a00000, 0x00000000c6b00000, 0x00000000c6b00000|100%| E|CS|TAMS 0x00000000c6a00000, 0x00000000c6a00000| Complete 
|  59|0x00000000c6b00000, 0x00000000c6c00000, 0x00000000c6c00000|100%| E|CS|TAMS 0x00000000c6b00000, 0x00000000c6b00000| Complete 
|  60|0x00000000c6c00000, 0x00000000c6d00000, 0x00000000c6d00000|100%| E|CS|TAMS 0x00000000c6c00000, 0x00000000c6c00000| Complete 
|  61|0x00000000c6d00000, 0x00000000c6e00000, 0x00000000c6e00000|100%| E|CS|TAMS 0x00000000c6d00000, 0x00000000c6d00000| Complete 

Card table byte_map: [0x000002e3ffbe0000,0x000002e3ffdd0000] _byte_map_base: 0x000002e3ff5c8000

Marking Bits (Prev, Next): (CMBitMap*) 0x000002e3fef2c5b8, (CMBitMap*) 0x000002e3fef2c5f0
 Prev Bits: [0x000002e393e50000, 0x000002e394d90000)
 Next Bits: [0x000002e394d90000, 0x000002e395cd0000)

Polling page: 0x000002e3fefe0000

Metaspace:

Usage:
  Non-class:     12.23 MB capacity,    12.10 MB ( 99%) used,   121.52 KB ( <1%) free+waste,    19.63 KB ( <1%) overhead. 
      Class:      1.66 MB capacity,     1.55 MB ( 93%) used,   104.51 KB (  6%) free+waste,     9.75 KB ( <1%) overhead. 
       Both:     13.90 MB capacity,    13.65 MB ( 98%) used,   226.02 KB (  2%) free+waste,    29.38 KB ( <1%) overhead. 

Virtual space:
  Non-class space:       14.00 MB reserved,      12.25 MB ( 88%) committed 
      Class space:        1.00 GB reserved,       1.75 MB ( <1%) committed 
             Both:        1.01 GB reserved,      14.00 MB (  1%) committed 

Chunk freelists:
   Non-Class:  17.00 KB
       Class:  25.00 KB
        Both:  42.00 KB

MaxMetaspaceSize: 17179869184.00 GB
CompressedClassSpaceSize: 1.00 GB
Initial GC threshold: 20.80 MB
Current GC threshold: 20.80 MB
CDS: off

CodeHeap 'non-profiled nmethods': size=120064Kb used=428Kb max_used=428Kb free=119636Kb
 bounds [0x000002e38c910000, 0x000002e38cb80000, 0x000002e393e50000]
CodeHeap 'profiled nmethods': size=120000Kb used=2029Kb max_used=2029Kb free=117970Kb
 bounds [0x000002e3853e0000, 0x000002e385650000, 0x000002e38c910000]
CodeHeap 'non-nmethods': size=5696Kb used=1136Kb max_used=1150Kb free=4559Kb
 bounds [0x000002e384e50000, 0x000002e3850c0000, 0x000002e3853e0000]
 total_blobs=1513 nmethods=1118 adapters=309
 compilation: enabled
              stopped_count=0, restarted_count=0
 full_count=0

Compilation events (20 events):
Event: 5.674 Thread 0x000002e398c4a000 1107       3       java.util.concurrent.ConcurrentHashMap$EntryIterator::next (51 bytes)
Event: 5.674 Thread 0x000002e398c4a000 nmethod 1107 0x000002e3855da610 code [0x000002e3855da800, 0x000002e3855dacf8]
Event: 5.674 Thread 0x000002e398c4a000 1108       3       java.lang.Integer::reverseBytes (26 bytes)
Event: 5.675 Thread 0x000002e398c4a000 nmethod 1108 0x000002e3855dae90 code [0x000002e3855db040, 0x000002e3855db158]
Event: 5.675 Thread 0x000002e398c4a000 1109       1       java.nio.charset.Charset::name (5 bytes)
Event: 5.675 Thread 0x000002e398ae5800 1110       4       java.lang.ThreadLocal::getMap (5 bytes)
Event: 5.675 Thread 0x000002e398c4a000 nmethod 1109 0x000002e38c978f90 code [0x000002e38c979140, 0x000002e38c9791f8]
Event: 5.675 Thread 0x000002e398ae5800 nmethod 1110 0x000002e38c979290 code [0x000002e38c979420, 0x000002e38c979498]
Event: 5.695 Thread 0x000002e398c4a000 1111       3       java.lang.invoke.MethodHandleNatives::refKindHasReceiver (33 bytes)
Event: 5.695 Thread 0x000002e398c4a000 nmethod 1111 0x000002e3855db210 code [0x000002e3855db3c0, 0x000002e3855db518]
Event: 5.809 Thread 0x000002e398c4a000 1112       1       java.util.concurrent.locks.AbstractOwnableSynchronizer::getExclusiveOwnerThread (5 bytes)
Event: 5.809 Thread 0x000002e398c4a000 nmethod 1112 0x000002e38c979590 code [0x000002e38c979740, 0x000002e38c9797f8]
Event: 5.906 Thread 0x000002e398c4a000 1113       1       java.util.concurrent.atomic.AtomicInteger::get (5 bytes)
Event: 5.906 Thread 0x000002e398c4a000 nmethod 1113 0x000002e38c979890 code [0x000002e38c979a40, 0x000002e38c979af8]
Event: 6.205 Thread 0x000002e398c4a000 1114       1       java.util.concurrent.locks.AbstractQueuedSynchronizer::setState (6 bytes)
Event: 6.205 Thread 0x000002e398c4a000 nmethod 1114 0x000002e38c979b90 code [0x000002e38c979d40, 0x000002e38c979df8]
Event: 7.360 Thread 0x000002e398c4a000 1116       3       sun.nio.fs.WindowsPathParser::parse (384 bytes)
Event: 7.360 Thread 0x000002e398ae5800 1118       4       jdk.internal.misc.Unsafe::getInt (7 bytes)
Event: 7.361 Thread 0x000002e398ae5800 nmethod 1118 0x000002e38c97a290 code [0x000002e38c97a420, 0x000002e38c97a498]
Event: 7.366 Thread 0x000002e398ae5800 1121       4       java.lang.Integer::reverseBytes (26 bytes)

GC Heap History (4 events):
Event: 2.279 GC heap before
{Heap before GC invocations=0 (full 0):
 garbage-first heap   total 63488K, used 16384K [0x00000000c3000000, 0x0000000100000000)
  region size 1024K, 14 young (14336K), 0 survivors (0K)
 Metaspace       used 8393K, capacity 8615K, committed 8832K, reserved 1056768K
  class space    used 746K, capacity 824K, committed 896K, reserved 1048576K
}
Event: 2.313 GC heap after
{Heap after GC invocations=1 (full 0):
 garbage-first heap   total 63488K, used 3494K [0x00000000c3000000, 0x0000000100000000)
  region size 1024K, 2 young (2048K), 2 survivors (2048K)
 Metaspace       used 8393K, capacity 8615K, committed 8832K, reserved 1056768K
  class space    used 746K, capacity 824K, committed 896K, reserved 1048576K
}
Event: 3.800 GC heap before
{Heap before GC invocations=1 (full 0):
 garbage-first heap   total 63488K, used 17830K [0x00000000c3000000, 0x0000000100000000)
  region size 1024K, 13 young (13312K), 2 survivors (2048K)
 Metaspace       used 10902K, capacity 11164K, committed 11264K, reserved 1058816K
  class space    used 1123K, capacity 1210K, committed 1280K, reserved 1048576K
}
Event: 3.808 GC heap after
{Heap after GC invocations=2 (full 0):
 garbage-first heap   total 63488K, used 9592K [0x00000000c3000000, 0x0000000100000000)
  region size 1024K, 2 young (2048K), 2 survivors (2048K)
 Metaspace       used 10902K, capacity 11164K, committed 11264K, reserved 1058816K
  class space    used 1123K, capacity 1210K, committed 1280K, reserved 1048576K
}

Deoptimization events (20 events):
Event: 3.374 Thread 0x000002e3fef04000 Uncommon trap: trap_request=0xffffffde fr.pc=0x000002e38c92d140 relative=0x00000000000003a0
Event: 3.374 Thread 0x000002e3fef04000 Uncommon trap: reason=class_check action=maybe_recompile pc=0x000002e38c92d140 method=java.util.regex.Matcher.match(II)Z @ 121 c2
Event: 3.374 Thread 0x000002e3fef04000 DEOPT PACKING pc=0x000002e38c92d140 sp=0x000000f5160fccd0
Event: 3.374 Thread 0x000002e3fef04000 DEOPT UNPACKING pc=0x000002e384e9a1a9 sp=0x000000f5160fcc78 mode 2
Event: 3.394 Thread 0x000002e3fef04000 Uncommon trap: trap_request=0xffffff4d fr.pc=0x000002e38c9523cc relative=0x000000000000020c
Event: 3.394 Thread 0x000002e3fef04000 Uncommon trap: reason=unstable_if action=reinterpret pc=0x000002e38c9523cc method=java.util.HashMap.hash(Ljava/lang/Object;)I @ 1 c2
Event: 3.394 Thread 0x000002e3fef04000 DEOPT PACKING pc=0x000002e38c9523cc sp=0x000000f5160fcdb0
Event: 3.394 Thread 0x000002e3fef04000 DEOPT UNPACKING pc=0x000002e384e9a1a9 sp=0x000000f5160fcce8 mode 2
Event: 5.367 Thread 0x000002e3fef04000 DEOPT PACKING pc=0x000002e3854ce8b0 sp=0x000000f5160f8690
Event: 5.368 Thread 0x000002e3fef04000 DEOPT UNPACKING pc=0x000002e384e9a93f sp=0x000000f5160f7ba8 mode 0
Event: 5.409 Thread 0x000002e3fef04000 Uncommon trap: trap_request=0xffffff4d fr.pc=0x000002e38c968e84 relative=0x00000000000001c4
Event: 5.409 Thread 0x000002e3fef04000 Uncommon trap: reason=unstable_if action=reinterpret pc=0x000002e38c968e84 method=java.util.HashMap.getNode(ILjava/lang/Object;)Ljava/util/HashMap$Node; @ 129 c2
Event: 5.409 Thread 0x000002e3fef04000 DEOPT PACKING pc=0x000002e38c968e84 sp=0x000000f5160fa4a0
Event: 5.409 Thread 0x000002e3fef04000 DEOPT UNPACKING pc=0x000002e384e9a1a9 sp=0x000000f5160fa3a0 mode 2
Event: 5.412 Thread 0x000002e3fef04000 DEOPT PACKING pc=0x000002e3854844ff sp=0x000000f5160f8280
Event: 5.412 Thread 0x000002e3fef04000 DEOPT UNPACKING pc=0x000002e384e9a93f sp=0x000000f5160f76d0 mode 0
Event: 7.345 Thread 0x000002e3fef04000 Uncommon trap: trap_request=0xffffff4d fr.pc=0x000002e38c967178 relative=0x0000000000001818
Event: 7.346 Thread 0x000002e3fef04000 Uncommon trap: reason=unstable_if action=reinterpret pc=0x000002e38c967178 method=java.io.WinNTFileSystem.normalize(Ljava/lang/String;)Ljava/lang/String; @ 128 c2
Event: 7.346 Thread 0x000002e3fef04000 DEOPT PACKING pc=0x000002e38c967178 sp=0x000000f5160f9fd0
Event: 7.346 Thread 0x000002e3fef04000 DEOPT UNPACKING pc=0x000002e384e9a1a9 sp=0x000000f5160f9fa8 mode 2

Classes redefined (0 events):
No events

Internal exceptions (11 events):
Event: 1.021 Thread 0x000002e3fef04000 Exception <a 'java/lang/NoSuchMethodError'{0x00000000c6c88ad0}: 'int java.lang.invoke.DirectMethodHandle$Holder.invokeSpecialIFC(java.lang.Object, java.lang.Object, int)'> (0x00000000c6c88ad0) thrown at [./src/hotspot/share/interpreter/linkResolver.cpp, line 773]
Event: 1.427 Thread 0x000002e3fef04000 Exception <a 'java/lang/NoSuchMethodError'{0x00000000c6a58aa0}: 'int java.lang.invoke.DirectMethodHandle$Holder.invokeStaticInit(java.lang.Object, java.lang.Object)'> (0x00000000c6a58aa0) thrown at [./src/hotspot/share/interpreter/linkResolver.cpp, line 773]
Event: 1.526 Thread 0x000002e3fef04000 Exception <a 'java/lang/NoSuchMethodError'{0x00000000c6922d40}: 'int java.lang.invoke.DirectMethodHandle$Holder.invokeSpecial(java.lang.Object, java.lang.Object, java.lang.Object, java.lang.Object)'> (0x00000000c6922d40) thrown at [./src/hotspot/share/interpreter/linkResolver.cpp, line 773]
Event: 3.394 Thread 0x000002e3fef04000 Implicit null exception at 0x000002e38c9521f5 to 0x000002e38c9523bc
Event: 3.500 Thread 0x000002e3fef04000 Exception <a 'java/lang/NoClassDefFoundError'{0x00000000c65de2c8}: org/slf4j/impl/StaticMarkerBinder> (0x00000000c65de2c8) thrown at [./src/hotspot/share/classfile/systemDictionary.cpp, line 220]
Event: 3.627 Thread 0x000002e3fef04000 Exception <a 'java/lang/NoSuchMethodError'{0x00000000c64d3560}: 'java.lang.Object java.lang.invoke.DirectMethodHandle$Holder.invokeVirtual(java.lang.Object, java.lang.Object, java.lang.Object, java.lang.Object, java.lang.Object, java.lang.Object, java.lang.Object)'> (0x00000000c64d3560) thrown at [./src/hotspot/share/interpreter/linkResolver.cpp, line 773]
Event: 3.632 Thread 0x000002e3fef04000 Exception <a 'java/lang/NoSuchMethodError'{0x00000000c64e77a8}: 'java.lang.Object java.lang.invoke.Invokers$Holder.invoker(java.lang.Object, java.lang.Object, java.lang.Object)'> (0x00000000c64e77a8) thrown at [./src/hotspot/share/interpreter/linkResolver.cpp, line 773]
Event: 3.642 Thread 0x000002e3fef04000 Exception <a 'java/lang/NoSuchMethodError'{0x00000000c64f8300}: 'void java.lang.invoke.DelegatingMethodHandle$Holder.delegate(java.lang.Object, java.lang.Object, int, java.lang.Object)'> (0x00000000c64f8300) thrown at [./src/hotspot/share/interpreter/linkResolver.cpp, line 773]
Event: 4.157 Thread 0x000002e3fef04000 Exception <a 'java/lang/NoSuchMethodError'{0x00000000c680b308}: 'java.lang.Object java.lang.invoke.DirectMethodHandle$Holder.invokeInterface(java.lang.Object, java.lang.Object, java.lang.Object)'> (0x00000000c680b308) thrown at [./src/hotspot/share/interpreter/linkResolver.cpp, line 773]
Event: 4.584 Thread 0x000002e3fef04000 Exception <a 'java/lang/NoSuchMethodError'{0x00000000c66a91c8}: 'java.lang.Object java.lang.invoke.DirectMethodHandle$Holder.invokeStaticInit(java.lang.Object, java.lang.Object, java.lang.Object)'> (0x00000000c66a91c8) thrown at [./src/hotspot/share/interpreter/linkResolver.cpp, line 773]
Event: 5.647 Thread 0x000002e3fef04000 Exception <a 'java/lang/NoSuchMethodError'{0x00000000c5f7faf8}: 'java.lang.Object java.lang.invoke.DirectMethodHandle$Holder.invokeStaticInit(java.lang.Object, int, int, int, int)'> (0x00000000c5f7faf8) thrown at [./src/hotspot/share/interpreter/linkResolver.cpp, line 773]

Events (20 events):
Event: 5.706 loading class java/net/DefaultInterface
Event: 5.707 loading class java/net/DefaultInterface done
Event: 7.225 loading class java/net/NetworkInterface$2
Event: 7.225 loading class java/net/NetworkInterface$2 done
Event: 7.346 loading class java/nio/file/Files$AcceptAllFilter
Event: 7.346 loading class java/nio/file/DirectoryStream$Filter
Event: 7.346 loading class java/nio/file/DirectoryStream$Filter done
Event: 7.346 loading class java/nio/file/Files$AcceptAllFilter done
Event: 7.346 loading class sun/nio/fs/WindowsDirectoryStream
Event: 7.347 loading class java/nio/file/DirectoryStream
Event: 7.348 loading class java/nio/file/DirectoryStream done
Event: 7.348 loading class sun/nio/fs/WindowsDirectoryStream done
Event: 7.357 loading class sun/nio/fs/WindowsDirectoryStream$WindowsDirectoryIterator
Event: 7.358 loading class sun/nio/fs/WindowsDirectoryStream$WindowsDirectoryIterator done
Event: 7.358 loading class sun/nio/fs/WindowsPath$WindowsPathWithAttributes
Event: 7.358 loading class sun/nio/fs/BasicFileAttributesHolder
Event: 7.358 loading class sun/nio/fs/BasicFileAttributesHolder done
Event: 7.358 loading class sun/nio/fs/WindowsPath$WindowsPathWithAttributes done
Event: 7.358 Executing VM operation: Deoptimize
Event: 7.358 Executing VM operation: Deoptimize done


Dynamic libraries:
0x00007ff7fb350000 - 0x00007ff7fb35a000 	C:\Program Files\Android\Android Studio\jre\bin\java.exe
0x00007ffc07820000 - 0x00007ffc07a29000 	C:\Windows\SYSTEM32\ntdll.dll
0x00007ffc069f0000 - 0x00007ffc06aad000 	C:\Windows\System32\KERNEL32.DLL
0x00007ffc05270000 - 0x00007ffc055e9000 	C:\Windows\System32\KERNELBASE.dll
0x00007ffc04df0000 - 0x00007ffc04f01000 	C:\Windows\System32\ucrtbase.dll
0x00007ffbfeb20000 - 0x00007ffbfeb39000 	C:\Program Files\Android\Android Studio\jre\bin\jli.dll
0x00007ffc058e0000 - 0x00007ffc05a8c000 	C:\Windows\System32\USER32.dll
0x00007ffc051a0000 - 0x00007ffc051c6000 	C:\Windows\System32\win32u.dll
0x00007ffc072d0000 - 0x00007ffc072f9000 	C:\Windows\System32\GDI32.dll
0x00007ffc05080000 - 0x00007ffc05192000 	C:\Windows\System32\gdi32full.dll
0x00007ffc051d0000 - 0x00007ffc0526d000 	C:\Windows\System32\msvcp_win.dll
0x00007ffbf39d0000 - 0x00007ffbf39e7000 	C:\Program Files\Android\Android Studio\jre\bin\VCRUNTIME140.dll
0x00007ffbf1050000 - 0x00007ffbf12f5000 	C:\Windows\WinSxS\amd64_microsoft.windows.common-controls_6595b64144ccf1df_6.0.22000.120_none_9d947278b86cc467\COMCTL32.dll
0x00007ffc05a90000 - 0x00007ffc05b33000 	C:\Windows\System32\msvcrt.dll
0x00007ffc07290000 - 0x00007ffc072c1000 	C:\Windows\System32\IMM32.DLL
0x00007ffbda620000 - 0x00007ffbda6bd000 	C:\Program Files\Android\Android Studio\jre\bin\msvcp140.dll
0x00007ffbb85d0000 - 0x00007ffbb90d2000 	C:\Program Files\Android\Android Studio\jre\bin\server\jvm.dll
0x00007ffc05830000 - 0x00007ffc058de000 	C:\Windows\System32\ADVAPI32.dll
0x00007ffc07080000 - 0x00007ffc0711e000 	C:\Windows\System32\sechost.dll
0x00007ffc06310000 - 0x00007ffc06430000 	C:\Windows\System32\RPCRT4.dll
0x00007ffc069e0000 - 0x00007ffc069e8000 	C:\Windows\System32\PSAPI.DLL
0x00007ffc01d80000 - 0x00007ffc01d89000 	C:\Windows\SYSTEM32\WSOCK32.dll
0x00007ffc07120000 - 0x00007ffc0718f000 	C:\Windows\System32\WS2_32.dll
0x00007ffbf2f30000 - 0x00007ffbf2f3a000 	C:\Windows\SYSTEM32\VERSION.dll
0x00007ffbfdb20000 - 0x00007ffbfdb53000 	C:\Windows\SYSTEM32\WINMM.dll
0x00007ffc03dc0000 - 0x00007ffc03dd8000 	C:\Windows\SYSTEM32\kernel.appcore.dll
0x00007ffbee390000 - 0x00007ffbee3a1000 	C:\Program Files\Android\Android Studio\jre\bin\verify.dll
0x00007ffc027f0000 - 0x00007ffc02a11000 	C:\Windows\SYSTEM32\DBGHELP.DLL
0x00007ffbf19d0000 - 0x00007ffbf1a01000 	C:\Windows\SYSTEM32\dbgcore.DLL
0x00007ffc04d70000 - 0x00007ffc04def000 	C:\Windows\System32\bcryptPrimitives.dll
0x00007ffbee360000 - 0x00007ffbee389000 	C:\Program Files\Android\Android Studio\jre\bin\java.dll
0x00007ffbfeb10000 - 0x00007ffbfeb1b000 	C:\Program Files\Android\Android Studio\jre\bin\jimage.dll
0x00007ffbee340000 - 0x00007ffbee358000 	C:\Program Files\Android\Android Studio\jre\bin\zip.dll
0x00007ffc05b40000 - 0x00007ffc062f8000 	C:\Windows\System32\SHELL32.dll
0x00007ffc02e30000 - 0x00007ffc03697000 	C:\Windows\SYSTEM32\windows.storage.dll
0x00007ffc06520000 - 0x00007ffc06899000 	C:\Windows\System32\combase.dll
0x00007ffc02cc0000 - 0x00007ffc02e26000 	C:\Windows\SYSTEM32\wintypes.dll
0x00007ffc07190000 - 0x00007ffc0727a000 	C:\Windows\System32\SHCORE.dll
0x00007ffc05740000 - 0x00007ffc0579d000 	C:\Windows\System32\shlwapi.dll
0x00007ffc04c30000 - 0x00007ffc04c51000 	C:\Windows\SYSTEM32\profapi.dll
0x00007ffbee290000 - 0x00007ffbee2aa000 	C:\Program Files\Android\Android Studio\jre\bin\net.dll
0x00007ffbfc120000 - 0x00007ffbfc22c000 	C:\Windows\SYSTEM32\WINHTTP.dll
0x00007ffc041f0000 - 0x00007ffc04257000 	C:\Windows\system32\mswsock.dll
0x00007ffbee270000 - 0x00007ffbee284000 	C:\Program Files\Android\Android Studio\jre\bin\nio.dll
0x00007ffbe9f50000 - 0x00007ffbe9f77000 	C:\Users\Acer\.gradle\native\e1d6ef7f7dcc3fd88c89a11ec53ec762bb8ba0a96d01ffa2cd45eb1d1d8dd5c5\windows-amd64\native-platform.dll
0x00007ffbeec30000 - 0x00007ffbeec3a000 	C:\Program Files\Android\Android Studio\jre\bin\management.dll
0x00007ffbee330000 - 0x00007ffbee33d000 	C:\Program Files\Android\Android Studio\jre\bin\management_ext.dll
0x00007ffc04420000 - 0x00007ffc04438000 	C:\Windows\SYSTEM32\CRYPTSP.dll
0x00007ffc03d20000 - 0x00007ffc03d55000 	C:\Windows\system32\rsaenh.dll
0x00007ffc042c0000 - 0x00007ffc042e9000 	C:\Windows\SYSTEM32\USERENV.dll
0x00007ffc04660000 - 0x00007ffc04687000 	C:\Windows\SYSTEM32\bcrypt.dll
0x00007ffc04440000 - 0x00007ffc0444c000 	C:\Windows\SYSTEM32\CRYPTBASE.dll
0x00007ffc038f0000 - 0x00007ffc0391d000 	C:\Windows\SYSTEM32\IPHLPAPI.DLL
0x00007ffc07280000 - 0x00007ffc07289000 	C:\Windows\System32\NSI.dll
0x00007ffbfbe40000 - 0x00007ffbfbe59000 	C:\Windows\SYSTEM32\dhcpcsvc6.DLL
0x00007ffbfd5f0000 - 0x00007ffbfd60e000 	C:\Windows\SYSTEM32\dhcpcsvc.DLL
0x00007ffc03960000 - 0x00007ffc03a48000 	C:\Windows\SYSTEM32\DNSAPI.dll

dbghelp: loaded successfully - version: 4.0.5 - missing functions: none
symbol engine: initialized successfully - sym options: 0x614 - pdb path: .;C:\Program Files\Android\Android Studio\jre\bin;C:\Windows\SYSTEM32;C:\Windows\WinSxS\amd64_microsoft.windows.common-controls_6595b64144ccf1df_6.0.22000.120_none_9d947278b86cc467;C:\Program Files\Android\Android Studio\jre\bin\server;C:\Users\Acer\.gradle\native\e1d6ef7f7dcc3fd88c89a11ec53ec762bb8ba0a96d01ffa2cd45eb1d1d8dd5c5\windows-amd64

VM Arguments:
jvm_args: -Dorg.gradle.appname=gradlew 
java_command: org.gradle.wrapper.GradleWrapperMain -q -Ptarget-platform=android-arm64 -Ptarget=C:\Dart\SampurnaGroupMobile\lib\main.dart -Pbase-application-name=android.app.Application -Pdart-defines=RkxVVFRFUl9XRUJfQVVUT19ERVRFQ1Q9dHJ1ZQ== -Pdart-obfuscation=false -Ptrack-widget-creation=true -Ptree-shake-icons=false -Pfilesystem-scheme=org-dartlang-root assembleDebug
java_class_path (initial): C:\Dart\SampurnaGroupMobile\android\\gradle\wrapper\gradle-wrapper.jar
Launcher Type: SUN_STANDARD

[Global flags]
     intx CICompilerCount                          = 3                                         {product} {ergonomic}
     uint ConcGCThreads                            = 1                                         {product} {ergonomic}
     uint G1ConcRefinementThreads                  = 4                                         {product} {ergonomic}
   size_t G1HeapRegionSize                         = 1048576                                   {product} {ergonomic}
    uintx GCDrainStackTargetSize                   = 64                                        {product} {ergonomic}
   size_t InitialHeapSize                          = 65011712                                  {product} {ergonomic}
   size_t MarkStackSize                            = 4194304                                   {product} {ergonomic}
   size_t MaxHeapSize                              = 1023410176                                {product} {ergonomic}
   size_t MaxNewSize                               = 613416960                                 {product} {ergonomic}
   size_t MinHeapDeltaBytes                        = 1048576                                   {product} {ergonomic}
    uintx NonNMethodCodeHeapSize                   = 5830732                                {pd product} {ergonomic}
    uintx NonProfiledCodeHeapSize                  = 122913754                              {pd product} {ergonomic}
    uintx ProfiledCodeHeapSize                     = 122913754                              {pd product} {ergonomic}
    uintx ReservedCodeCacheSize                    = 251658240                              {pd product} {ergonomic}
     bool SegmentedCodeCache                       = true                                      {product} {ergonomic}
     bool UseCompressedClassPointers               = true                                 {lp64_product} {ergonomic}
     bool UseCompressedOops                        = true                                 {lp64_product} {ergonomic}
     bool UseG1GC                                  = true                                      {product} {ergonomic}
     bool UseLargePagesIndividualAllocation        = false                                  {pd product} {ergonomic}

Logging:
Log output configuration:
 #0: stdout all=warning uptime,level,tags
 #1: stderr all=off uptime,level,tags

Environment Variables:
JAVA_HOME=C:\Program Files\Android\Android Studio\jre
CLASSPATH=C:\Dart\SampurnaGroupMobile\android\\gradle\wrapper\gradle-wrapper.jar
PATH=C:\Program Files\Microsoft\jdk-11.0.12.7-hotspot\bin;C:\Program Files (x86)\Common Files\Oracle\Java\javapath;C:\Windows\system32;C:\Windows;C:\Windows\System32\Wbem;C:\Windows\System32\WindowsPowerShell\v1.0\;C:\Windows\System32\OpenSSH\;C:\Program Files\nodejs\;C:\flutter\bin;C:\xampp\php;C:\ProgramData\ComposerSetup\bin;C:\Users\Acer\AppData\Local\Microsoft\WindowsApps;C:\Users\Acer\AppData\Roaming\npm;C:\Users\Acer\AppData\Local\Programs\Microsoft VS Code\bin;C:\Users\Acer\AppData\Local\GitHubDesktop\bin;C:\flutter\bin;%ANDROID_HOME%\platform-tools;%ANDROID_HOME%\tools;C:\Users\Acer\AppData\Roaming\Composer\vendor\bin;;C:\flutter\bin\mingit\cmd
USERNAME=Acer
OS=Windows_NT
PROCESSOR_IDENTIFIER=Intel64 Family 6 Model 156 Stepping 0, GenuineIntel



---------------  S Y S T E M  ---------------

OS: Windows 11 , 64 bit Build 22000 (10.0.22000.708)
OS uptime: 2 days 7:15 hours
Hyper-V role detected

CPU:total 4 (initial active 4) (4 cores per cpu, 1 threads per core) family 6 model 156 stepping 0 microcode 0x1d, cmov, cx8, fxsr, mmx, sse, sse2, sse3, ssse3, sse4.1, sse4.2, popcnt, aes, clmul, erms, 3dnowpref, tsc, tscinvbit, sha

Memory: 4k page, system-wide physical 3901M (271M free)
TotalPageFile size 15677M (AvailPageFile size 0M)
current process WorkingSet (physical memory assigned to process): 78M, peak: 81M
current process commit charge ("private bytes"): 148M, peak: 151M

vm_info: OpenJDK 64-Bit Server VM (11.0.13+0-b1751.21-8125866) for windows-amd64 JRE (11.0.13+0-b1751.21-8125866), built on Feb  2 2022 03:00:22 by "builder" with MS VC++ 14.0 (VS2015)

END.
